Building DAG of jobs...
Using shell: /bin/bash
Provided cores: 16
Rules claiming more threads will be scaled down.
Job counts:
	count	jobs
	4	ngmlr_align
	1	parse_nanopore
	5

[Sun Mar 10 10:43:07 2019]
rule ngmlr_align:
    input: data/nanopore/reads/CHOZNStableNoglnDay0rep3.fastq.gz
    output: data/nanopore/bam/CHOZNStableNoglnDay0rep3.sorted.bam
    jobid: 2
    wildcards: dir=data/nanopore, sample=CHOZNStableNoglnDay0rep3
    threads: 16

[Sun Mar 10 10:47:55 2019]
Finished job 2.
1 of 5 steps (20%) done

[Sun Mar 10 10:47:55 2019]
rule ngmlr_align:
    input: data/nanopore/reads/CHOZNUnstableNoglnDay0rep3.fastq.gz
    output: data/nanopore/bam/CHOZNUnstableNoglnDay0rep3.sorted.bam
    jobid: 3
    wildcards: dir=data/nanopore, sample=CHOZNUnstableNoglnDay0rep3
    threads: 16

[Sun Mar 10 10:51:59 2019]
Finished job 3.
2 of 5 steps (40%) done

[Sun Mar 10 10:51:59 2019]
rule ngmlr_align:
    input: data/nanopore/reads/CHOZNUnstableNoglnDay0rep2.fastq.gz
    output: data/nanopore/bam/CHOZNUnstableNoglnDay0rep2.sorted.bam
    jobid: 4
    wildcards: dir=data/nanopore, sample=CHOZNUnstableNoglnDay0rep2
    threads: 16

[Sun Mar 10 10:54:44 2019]
Finished job 4.
3 of 5 steps (60%) done

[Sun Mar 10 10:54:44 2019]
rule ngmlr_align:
    input: data/nanopore/reads/CHOZNStableNoglnDay0rep2.fastq.gz
    output: data/nanopore/bam/CHOZNStableNoglnDay0rep2.sorted.bam
    jobid: 1
    wildcards: dir=data/nanopore, sample=CHOZNStableNoglnDay0rep2
    threads: 16

[Sun Mar 10 10:56:55 2019]
Finished job 1.
4 of 5 steps (80%) done

[Sun Mar 10 10:56:55 2019]
localrule parse_nanopore:
    input: data/nanopore/bam/CHOZNStableNoglnDay0rep2.sorted.bam, data/nanopore/bam/CHOZNStableNoglnDay0rep3.sorted.bam, data/nanopore/bam/CHOZNUnstableNoglnDay0rep2.sorted.bam, data/nanopore/bam/CHOZNUnstableNoglnDay0rep3.sorted.bam
    jobid: 0

[Sun Mar 10 10:56:55 2019]
Finished job 0.
5 of 5 steps (100%) done
Complete log: /home/isac/Code/projects/ambic-epigenome/.snakemake/log/2019-03-10T104306.904666.snakemake.log
