Building DAG of jobs...
Using shell: /bin/bash
Provided cores: 16
Rules claiming more threads will be scaled down.
Job counts:
	count	jobs
	4	mbed_to_mfreq
	4	mtsv_to_mbed
	1	parse_nanopore
	9

[Sun Mar 10 18:41:05 2019]
rule mtsv_to_mbed:
    input: data/nanopore/mcall/CHOZNStableNoglnDay0rep2.cpg.meth.tsv.gz
    output: data/nanopore/mbed/CHOZNStableNoglnDay0rep2.cpg.meth.bed.gz
    jobid: 8
    wildcards: dir=data/nanopore, sample=CHOZNStableNoglnDay0rep2


[Sun Mar 10 18:41:05 2019]
rule mtsv_to_mbed:
    input: data/nanopore/mcall/CHOZNStableNoglnDay0rep3.cpg.meth.tsv.gz
    output: data/nanopore/mbed/CHOZNStableNoglnDay0rep3.cpg.meth.bed.gz
    jobid: 5
    wildcards: dir=data/nanopore, sample=CHOZNStableNoglnDay0rep3


[Sun Mar 10 18:41:05 2019]
rule mtsv_to_mbed:
    input: data/nanopore/mcall/CHOZNUnstableNoglnDay0rep2.cpg.meth.tsv.gz
    output: data/nanopore/mbed/CHOZNUnstableNoglnDay0rep2.cpg.meth.bed.gz
    jobid: 6
    wildcards: dir=data/nanopore, sample=CHOZNUnstableNoglnDay0rep2


[Sun Mar 10 18:41:05 2019]
rule mtsv_to_mbed:
    input: data/nanopore/mcall/CHOZNUnstableNoglnDay0rep3.cpg.meth.tsv.gz
    output: data/nanopore/mbed/CHOZNUnstableNoglnDay0rep3.cpg.meth.bed.gz
    jobid: 7
    wildcards: dir=data/nanopore, sample=CHOZNUnstableNoglnDay0rep3

[Sun Mar 10 18:41:08 2019]
Finished job 8.
1 of 9 steps (11%) done

[Sun Mar 10 18:41:08 2019]
rule mbed_to_mfreq:
    input: data/nanopore/mbed/CHOZNStableNoglnDay0rep2.cpg.meth.bed.gz
    output: data/nanopore/mfreq/CHOZNStableNoglnDay0rep2.cpg.mfreq.txt.gz, data/nanopore/mfreq/CHOZNStableNoglnDay0rep2.cpg.mfreq.log
    jobid: 4
    wildcards: dir=data/nanopore, sample=CHOZNStableNoglnDay0rep2, mod=cpg

[Sun Mar 10 18:41:08 2019]
Error in rule mbed_to_mfreq:
    jobid: 4
    output: data/nanopore/mfreq/CHOZNStableNoglnDay0rep2.cpg.mfreq.txt.gz, data/nanopore/mfreq/CHOZNStableNoglnDay0rep2.cpg.mfreq.log

RuleException:
CalledProcessError in line 73 of /home/isac/Code/projects/ambic-epigenome/snakemake/nanopore_data_parse.smk:
Command ' set -euo pipefail;  python -u /home/isac/Code/projects/ambic-epigenome/script/parseMethylbed.py frequency -v -i data/nanopore/mbed/CHOZNStableNoglnDay0rep2.cpg.meth.bed.gz -m cpg 2> data/nanopore/mfreq/CHOZNStableNoglnDay0rep2.cpg.mfreq.log | bgzip > data/nanopore/mfreq/CHOZNStableNoglnDay0rep2.cpg.mfreq.txt.gz && tabix -b 2 -e 2 data/nanopore/mfreq/CHOZNStableNoglnDay0rep2.cpg.mfreq.txt.gz ' returned non-zero exit status 2.
  File "/home/isac/Code/projects/ambic-epigenome/snakemake/nanopore_data_parse.smk", line 73, in __rule_mbed_to_mfreq
  File "/home/isac/.conda/envs/isacenv/lib/python3.6/concurrent/futures/thread.py", line 56, in run
Removing output files of failed job mbed_to_mfreq since they might be corrupted:
data/nanopore/mfreq/CHOZNStableNoglnDay0rep2.cpg.mfreq.txt.gz, data/nanopore/mfreq/CHOZNStableNoglnDay0rep2.cpg.mfreq.log
[Sun Mar 10 18:41:10 2019]
Finished job 6.
2 of 9 steps (22%) done
[Sun Mar 10 18:41:11 2019]
Finished job 7.
3 of 9 steps (33%) done
[Sun Mar 10 18:41:11 2019]
Finished job 5.
4 of 9 steps (44%) done
Shutting down, this might take some time.
Exiting because a job execution failed. Look above for error message
Complete log: /home/isac/Code/projects/ambic-epigenome/.snakemake/log/2019-03-10T184104.848694.snakemake.log
