Building DAG of jobs...
Using shell: /bin/bash
Provided cores: 16
Rules claiming more threads will be scaled down.
Job counts:
	count	jobs
	4	mbed_to_mfreq
	1	parse_nanopore
	5

[Sun Mar 10 18:44:52 2019]
rule mbed_to_mfreq:
    input: data/nanopore/mbed/CHOZNUnstableNoglnDay0rep2.cpg.meth.bed.gz
    output: data/nanopore/mfreq/CHOZNUnstableNoglnDay0rep2.cpg.mfreq.txt.gz, data/nanopore/mfreq/CHOZNUnstableNoglnDay0rep2.cpg.mfreq.log
    jobid: 4
    wildcards: dir=data/nanopore, sample=CHOZNUnstableNoglnDay0rep2, mod=cpg


[Sun Mar 10 18:44:52 2019]
rule mbed_to_mfreq:
    input: data/nanopore/mbed/CHOZNStableNoglnDay0rep3.cpg.meth.bed.gz
    output: data/nanopore/mfreq/CHOZNStableNoglnDay0rep3.cpg.mfreq.txt.gz, data/nanopore/mfreq/CHOZNStableNoglnDay0rep3.cpg.mfreq.log
    jobid: 2
    wildcards: dir=data/nanopore, sample=CHOZNStableNoglnDay0rep3, mod=cpg


[Sun Mar 10 18:44:52 2019]
rule mbed_to_mfreq:
    input: data/nanopore/mbed/CHOZNUnstableNoglnDay0rep3.cpg.meth.bed.gz
    output: data/nanopore/mfreq/CHOZNUnstableNoglnDay0rep3.cpg.mfreq.txt.gz, data/nanopore/mfreq/CHOZNUnstableNoglnDay0rep3.cpg.mfreq.log
    jobid: 3
    wildcards: dir=data/nanopore, sample=CHOZNUnstableNoglnDay0rep3, mod=cpg


[Sun Mar 10 18:44:52 2019]
rule mbed_to_mfreq:
    input: data/nanopore/mbed/CHOZNStableNoglnDay0rep2.cpg.meth.bed.gz
    output: data/nanopore/mfreq/CHOZNStableNoglnDay0rep2.cpg.mfreq.txt.gz, data/nanopore/mfreq/CHOZNStableNoglnDay0rep2.cpg.mfreq.log
    jobid: 1
    wildcards: dir=data/nanopore, sample=CHOZNStableNoglnDay0rep2, mod=cpg

[Sun Mar 10 18:44:56 2019]
Finished job 1.
1 of 5 steps (20%) done
[Sun Mar 10 18:44:57 2019]
Finished job 4.
2 of 5 steps (40%) done
[Sun Mar 10 18:44:58 2019]
Finished job 3.
3 of 5 steps (60%) done
[Sun Mar 10 18:44:59 2019]
Finished job 2.
4 of 5 steps (80%) done

[Sun Mar 10 18:44:59 2019]
localrule parse_nanopore:
    input: data/nanopore/mfreq/CHOZNStableNoglnDay0rep2.cpg.mfreq.txt.gz, data/nanopore/mfreq/CHOZNStableNoglnDay0rep3.cpg.mfreq.txt.gz, data/nanopore/mfreq/CHOZNUnstableNoglnDay0rep2.cpg.mfreq.txt.gz, data/nanopore/mfreq/CHOZNUnstableNoglnDay0rep3.cpg.mfreq.txt.gz
    jobid: 0

[Sun Mar 10 18:44:59 2019]
Finished job 0.
5 of 5 steps (100%) done
Complete log: /home/isac/Code/projects/ambic-epigenome/.snakemake/log/2019-03-10T184451.728554.snakemake.log
