Building DAG of jobs...
Using shell: /bin/bash
Provided cores: 72
Rules claiming more threads will be scaled down.
Job counts:
	count	jobs
	1	all
	1	bin_genome
	2

[Sun Dec  2 15:14:34 2018]
rule bin_genome:
    input: /dilithium/Data/NGS/Reference/cho/chok1/genome/Cricetulus_griseus_chok1gshd.sigmaIgG.fa
    output: /dilithium/Data/NGS/Reference/cho/chok1/genome/Cricetulus_griseus_chok1gshd.sigmaIgG.fa.bins.bed
    jobid: 1

[Sun Dec  2 15:14:35 2018]
Finished job 1.
1 of 2 steps (50%) done

[Sun Dec  2 15:14:35 2018]
localrule all:
    input: /dilithium/Data/NGS/Reference/cho/chok1/genome/Cricetulus_griseus_chok1gshd.sigmaIgG.fa.bins.bed
    jobid: 0

[Sun Dec  2 15:14:35 2018]
Finished job 0.
2 of 2 steps (100%) done
Complete log: /home/ubuntu/Code/ambic-epigenome/snakemake/.snakemake/log/2018-12-02T151434.708231.snakemake.log
