Building DAG of jobs...
Using shell: /bin/bash
Provided cores: 72
Rules claiming more threads will be scaled down.
Job counts:
	count	jobs
	1	all
	1	merge_sniffles_across_samples
	2

[Mon Dec  3 06:07:55 2018]
rule merge_sniffles_across_samples:
    input: sv/choSigmaHostD0.chok1gshd_sigmaIgG.sniffles.vcf, sv/choSigmaHostD30.chok1gshd_sigmaIgG.sniffles.vcf, sv/choSigmaHostD60.chok1gshd_sigmaIgG.sniffles.vcf, sv/choSigmaHostD90.chok1gshd_sigmaIgG.sniffles.vcf, sv/choSigmaStableD0Glut.chok1gshd_sigmaIgG.sniffles.vcf, sv/choSigmaStableD30Glut.chok1gshd_sigmaIgG.sniffles.vcf, sv/choSigmaStableD60Glut.chok1gshd_sigmaIgG.sniffles.vcf, sv/choSigmaStableD90Glut.chok1gshd_sigmaIgG.sniffles.vcf, sv/choSigmaUnstableD0Glut.chok1gshd_sigmaIgG.sniffles.vcf, sv/choSigmaUnstableD30Glut.chok1gshd_sigmaIgG.sniffles.vcf, sv/choSigmaUnstableD60Glut.chok1gshd_sigmaIgG.sniffles.vcf, sv/choSigmaUnstableD90Glut.chok1gshd_sigmaIgG.sniffles.vcf, sv/choSigmaStableD0NoGlut.chok1gshd_sigmaIgG.sniffles.vcf, sv/choSigmaStableD30NoGlut.chok1gshd_sigmaIgG.sniffles.vcf, sv/choSigmaStableD60NoGlut.chok1gshd_sigmaIgG.sniffles.vcf, sv/choSigmaStableD90NoGlut.chok1gshd_sigmaIgG.sniffles.vcf, sv/choSigmaUnstableD0NoGlut.chok1gshd_sigmaIgG.sniffles.vcf, sv/choSigmaUnstableD30NoGlut.chok1gshd_sigmaIgG.sniffles.vcf, sv/choSigmaUnstableD60NoGlut.chok1gshd_sigmaIgG.sniffles.vcf, sv/choSigmaUnstableD90NoGlut.chok1gshd_sigmaIgG.sniffles.vcf
    output: sv/181201_choSigmaAgingStudy.sniffles.fofn, sv/181201_choSigmaAgingStudy.merged.vcf
    jobid: 1

Terminating processes on user request, this might take some time.
[Mon Dec  3 06:10:32 2018]
Error in rule merge_sniffles_across_samples:
    jobid: 1
    output: sv/181201_choSigmaAgingStudy.sniffles.fofn, sv/181201_choSigmaAgingStudy.merged.vcf

RuleException:
CalledProcessError in line 37 of /home/ubuntu/Code/ambic-epigenome/snakemake/181129_chosigma_genome_snakemake.py:
Command ' set -euo pipefail;  echo sv/choSigmaHostD0.chok1gshd_sigmaIgG.sniffles.vcf sv/choSigmaHostD30.chok1gshd_sigmaIgG.sniffles.vcf sv/choSigmaHostD60.chok1gshd_sigmaIgG.sniffles.vcf sv/choSigmaHostD90.chok1gshd_sigmaIgG.sniffles.vcf sv/choSigmaStableD0Glut.chok1gshd_sigmaIgG.sniffles.vcf sv/choSigmaStableD30Glut.chok1gshd_sigmaIgG.sniffles.vcf sv/choSigmaStableD60Glut.chok1gshd_sigmaIgG.sniffles.vcf sv/choSigmaStableD90Glut.chok1gshd_sigmaIgG.sniffles.vcf sv/choSigmaUnstableD0Glut.chok1gshd_sigmaIgG.sniffles.vcf sv/choSigmaUnstableD30Glut.chok1gshd_sigmaIgG.sniffles.vcf sv/choSigmaUnstableD60Glut.chok1gshd_sigmaIgG.sniffles.vcf sv/choSigmaUnstableD90Glut.chok1gshd_sigmaIgG.sniffles.vcf sv/choSigmaStableD0NoGlut.chok1gshd_sigmaIgG.sniffles.vcf sv/choSigmaStableD30NoGlut.chok1gshd_sigmaIgG.sniffles.vcf sv/choSigmaStableD60NoGlut.chok1gshd_sigmaIgG.sniffles.vcf sv/choSigmaStableD90NoGlut.chok1gshd_sigmaIgG.sniffles.vcf sv/choSigmaUnstableD0NoGlut.chok1gshd_sigmaIgG.sniffles.vcf sv/choSigmaUnstableD30NoGlut.chok1gshd_sigmaIgG.sniffles.vcf sv/choSigmaUnstableD60NoGlut.chok1gshd_sigmaIgG.sniffles.vcf sv/choSigmaUnstableD90NoGlut.chok1gshd_sigmaIgG.sniffles.vcf | tr ' ' '
' > sv/181201_choSigmaAgingStudy.sniffles.fofn && SURVIVOR merge sv/181201_choSigmaAgingStudy.sniffles.fofn 1000 1 1 -1 -1 -1 sv/181201_choSigmaAgingStudy.merged.vcf ' died with <Signals.SIGINT: 2>.
  File "/home/ubuntu/Code/ambic-epigenome/snakemake/181129_chosigma_genome_snakemake.py", line 37, in __rule_merge_sniffles_across_samples
  File "/home/ubuntu/Code/miniconda3/lib/python3.6/concurrent/futures/thread.py", line 56, in run
Removing output files of failed job merge_sniffles_across_samples since they might be corrupted:
sv/181201_choSigmaAgingStudy.sniffles.fofn
Complete log: /home/ubuntu/Code/ambic-epigenome/snakemake/.snakemake/log/2018-12-03T060755.117648.snakemake.log
