Building DAG of jobs...
Using shell: /bin/bash
Provided cores: 72
Rules claiming more threads will be scaled down.
Job counts:
	count	jobs
	1	all
	20	sniffles_force_detect_svs
	21

[Mon Dec  3 06:42:23 2018]
rule sniffles_force_detect_svs:
    input: sv/181201_choSigmaAgingStudy.merged.vcf, bam/choSigmaHostD30.chok1gshd_sigmaIgG.bam
    output: sv/choSigmaHostD30.chok1gshd_sigmaIgG.sniffles.forcecall.vcf
    log: log/sv/choSigmaHostD30.chok1gshd_sigmaIgG.forcecall.log
    jobid: 3
    wildcards: sample=choSigmaHostD30.chok1gshd_sigmaIgG


[Mon Dec  3 06:42:23 2018]
rule sniffles_force_detect_svs:
    input: sv/181201_choSigmaAgingStudy.merged.vcf, bam/choSigmaStableD30Glut.chok1gshd_sigmaIgG.bam
    output: sv/choSigmaStableD30Glut.chok1gshd_sigmaIgG.sniffles.forcecall.vcf
    log: log/sv/choSigmaStableD30Glut.chok1gshd_sigmaIgG.forcecall.log
    jobid: 2
    wildcards: sample=choSigmaStableD30Glut.chok1gshd_sigmaIgG


[Mon Dec  3 06:42:23 2018]
rule sniffles_force_detect_svs:
    input: sv/181201_choSigmaAgingStudy.merged.vcf, bam/choSigmaStableD0NoGlut.chok1gshd_sigmaIgG.bam
    output: sv/choSigmaStableD0NoGlut.chok1gshd_sigmaIgG.sniffles.forcecall.vcf
    log: log/sv/choSigmaStableD0NoGlut.chok1gshd_sigmaIgG.forcecall.log
    jobid: 8
    wildcards: sample=choSigmaStableD0NoGlut.chok1gshd_sigmaIgG


[Mon Dec  3 06:42:23 2018]
rule sniffles_force_detect_svs:
    input: sv/181201_choSigmaAgingStudy.merged.vcf, bam/choSigmaStableD60Glut.chok1gshd_sigmaIgG.bam
    output: sv/choSigmaStableD60Glut.chok1gshd_sigmaIgG.sniffles.forcecall.vcf
    log: log/sv/choSigmaStableD60Glut.chok1gshd_sigmaIgG.forcecall.log
    jobid: 16
    wildcards: sample=choSigmaStableD60Glut.chok1gshd_sigmaIgG


[Mon Dec  3 06:42:23 2018]
rule sniffles_force_detect_svs:
    input: sv/181201_choSigmaAgingStudy.merged.vcf, bam/choSigmaStableD30NoGlut.chok1gshd_sigmaIgG.bam
    output: sv/choSigmaStableD30NoGlut.chok1gshd_sigmaIgG.sniffles.forcecall.vcf
    log: log/sv/choSigmaStableD30NoGlut.chok1gshd_sigmaIgG.forcecall.log
    jobid: 9
    wildcards: sample=choSigmaStableD30NoGlut.chok1gshd_sigmaIgG


[Mon Dec  3 06:42:23 2018]
rule sniffles_force_detect_svs:
    input: sv/181201_choSigmaAgingStudy.merged.vcf, bam/choSigmaUnstableD60Glut.chok1gshd_sigmaIgG.bam
    output: sv/choSigmaUnstableD60Glut.chok1gshd_sigmaIgG.sniffles.forcecall.vcf
    log: log/sv/choSigmaUnstableD60Glut.chok1gshd_sigmaIgG.forcecall.log
    jobid: 6
    wildcards: sample=choSigmaUnstableD60Glut.chok1gshd_sigmaIgG


[Mon Dec  3 06:42:23 2018]
rule sniffles_force_detect_svs:
    input: sv/181201_choSigmaAgingStudy.merged.vcf, bam/choSigmaStableD60NoGlut.chok1gshd_sigmaIgG.bam
    output: sv/choSigmaStableD60NoGlut.chok1gshd_sigmaIgG.sniffles.forcecall.vcf
    log: log/sv/choSigmaStableD60NoGlut.chok1gshd_sigmaIgG.forcecall.log
    jobid: 18
    wildcards: sample=choSigmaStableD60NoGlut.chok1gshd_sigmaIgG


[Mon Dec  3 06:42:23 2018]
[Mon Dec  3 06:42:23 2018]
[Mon Dec  3 06:42:23 2018]
Error in rule sniffles_force_detect_svs:
[Mon Dec  3 06:42:23 2018]
rule sniffles_force_detect_svs:
    input: sv/181201_choSigmaAgingStudy.merged.vcf, bam/choSigmaUnstableD90NoGlut.chok1gshd_sigmaIgG.bam
    output: sv/choSigmaUnstableD90NoGlut.chok1gshd_sigmaIgG.sniffles.forcecall.vcf
    log: log/sv/choSigmaUnstableD90NoGlut.chok1gshd_sigmaIgG.forcecall.log
    jobid: 20
    wildcards: sample=choSigmaUnstableD90NoGlut.chok1gshd_sigmaIgG
[Mon Dec  3 06:42:23 2018]
[Mon Dec  3 06:42:23 2018]
Error in rule sniffles_force_detect_svs:
[Mon Dec  3 06:42:23 2018]
    jobid: 6
[Mon Dec  3 06:42:23 2018]
Error in rule sniffles_force_detect_svs:

Error in rule sniffles_force_detect_svs:
Error in rule sniffles_force_detect_svs:
    jobid: 2
Error in rule sniffles_force_detect_svs:
    output: sv/choSigmaUnstableD60Glut.chok1gshd_sigmaIgG.sniffles.forcecall.vcf
Error in rule sniffles_force_detect_svs:
    jobid: 16
    jobid: 3
    jobid: 8
    output: sv/choSigmaStableD30Glut.chok1gshd_sigmaIgG.sniffles.forcecall.vcf

    jobid: 9
    log: log/sv/choSigmaUnstableD60Glut.chok1gshd_sigmaIgG.forcecall.log
    jobid: 18
    output: sv/choSigmaStableD60Glut.chok1gshd_sigmaIgG.sniffles.forcecall.vcf
    output: sv/choSigmaHostD30.chok1gshd_sigmaIgG.sniffles.forcecall.vcf
    output: sv/choSigmaStableD0NoGlut.chok1gshd_sigmaIgG.sniffles.forcecall.vcf
    log: log/sv/choSigmaStableD30Glut.chok1gshd_sigmaIgG.forcecall.log
[Mon Dec  3 06:42:23 2018]
    output: sv/choSigmaStableD30NoGlut.chok1gshd_sigmaIgG.sniffles.forcecall.vcf

    output: sv/choSigmaStableD60NoGlut.chok1gshd_sigmaIgG.sniffles.forcecall.vcf
    log: log/sv/choSigmaStableD60Glut.chok1gshd_sigmaIgG.forcecall.log
    log: log/sv/choSigmaHostD30.chok1gshd_sigmaIgG.forcecall.log
    log: log/sv/choSigmaStableD0NoGlut.chok1gshd_sigmaIgG.forcecall.log

rule sniffles_force_detect_svs:
    input: sv/181201_choSigmaAgingStudy.merged.vcf, bam/choSigmaHostD90.chok1gshd_sigmaIgG.bam
    output: sv/choSigmaHostD90.chok1gshd_sigmaIgG.sniffles.forcecall.vcf
    log: log/sv/choSigmaHostD90.chok1gshd_sigmaIgG.forcecall.log
    jobid: 15
    wildcards: sample=choSigmaHostD90.chok1gshd_sigmaIgG
    log: log/sv/choSigmaStableD30NoGlut.chok1gshd_sigmaIgG.forcecall.log
    log: log/sv/choSigmaStableD60NoGlut.chok1gshd_sigmaIgG.forcecall.log


[Mon Dec  3 06:42:23 2018]

RuleException:
CalledProcessError in line 53 of /home/ubuntu/Code/ambic-epigenome/snakemake/181129_chosigma_genome_snakemake.py:
Command ' set -euo pipefail;  sniffles -m bam/choSigmaUnstableD60Glut.chok1gshd_sigmaIgG.bam -v sv/choSigmaUnstableD60Glut.chok1gshd_sigmaIgG.sniffles.forcecall.vcf --tmp_file sv/choSigmaUnstableD60Glut.chok1gshd_sigmaIgG.tmp -Ivcf sv/181201_choSigmaAgingStudy.merged.vcf -s 2 -n -1 --genotype --cluster &> log/sv/choSigmaUnstableD60Glut.chok1gshd_sigmaIgG.forcecall.log ' returned non-zero exit status 1.
  File "/home/ubuntu/Code/ambic-epigenome/snakemake/181129_chosigma_genome_snakemake.py", line 53, in __rule_sniffles_force_detect_svs
  File "/home/ubuntu/Code/miniconda3/lib/python3.6/concurrent/futures/thread.py", line 56, in run


RuleException:
CalledProcessError in line 53 of /home/ubuntu/Code/ambic-epigenome/snakemake/181129_chosigma_genome_snakemake.py:
Command ' set -euo pipefail;  sniffles -m bam/choSigmaStableD30Glut.chok1gshd_sigmaIgG.bam -v sv/choSigmaStableD30Glut.chok1gshd_sigmaIgG.sniffles.forcecall.vcf --tmp_file sv/choSigmaStableD30Glut.chok1gshd_sigmaIgG.tmp -Ivcf sv/181201_choSigmaAgingStudy.merged.vcf -s 2 -n -1 --genotype --cluster &> log/sv/choSigmaStableD30Glut.chok1gshd_sigmaIgG.forcecall.log ' returned non-zero exit status 1.
  File "/home/ubuntu/Code/ambic-epigenome/snakemake/181129_chosigma_genome_snakemake.py", line 53, in __rule_sniffles_force_detect_svs
  File "/home/ubuntu/Code/miniconda3/lib/python3.6/concurrent/futures/thread.py", line 56, in run

RuleException:
CalledProcessError in line 53 of /home/ubuntu/Code/ambic-epigenome/snakemake/181129_chosigma_genome_snakemake.py:
Command ' set -euo pipefail;  sniffles -m bam/choSigmaStableD60Glut.chok1gshd_sigmaIgG.bam -v sv/choSigmaStableD60Glut.chok1gshd_sigmaIgG.sniffles.forcecall.vcf --tmp_file sv/choSigmaStableD60Glut.chok1gshd_sigmaIgG.tmp -Ivcf sv/181201_choSigmaAgingStudy.merged.vcf -s 2 -n -1 --genotype --cluster &> log/sv/choSigmaStableD60Glut.chok1gshd_sigmaIgG.forcecall.log ' returned non-zero exit status 1.
  File "/home/ubuntu/Code/ambic-epigenome/snakemake/181129_chosigma_genome_snakemake.py", line 53, in __rule_sniffles_force_detect_svs
  File "/home/ubuntu/Code/miniconda3/lib/python3.6/concurrent/futures/thread.py", line 56, in run
Error in rule sniffles_force_detect_svs:
RuleException:
CalledProcessError in line 53 of /home/ubuntu/Code/ambic-epigenome/snakemake/181129_chosigma_genome_snakemake.py:
Command ' set -euo pipefail;  sniffles -m bam/choSigmaHostD30.chok1gshd_sigmaIgG.bam -v sv/choSigmaHostD30.chok1gshd_sigmaIgG.sniffles.forcecall.vcf --tmp_file sv/choSigmaHostD30.chok1gshd_sigmaIgG.tmp -Ivcf sv/181201_choSigmaAgingStudy.merged.vcf -s 2 -n -1 --genotype --cluster &> log/sv/choSigmaHostD30.chok1gshd_sigmaIgG.forcecall.log ' returned non-zero exit status 1.
  File "/home/ubuntu/Code/ambic-epigenome/snakemake/181129_chosigma_genome_snakemake.py", line 53, in __rule_sniffles_force_detect_svs
  File "/home/ubuntu/Code/miniconda3/lib/python3.6/concurrent/futures/thread.py", line 56, in run
RuleException:
CalledProcessError in line 53 of /home/ubuntu/Code/ambic-epigenome/snakemake/181129_chosigma_genome_snakemake.py:
Command ' set -euo pipefail;  sniffles -m bam/choSigmaStableD0NoGlut.chok1gshd_sigmaIgG.bam -v sv/choSigmaStableD0NoGlut.chok1gshd_sigmaIgG.sniffles.forcecall.vcf --tmp_file sv/choSigmaStableD0NoGlut.chok1gshd_sigmaIgG.tmp -Ivcf sv/181201_choSigmaAgingStudy.merged.vcf -s 2 -n -1 --genotype --cluster &> log/sv/choSigmaStableD0NoGlut.chok1gshd_sigmaIgG.forcecall.log ' returned non-zero exit status 1.
  File "/home/ubuntu/Code/ambic-epigenome/snakemake/181129_chosigma_genome_snakemake.py", line 53, in __rule_sniffles_force_detect_svs
  File "/home/ubuntu/Code/miniconda3/lib/python3.6/concurrent/futures/thread.py", line 56, in run
RuleException:
CalledProcessError in line 53 of /home/ubuntu/Code/ambic-epigenome/snakemake/181129_chosigma_genome_snakemake.py:
Command ' set -euo pipefail;  sniffles -m bam/choSigmaStableD30NoGlut.chok1gshd_sigmaIgG.bam -v sv/choSigmaStableD30NoGlut.chok1gshd_sigmaIgG.sniffles.forcecall.vcf --tmp_file sv/choSigmaStableD30NoGlut.chok1gshd_sigmaIgG.tmp -Ivcf sv/181201_choSigmaAgingStudy.merged.vcf -s 2 -n -1 --genotype --cluster &> log/sv/choSigmaStableD30NoGlut.chok1gshd_sigmaIgG.forcecall.log ' returned non-zero exit status 1.
  File "/home/ubuntu/Code/ambic-epigenome/snakemake/181129_chosigma_genome_snakemake.py", line 53, in __rule_sniffles_force_detect_svs
  File "/home/ubuntu/Code/miniconda3/lib/python3.6/concurrent/futures/thread.py", line 56, in run

RuleException:
CalledProcessError in line 53 of /home/ubuntu/Code/ambic-epigenome/snakemake/181129_chosigma_genome_snakemake.py:
Command ' set -euo pipefail;  sniffles -m bam/choSigmaStableD60NoGlut.chok1gshd_sigmaIgG.bam -v sv/choSigmaStableD60NoGlut.chok1gshd_sigmaIgG.sniffles.forcecall.vcf --tmp_file sv/choSigmaStableD60NoGlut.chok1gshd_sigmaIgG.tmp -Ivcf sv/181201_choSigmaAgingStudy.merged.vcf -s 2 -n -1 --genotype --cluster &> log/sv/choSigmaStableD60NoGlut.chok1gshd_sigmaIgG.forcecall.log ' returned non-zero exit status 1.
  File "/home/ubuntu/Code/ambic-epigenome/snakemake/181129_chosigma_genome_snakemake.py", line 53, in __rule_sniffles_force_detect_svs
  File "/home/ubuntu/Code/miniconda3/lib/python3.6/concurrent/futures/thread.py", line 56, in run
    jobid: 20
[Mon Dec  3 06:42:23 2018]
    output: sv/choSigmaUnstableD90NoGlut.chok1gshd_sigmaIgG.sniffles.forcecall.vcf
rule sniffles_force_detect_svs:
    input: sv/181201_choSigmaAgingStudy.merged.vcf, bam/choSigmaHostD0.chok1gshd_sigmaIgG.bam
    output: sv/choSigmaHostD0.chok1gshd_sigmaIgG.sniffles.forcecall.vcf
    log: log/sv/choSigmaHostD0.chok1gshd_sigmaIgG.forcecall.log
    jobid: 10
    wildcards: sample=choSigmaHostD0.chok1gshd_sigmaIgG
    log: log/sv/choSigmaUnstableD90NoGlut.chok1gshd_sigmaIgG.forcecall.log

[Mon Dec  3 06:42:23 2018]

Error in rule sniffles_force_detect_svs:
    jobid: 15
RuleException:
CalledProcessError in line 53 of /home/ubuntu/Code/ambic-epigenome/snakemake/181129_chosigma_genome_snakemake.py:
Command ' set -euo pipefail;  sniffles -m bam/choSigmaUnstableD90NoGlut.chok1gshd_sigmaIgG.bam -v sv/choSigmaUnstableD90NoGlut.chok1gshd_sigmaIgG.sniffles.forcecall.vcf --tmp_file sv/choSigmaUnstableD90NoGlut.chok1gshd_sigmaIgG.tmp -Ivcf sv/181201_choSigmaAgingStudy.merged.vcf -s 2 -n -1 --genotype --cluster &> log/sv/choSigmaUnstableD90NoGlut.chok1gshd_sigmaIgG.forcecall.log ' returned non-zero exit status 1.
  File "/home/ubuntu/Code/ambic-epigenome/snakemake/181129_chosigma_genome_snakemake.py", line 53, in __rule_sniffles_force_detect_svs
  File "/home/ubuntu/Code/miniconda3/lib/python3.6/concurrent/futures/thread.py", line 56, in run
    output: sv/choSigmaHostD90.chok1gshd_sigmaIgG.sniffles.forcecall.vcf
    log: log/sv/choSigmaHostD90.chok1gshd_sigmaIgG.forcecall.log

RuleException:
CalledProcessError in line 53 of /home/ubuntu/Code/ambic-epigenome/snakemake/181129_chosigma_genome_snakemake.py:
Command ' set -euo pipefail;  sniffles -m bam/choSigmaHostD90.chok1gshd_sigmaIgG.bam -v sv/choSigmaHostD90.chok1gshd_sigmaIgG.sniffles.forcecall.vcf --tmp_file sv/choSigmaHostD90.chok1gshd_sigmaIgG.tmp -Ivcf sv/181201_choSigmaAgingStudy.merged.vcf -s 2 -n -1 --genotype --cluster &> log/sv/choSigmaHostD90.chok1gshd_sigmaIgG.forcecall.log ' returned non-zero exit status 1.
  File "/home/ubuntu/Code/ambic-epigenome/snakemake/181129_chosigma_genome_snakemake.py", line 53, in __rule_sniffles_force_detect_svs
  File "/home/ubuntu/Code/miniconda3/lib/python3.6/concurrent/futures/thread.py", line 56, in run
[Mon Dec  3 06:42:23 2018]
Error in rule sniffles_force_detect_svs:
    jobid: 10
    output: sv/choSigmaHostD0.chok1gshd_sigmaIgG.sniffles.forcecall.vcf
    log: log/sv/choSigmaHostD0.chok1gshd_sigmaIgG.forcecall.log

RuleException:
CalledProcessError in line 53 of /home/ubuntu/Code/ambic-epigenome/snakemake/181129_chosigma_genome_snakemake.py:
Command ' set -euo pipefail;  sniffles -m bam/choSigmaHostD0.chok1gshd_sigmaIgG.bam -v sv/choSigmaHostD0.chok1gshd_sigmaIgG.sniffles.forcecall.vcf --tmp_file sv/choSigmaHostD0.chok1gshd_sigmaIgG.tmp -Ivcf sv/181201_choSigmaAgingStudy.merged.vcf -s 2 -n -1 --genotype --cluster &> log/sv/choSigmaHostD0.chok1gshd_sigmaIgG.forcecall.log ' returned non-zero exit status 1.
  File "/home/ubuntu/Code/ambic-epigenome/snakemake/181129_chosigma_genome_snakemake.py", line 53, in __rule_sniffles_force_detect_svs
  File "/home/ubuntu/Code/miniconda3/lib/python3.6/concurrent/futures/thread.py", line 56, in run

[Mon Dec  3 06:42:24 2018]
rule sniffles_force_detect_svs:
    input: sv/181201_choSigmaAgingStudy.merged.vcf, bam/choSigmaUnstableD30NoGlut.chok1gshd_sigmaIgG.bam
    output: sv/choSigmaUnstableD30NoGlut.chok1gshd_sigmaIgG.sniffles.forcecall.vcf
    log: log/sv/choSigmaUnstableD30NoGlut.chok1gshd_sigmaIgG.forcecall.log
    jobid: 1
    wildcards: sample=choSigmaUnstableD30NoGlut.chok1gshd_sigmaIgG


[Mon Dec  3 06:42:24 2018]
rule sniffles_force_detect_svs:
    input: sv/181201_choSigmaAgingStudy.merged.vcf, bam/choSigmaUnstableD90Glut.chok1gshd_sigmaIgG.bam
    output: sv/choSigmaUnstableD90Glut.chok1gshd_sigmaIgG.sniffles.forcecall.vcf
    log: log/sv/choSigmaUnstableD90Glut.chok1gshd_sigmaIgG.forcecall.log
    jobid: 7
    wildcards: sample=choSigmaUnstableD90Glut.chok1gshd_sigmaIgG

[Mon Dec  3 06:42:24 2018]
Error in rule sniffles_force_detect_svs:
    jobid: 1
    output: sv/choSigmaUnstableD30NoGlut.chok1gshd_sigmaIgG.sniffles.forcecall.vcf
    log: log/sv/choSigmaUnstableD30NoGlut.chok1gshd_sigmaIgG.forcecall.log

RuleException:
CalledProcessError in line 53 of /home/ubuntu/Code/ambic-epigenome/snakemake/181129_chosigma_genome_snakemake.py:
Command ' set -euo pipefail;  sniffles -m bam/choSigmaUnstableD30NoGlut.chok1gshd_sigmaIgG.bam -v sv/choSigmaUnstableD30NoGlut.chok1gshd_sigmaIgG.sniffles.forcecall.vcf --tmp_file sv/choSigmaUnstableD30NoGlut.chok1gshd_sigmaIgG.tmp -Ivcf sv/181201_choSigmaAgingStudy.merged.vcf -s 2 -n -1 --genotype --cluster &> log/sv/choSigmaUnstableD30NoGlut.chok1gshd_sigmaIgG.forcecall.log ' returned non-zero exit status 1.
  File "/home/ubuntu/Code/ambic-epigenome/snakemake/181129_chosigma_genome_snakemake.py", line 53, in __rule_sniffles_force_detect_svs
  File "/home/ubuntu/Code/miniconda3/lib/python3.6/concurrent/futures/thread.py", line 56, in run

[Mon Dec  3 06:42:24 2018]
rule sniffles_force_detect_svs:
    input: sv/181201_choSigmaAgingStudy.merged.vcf, bam/choSigmaUnstableD30Glut.chok1gshd_sigmaIgG.bam
    output: sv/choSigmaUnstableD30Glut.chok1gshd_sigmaIgG.sniffles.forcecall.vcf
    log: log/sv/choSigmaUnstableD30Glut.chok1gshd_sigmaIgG.forcecall.log
    jobid: 11
    wildcards: sample=choSigmaUnstableD30Glut.chok1gshd_sigmaIgG

[Mon Dec  3 06:42:24 2018]
Error in rule sniffles_force_detect_svs:
    jobid: 7
    output: sv/choSigmaUnstableD90Glut.chok1gshd_sigmaIgG.sniffles.forcecall.vcf
    log: log/sv/choSigmaUnstableD90Glut.chok1gshd_sigmaIgG.forcecall.log

RuleException:
CalledProcessError in line 53 of /home/ubuntu/Code/ambic-epigenome/snakemake/181129_chosigma_genome_snakemake.py:
Command ' set -euo pipefail;  sniffles -m bam/choSigmaUnstableD90Glut.chok1gshd_sigmaIgG.bam -v sv/choSigmaUnstableD90Glut.chok1gshd_sigmaIgG.sniffles.forcecall.vcf --tmp_file sv/choSigmaUnstableD90Glut.chok1gshd_sigmaIgG.tmp -Ivcf sv/181201_choSigmaAgingStudy.merged.vcf -s 2 -n -1 --genotype --cluster &> log/sv/choSigmaUnstableD90Glut.chok1gshd_sigmaIgG.forcecall.log ' returned non-zero exit status 1.
  File "/home/ubuntu/Code/ambic-epigenome/snakemake/181129_chosigma_genome_snakemake.py", line 53, in __rule_sniffles_force_detect_svs
  File "/home/ubuntu/Code/miniconda3/lib/python3.6/concurrent/futures/thread.py", line 56, in run

[Mon Dec  3 06:42:24 2018]
rule sniffles_force_detect_svs:
    input: sv/181201_choSigmaAgingStudy.merged.vcf, bam/choSigmaStableD90NoGlut.chok1gshd_sigmaIgG.bam
    output: sv/choSigmaStableD90NoGlut.chok1gshd_sigmaIgG.sniffles.forcecall.vcf
    log: log/sv/choSigmaStableD90NoGlut.chok1gshd_sigmaIgG.forcecall.log
    jobid: 14
    wildcards: sample=choSigmaStableD90NoGlut.chok1gshd_sigmaIgG

[Mon Dec  3 06:42:24 2018]

Error in rule sniffles_force_detect_svs:
[Mon Dec  3 06:42:24 2018]
    jobid: 11
rule sniffles_force_detect_svs:
    input: sv/181201_choSigmaAgingStudy.merged.vcf, bam/choSigmaUnstableD0Glut.chok1gshd_sigmaIgG.bam
    output: sv/choSigmaUnstableD0Glut.chok1gshd_sigmaIgG.sniffles.forcecall.vcf
    log: log/sv/choSigmaUnstableD0Glut.chok1gshd_sigmaIgG.forcecall.log
    jobid: 13
    wildcards: sample=choSigmaUnstableD0Glut.chok1gshd_sigmaIgG
    output: sv/choSigmaUnstableD30Glut.chok1gshd_sigmaIgG.sniffles.forcecall.vcf

    log: log/sv/choSigmaUnstableD30Glut.chok1gshd_sigmaIgG.forcecall.log


RuleException:
CalledProcessError in line 53 of /home/ubuntu/Code/ambic-epigenome/snakemake/181129_chosigma_genome_snakemake.py:
Command ' set -euo pipefail;  sniffles -m bam/choSigmaUnstableD30Glut.chok1gshd_sigmaIgG.bam -v sv/choSigmaUnstableD30Glut.chok1gshd_sigmaIgG.sniffles.forcecall.vcf --tmp_file sv/choSigmaUnstableD30Glut.chok1gshd_sigmaIgG.tmp -Ivcf sv/181201_choSigmaAgingStudy.merged.vcf -s 2 -n -1 --genotype --cluster &> log/sv/choSigmaUnstableD30Glut.chok1gshd_sigmaIgG.forcecall.log ' returned non-zero exit status 1.
  File "/home/ubuntu/Code/ambic-epigenome/snakemake/181129_chosigma_genome_snakemake.py", line 53, in __rule_sniffles_force_detect_svs
  File "/home/ubuntu/Code/miniconda3/lib/python3.6/concurrent/futures/thread.py", line 56, in run
[Mon Dec  3 06:42:24 2018]
[Mon Dec  3 06:42:24 2018]
rule sniffles_force_detect_svs:
    input: sv/181201_choSigmaAgingStudy.merged.vcf, bam/choSigmaHostD60.chok1gshd_sigmaIgG.bam
    output: sv/choSigmaHostD60.chok1gshd_sigmaIgG.sniffles.forcecall.vcf
    log: log/sv/choSigmaHostD60.chok1gshd_sigmaIgG.forcecall.log
    jobid: 5
    wildcards: sample=choSigmaHostD60.chok1gshd_sigmaIgG
Error in rule sniffles_force_detect_svs:

    jobid: 14
    output: sv/choSigmaStableD90NoGlut.chok1gshd_sigmaIgG.sniffles.forcecall.vcf
    log: log/sv/choSigmaStableD90NoGlut.chok1gshd_sigmaIgG.forcecall.log

[Mon Dec  3 06:42:24 2018]
Error in rule sniffles_force_detect_svs:
RuleException:
CalledProcessError in line 53 of /home/ubuntu/Code/ambic-epigenome/snakemake/181129_chosigma_genome_snakemake.py:
Command ' set -euo pipefail;  sniffles -m bam/choSigmaStableD90NoGlut.chok1gshd_sigmaIgG.bam -v sv/choSigmaStableD90NoGlut.chok1gshd_sigmaIgG.sniffles.forcecall.vcf --tmp_file sv/choSigmaStableD90NoGlut.chok1gshd_sigmaIgG.tmp -Ivcf sv/181201_choSigmaAgingStudy.merged.vcf -s 2 -n -1 --genotype --cluster &> log/sv/choSigmaStableD90NoGlut.chok1gshd_sigmaIgG.forcecall.log ' returned non-zero exit status 1.
  File "/home/ubuntu/Code/ambic-epigenome/snakemake/181129_chosigma_genome_snakemake.py", line 53, in __rule_sniffles_force_detect_svs
  File "/home/ubuntu/Code/miniconda3/lib/python3.6/concurrent/futures/thread.py", line 56, in run
    jobid: 13

    output: sv/choSigmaUnstableD0Glut.chok1gshd_sigmaIgG.sniffles.forcecall.vcf
[Mon Dec  3 06:42:24 2018]
    log: log/sv/choSigmaUnstableD0Glut.chok1gshd_sigmaIgG.forcecall.log
rule sniffles_force_detect_svs:
    input: sv/181201_choSigmaAgingStudy.merged.vcf, bam/choSigmaStableD0Glut.chok1gshd_sigmaIgG.bam
    output: sv/choSigmaStableD0Glut.chok1gshd_sigmaIgG.sniffles.forcecall.vcf
    log: log/sv/choSigmaStableD0Glut.chok1gshd_sigmaIgG.forcecall.log
    jobid: 19
    wildcards: sample=choSigmaStableD0Glut.chok1gshd_sigmaIgG


RuleException:
CalledProcessError in line 53 of /home/ubuntu/Code/ambic-epigenome/snakemake/181129_chosigma_genome_snakemake.py:
Command ' set -euo pipefail;  sniffles -m bam/choSigmaUnstableD0Glut.chok1gshd_sigmaIgG.bam -v sv/choSigmaUnstableD0Glut.chok1gshd_sigmaIgG.sniffles.forcecall.vcf --tmp_file sv/choSigmaUnstableD0Glut.chok1gshd_sigmaIgG.tmp -Ivcf sv/181201_choSigmaAgingStudy.merged.vcf -s 2 -n -1 --genotype --cluster &> log/sv/choSigmaUnstableD0Glut.chok1gshd_sigmaIgG.forcecall.log ' returned non-zero exit status 1.
  File "/home/ubuntu/Code/ambic-epigenome/snakemake/181129_chosigma_genome_snakemake.py", line 53, in __rule_sniffles_force_detect_svs
  File "/home/ubuntu/Code/miniconda3/lib/python3.6/concurrent/futures/thread.py", line 56, in run
[Mon Dec  3 06:42:24 2018]
Error in rule sniffles_force_detect_svs:
    jobid: 5
    output: sv/choSigmaHostD60.chok1gshd_sigmaIgG.sniffles.forcecall.vcf
    log: log/sv/choSigmaHostD60.chok1gshd_sigmaIgG.forcecall.log

RuleException:
CalledProcessError in line 53 of /home/ubuntu/Code/ambic-epigenome/snakemake/181129_chosigma_genome_snakemake.py:
Command ' set -euo pipefail;  sniffles -m bam/choSigmaHostD60.chok1gshd_sigmaIgG.bam -v sv/choSigmaHostD60.chok1gshd_sigmaIgG.sniffles.forcecall.vcf --tmp_file sv/choSigmaHostD60.chok1gshd_sigmaIgG.tmp -Ivcf sv/181201_choSigmaAgingStudy.merged.vcf -s 2 -n -1 --genotype --cluster &> log/sv/choSigmaHostD60.chok1gshd_sigmaIgG.forcecall.log ' returned non-zero exit status 1.
  File "/home/ubuntu/Code/ambic-epigenome/snakemake/181129_chosigma_genome_snakemake.py", line 53, in __rule_sniffles_force_detect_svs
  File "/home/ubuntu/Code/miniconda3/lib/python3.6/concurrent/futures/thread.py", line 56, in run
[Mon Dec  3 06:42:24 2018]
Error in rule sniffles_force_detect_svs:
    jobid: 19
    output: sv/choSigmaStableD0Glut.chok1gshd_sigmaIgG.sniffles.forcecall.vcf
    log: log/sv/choSigmaStableD0Glut.chok1gshd_sigmaIgG.forcecall.log

RuleException:
CalledProcessError in line 53 of /home/ubuntu/Code/ambic-epigenome/snakemake/181129_chosigma_genome_snakemake.py:
Command ' set -euo pipefail;  sniffles -m bam/choSigmaStableD0Glut.chok1gshd_sigmaIgG.bam -v sv/choSigmaStableD0Glut.chok1gshd_sigmaIgG.sniffles.forcecall.vcf --tmp_file sv/choSigmaStableD0Glut.chok1gshd_sigmaIgG.tmp -Ivcf sv/181201_choSigmaAgingStudy.merged.vcf -s 2 -n -1 --genotype --cluster &> log/sv/choSigmaStableD0Glut.chok1gshd_sigmaIgG.forcecall.log ' returned non-zero exit status 1.
  File "/home/ubuntu/Code/ambic-epigenome/snakemake/181129_chosigma_genome_snakemake.py", line 53, in __rule_sniffles_force_detect_svs
  File "/home/ubuntu/Code/miniconda3/lib/python3.6/concurrent/futures/thread.py", line 56, in run

[Mon Dec  3 06:42:24 2018]
rule sniffles_force_detect_svs:
    input: sv/181201_choSigmaAgingStudy.merged.vcf, bam/choSigmaStableD90Glut.chok1gshd_sigmaIgG.bam
    output: sv/choSigmaStableD90Glut.chok1gshd_sigmaIgG.sniffles.forcecall.vcf
    log: log/sv/choSigmaStableD90Glut.chok1gshd_sigmaIgG.forcecall.log
    jobid: 12
    wildcards: sample=choSigmaStableD90Glut.chok1gshd_sigmaIgG

[Mon Dec  3 06:42:24 2018]
Error in rule sniffles_force_detect_svs:
    jobid: 12
    output: sv/choSigmaStableD90Glut.chok1gshd_sigmaIgG.sniffles.forcecall.vcf
    log: log/sv/choSigmaStableD90Glut.chok1gshd_sigmaIgG.forcecall.log

RuleException:
CalledProcessError in line 53 of /home/ubuntu/Code/ambic-epigenome/snakemake/181129_chosigma_genome_snakemake.py:
Command ' set -euo pipefail;  sniffles -m bam/choSigmaStableD90Glut.chok1gshd_sigmaIgG.bam -v sv/choSigmaStableD90Glut.chok1gshd_sigmaIgG.sniffles.forcecall.vcf --tmp_file sv/choSigmaStableD90Glut.chok1gshd_sigmaIgG.tmp -Ivcf sv/181201_choSigmaAgingStudy.merged.vcf -s 2 -n -1 --genotype --cluster &> log/sv/choSigmaStableD90Glut.chok1gshd_sigmaIgG.forcecall.log ' returned non-zero exit status 1.
  File "/home/ubuntu/Code/ambic-epigenome/snakemake/181129_chosigma_genome_snakemake.py", line 53, in __rule_sniffles_force_detect_svs
  File "/home/ubuntu/Code/miniconda3/lib/python3.6/concurrent/futures/thread.py", line 56, in run

[Mon Dec  3 06:42:24 2018]
rule sniffles_force_detect_svs:
    input: sv/181201_choSigmaAgingStudy.merged.vcf, bam/choSigmaUnstableD0NoGlut.chok1gshd_sigmaIgG.bam
    output: sv/choSigmaUnstableD0NoGlut.chok1gshd_sigmaIgG.sniffles.forcecall.vcf
    log: log/sv/choSigmaUnstableD0NoGlut.chok1gshd_sigmaIgG.forcecall.log
    jobid: 4
    wildcards: sample=choSigmaUnstableD0NoGlut.chok1gshd_sigmaIgG


[Mon Dec  3 06:42:24 2018]
rule sniffles_force_detect_svs:
    input: sv/181201_choSigmaAgingStudy.merged.vcf, bam/choSigmaUnstableD60NoGlut.chok1gshd_sigmaIgG.bam
    output: sv/choSigmaUnstableD60NoGlut.chok1gshd_sigmaIgG.sniffles.forcecall.vcf
    log: log/sv/choSigmaUnstableD60NoGlut.chok1gshd_sigmaIgG.forcecall.log
    jobid: 17
    wildcards: sample=choSigmaUnstableD60NoGlut.chok1gshd_sigmaIgG

[Mon Dec  3 06:42:24 2018]
Error in rule sniffles_force_detect_svs:
    jobid: 4
    output: sv/choSigmaUnstableD0NoGlut.chok1gshd_sigmaIgG.sniffles.forcecall.vcf
    log: log/sv/choSigmaUnstableD0NoGlut.chok1gshd_sigmaIgG.forcecall.log

RuleException:
CalledProcessError in line 53 of /home/ubuntu/Code/ambic-epigenome/snakemake/181129_chosigma_genome_snakemake.py:
Command ' set -euo pipefail;  sniffles -m bam/choSigmaUnstableD0NoGlut.chok1gshd_sigmaIgG.bam -v sv/choSigmaUnstableD0NoGlut.chok1gshd_sigmaIgG.sniffles.forcecall.vcf --tmp_file sv/choSigmaUnstableD0NoGlut.chok1gshd_sigmaIgG.tmp -Ivcf sv/181201_choSigmaAgingStudy.merged.vcf -s 2 -n -1 --genotype --cluster &> log/sv/choSigmaUnstableD0NoGlut.chok1gshd_sigmaIgG.forcecall.log ' returned non-zero exit status 1.
  File "/home/ubuntu/Code/ambic-epigenome/snakemake/181129_chosigma_genome_snakemake.py", line 53, in __rule_sniffles_force_detect_svs
  File "/home/ubuntu/Code/miniconda3/lib/python3.6/concurrent/futures/thread.py", line 56, in run
[Mon Dec  3 06:42:24 2018]
Error in rule sniffles_force_detect_svs:
    jobid: 17
    output: sv/choSigmaUnstableD60NoGlut.chok1gshd_sigmaIgG.sniffles.forcecall.vcf
    log: log/sv/choSigmaUnstableD60NoGlut.chok1gshd_sigmaIgG.forcecall.log

RuleException:
CalledProcessError in line 53 of /home/ubuntu/Code/ambic-epigenome/snakemake/181129_chosigma_genome_snakemake.py:
Command ' set -euo pipefail;  sniffles -m bam/choSigmaUnstableD60NoGlut.chok1gshd_sigmaIgG.bam -v sv/choSigmaUnstableD60NoGlut.chok1gshd_sigmaIgG.sniffles.forcecall.vcf --tmp_file sv/choSigmaUnstableD60NoGlut.chok1gshd_sigmaIgG.tmp -Ivcf sv/181201_choSigmaAgingStudy.merged.vcf -s 2 -n -1 --genotype --cluster &> log/sv/choSigmaUnstableD60NoGlut.chok1gshd_sigmaIgG.forcecall.log ' returned non-zero exit status 1.
  File "/home/ubuntu/Code/ambic-epigenome/snakemake/181129_chosigma_genome_snakemake.py", line 53, in __rule_sniffles_force_detect_svs
  File "/home/ubuntu/Code/miniconda3/lib/python3.6/concurrent/futures/thread.py", line 56, in run
Shutting down, this might take some time.
Exiting because a job execution failed. Look above for error message
Complete log: /home/ubuntu/Code/ambic-epigenome/snakemake/.snakemake/log/2018-12-03T064222.902847.snakemake.log
