Building DAG of jobs...
Using shell: /bin/bash
Provided cores: 72
Rules claiming more threads will be scaled down.
Job counts:
	count	jobs
	1	all
	31	get_methylation_frequency
	32

[Mon Dec  3 02:11:55 2018]
rule get_methylation_frequency:
    input: mbed/choSigmaHostD30rep2.chok1gshd_sigmaIgG.meth.bed.gz
    output: mfreq/choSigmaHostD30rep2.chok1gshd_sigmaIgG.methfreq.txt
    log: log/mfreq/choSigmaHostD30rep2.chok1gshd_sigmaIgG.mfreq.log
    jobid: 5
    wildcards: sample=choSigmaHostD30rep2.chok1gshd_sigmaIgG


[Mon Dec  3 02:11:55 2018]
rule get_methylation_frequency:
    input: mbed/choSigmaUnstableD60Glutrep1.chok1gshd_sigmaIgG.meth.bed.gz
    output: mfreq/choSigmaUnstableD60Glutrep1.chok1gshd_sigmaIgG.methfreq.txt
    log: log/mfreq/choSigmaUnstableD60Glutrep1.chok1gshd_sigmaIgG.mfreq.log
    jobid: 20
    wildcards: sample=choSigmaUnstableD60Glutrep1.chok1gshd_sigmaIgG


[Mon Dec  3 02:11:55 2018]
rule get_methylation_frequency:
    input: mbed/choSigmaStableD90Glutrep1.chok1gshd_sigmaIgG.meth.bed.gz
    output: mfreq/choSigmaStableD90Glutrep1.chok1gshd_sigmaIgG.methfreq.txt
    log: log/mfreq/choSigmaStableD90Glutrep1.chok1gshd_sigmaIgG.mfreq.log
    jobid: 9
    wildcards: sample=choSigmaStableD90Glutrep1.chok1gshd_sigmaIgG


[Mon Dec  3 02:11:55 2018]
rule get_methylation_frequency:
    input: mbed/choSigmaUnstableD60NoGlutrep1.chok1gshd_sigmaIgG.meth.bed.gz
    output: mfreq/choSigmaUnstableD60NoGlutrep1.chok1gshd_sigmaIgG.methfreq.txt
    log: log/mfreq/choSigmaUnstableD60NoGlutrep1.chok1gshd_sigmaIgG.mfreq.log
    jobid: 8
    wildcards: sample=choSigmaUnstableD60NoGlutrep1.chok1gshd_sigmaIgG


[Mon Dec  3 02:11:55 2018]
rule get_methylation_frequency:
    input: mbed/choSigmaHostD30rep1.chok1gshd_sigmaIgG.meth.bed.gz
    output: mfreq/choSigmaHostD30rep1.chok1gshd_sigmaIgG.methfreq.txt
    log: log/mfreq/choSigmaHostD30rep1.chok1gshd_sigmaIgG.mfreq.log
    jobid: 30
    wildcards: sample=choSigmaHostD30rep1.chok1gshd_sigmaIgG


[Mon Dec  3 02:11:55 2018]
rule get_methylation_frequency:
    input: mbed/choSigmaUnstableD0Glutrep1.chok1gshd_sigmaIgG.meth.bed.gz
    output: mfreq/choSigmaUnstableD0Glutrep1.chok1gshd_sigmaIgG.methfreq.txt
    log: log/mfreq/choSigmaUnstableD0Glutrep1.chok1gshd_sigmaIgG.mfreq.log
    jobid: 12
    wildcards: sample=choSigmaUnstableD0Glutrep1.chok1gshd_sigmaIgG


[Mon Dec  3 02:11:55 2018]
rule get_methylation_frequency:
    input: mbed/choSigmaUnstableD30NoGlutrep1.chok1gshd_sigmaIgG.meth.bed.gz
    output: mfreq/choSigmaUnstableD30NoGlutrep1.chok1gshd_sigmaIgG.methfreq.txt
    log: log/mfreq/choSigmaUnstableD30NoGlutrep1.chok1gshd_sigmaIgG.mfreq.log
    jobid: 3
    wildcards: sample=choSigmaUnstableD30NoGlutrep1.chok1gshd_sigmaIgG


[Mon Dec  3 02:11:55 2018]
rule get_methylation_frequency:
    input: mbed/choSigmaUnstableD0NoGlutrep1.chok1gshd_sigmaIgG.meth.bed.gz
    output: mfreq/choSigmaUnstableD0NoGlutrep1.chok1gshd_sigmaIgG.methfreq.txt
    log: log/mfreq/choSigmaUnstableD0NoGlutrep1.chok1gshd_sigmaIgG.mfreq.log
    jobid: 4
    wildcards: sample=choSigmaUnstableD0NoGlutrep1.chok1gshd_sigmaIgG


[Mon Dec  3 02:11:55 2018]
rule get_methylation_frequency:
    input: mbed/choSigmaUnstableD0Glutrep3.chok1gshd_sigmaIgG.meth.bed.gz
    output: mfreq/choSigmaUnstableD0Glutrep3.chok1gshd_sigmaIgG.methfreq.txt
    log: log/mfreq/choSigmaUnstableD0Glutrep3.chok1gshd_sigmaIgG.mfreq.log
    jobid: 26
    wildcards: sample=choSigmaUnstableD0Glutrep3.chok1gshd_sigmaIgG


[Mon Dec  3 02:11:55 2018]
rule get_methylation_frequency:
    input: mbed/choSigmaUnstableD90Glutrep1.chok1gshd_sigmaIgG.meth.bed.gz
    output: mfreq/choSigmaUnstableD90Glutrep1.chok1gshd_sigmaIgG.methfreq.txt
    log: log/mfreq/choSigmaUnstableD90Glutrep1.chok1gshd_sigmaIgG.mfreq.log
    jobid: 11
    wildcards: sample=choSigmaUnstableD90Glutrep1.chok1gshd_sigmaIgG


[Mon Dec  3 02:11:56 2018]
rule get_methylation_frequency:
    input: mbed/choSigmaUnstableD0NoGlutrep2.chok1gshd_sigmaIgG.meth.bed.gz
    output: mfreq/choSigmaUnstableD0NoGlutrep2.chok1gshd_sigmaIgG.methfreq.txt
    log: log/mfreq/choSigmaUnstableD0NoGlutrep2.chok1gshd_sigmaIgG.mfreq.log
    jobid: 24
    wildcards: sample=choSigmaUnstableD0NoGlutrep2.chok1gshd_sigmaIgG


[Mon Dec  3 02:11:56 2018]
rule get_methylation_frequency:
    input: mbed/choSigmaStableD0NoGlutrep3.chok1gshd_sigmaIgG.meth.bed.gz
    output: mfreq/choSigmaStableD0NoGlutrep3.chok1gshd_sigmaIgG.methfreq.txt
    log: log/mfreq/choSigmaStableD0NoGlutrep3.chok1gshd_sigmaIgG.mfreq.log
    jobid: 19
    wildcards: sample=choSigmaStableD0NoGlutrep3.chok1gshd_sigmaIgG


[Mon Dec  3 02:11:56 2018]
rule get_methylation_frequency:
    input: mbed/choSigmaStableD0Glutrep3.chok1gshd_sigmaIgG.meth.bed.gz
    output: mfreq/choSigmaStableD0Glutrep3.chok1gshd_sigmaIgG.methfreq.txt
    log: log/mfreq/choSigmaStableD0Glutrep3.chok1gshd_sigmaIgG.mfreq.log
    jobid: 31
    wildcards: sample=choSigmaStableD0Glutrep3.chok1gshd_sigmaIgG


[Mon Dec  3 02:11:56 2018]
rule get_methylation_frequency:
    input: mbed/choSigmaStableD60NoGlutrep1.chok1gshd_sigmaIgG.meth.bed.gz
    output: mfreq/choSigmaStableD60NoGlutrep1.chok1gshd_sigmaIgG.methfreq.txt
    log: log/mfreq/choSigmaStableD60NoGlutrep1.chok1gshd_sigmaIgG.mfreq.log
    jobid: 21
    wildcards: sample=choSigmaStableD60NoGlutrep1.chok1gshd_sigmaIgG


[Mon Dec  3 02:11:56 2018]
rule get_methylation_frequency:
    input: mbed/choSigmaUnstableD0Glutrep2.chok1gshd_sigmaIgG.meth.bed.gz
    output: mfreq/choSigmaUnstableD0Glutrep2.chok1gshd_sigmaIgG.methfreq.txt
    log: log/mfreq/choSigmaUnstableD0Glutrep2.chok1gshd_sigmaIgG.mfreq.log
    jobid: 18
    wildcards: sample=choSigmaUnstableD0Glutrep2.chok1gshd_sigmaIgG


[Mon Dec  3 02:11:56 2018]
rule get_methylation_frequency:
    input: mbed/choSigmaStableD60Glutrep1.chok1gshd_sigmaIgG.meth.bed.gz
    output: mfreq/choSigmaStableD60Glutrep1.chok1gshd_sigmaIgG.methfreq.txt
    log: log/mfreq/choSigmaStableD60Glutrep1.chok1gshd_sigmaIgG.mfreq.log
    jobid: 6
    wildcards: sample=choSigmaStableD60Glutrep1.chok1gshd_sigmaIgG


[Mon Dec  3 02:11:56 2018]
rule get_methylation_frequency:
    input: mbed/choSigmaStableD0NoGlutrep1.chok1gshd_sigmaIgG.meth.bed.gz
    output: mfreq/choSigmaStableD0NoGlutrep1.chok1gshd_sigmaIgG.methfreq.txt
    log: log/mfreq/choSigmaStableD0NoGlutrep1.chok1gshd_sigmaIgG.mfreq.log
    jobid: 14
    wildcards: sample=choSigmaStableD0NoGlutrep1.chok1gshd_sigmaIgG


[Mon Dec  3 02:11:56 2018]
rule get_methylation_frequency:
    input: mbed/choSigmaHostD60rep1.chok1gshd_sigmaIgG.meth.bed.gz
    output: mfreq/choSigmaHostD60rep1.chok1gshd_sigmaIgG.methfreq.txt
    log: log/mfreq/choSigmaHostD60rep1.chok1gshd_sigmaIgG.mfreq.log
    jobid: 28
    wildcards: sample=choSigmaHostD60rep1.chok1gshd_sigmaIgG


[Mon Dec  3 02:11:56 2018]
rule get_methylation_frequency:
    input: mbed/choSigmaStableD30NoGlutrep1.chok1gshd_sigmaIgG.meth.bed.gz
    output: mfreq/choSigmaStableD30NoGlutrep1.chok1gshd_sigmaIgG.methfreq.txt
    log: log/mfreq/choSigmaStableD30NoGlutrep1.chok1gshd_sigmaIgG.mfreq.log
    jobid: 1
    wildcards: sample=choSigmaStableD30NoGlutrep1.chok1gshd_sigmaIgG


[Mon Dec  3 02:11:56 2018]
rule get_methylation_frequency:
    input: mbed/choSigmaStableD90NoGlutrep1.chok1gshd_sigmaIgG.meth.bed.gz
    output: mfreq/choSigmaStableD90NoGlutrep1.chok1gshd_sigmaIgG.methfreq.txt
    log: log/mfreq/choSigmaStableD90NoGlutrep1.chok1gshd_sigmaIgG.mfreq.log
    jobid: 16
    wildcards: sample=choSigmaStableD90NoGlutrep1.chok1gshd_sigmaIgG


[Mon Dec  3 02:11:57 2018]
rule get_methylation_frequency:
    input: mbed/choSigmaUnstableD30Glutrep1.chok1gshd_sigmaIgG.meth.bed.gz
    output: mfreq/choSigmaUnstableD30Glutrep1.chok1gshd_sigmaIgG.methfreq.txt
    log: log/mfreq/choSigmaUnstableD30Glutrep1.chok1gshd_sigmaIgG.mfreq.log
    jobid: 22
    wildcards: sample=choSigmaUnstableD30Glutrep1.chok1gshd_sigmaIgG


[Mon Dec  3 02:11:57 2018]
rule get_methylation_frequency:
    input: mbed/choSigmaUnstableD90NoGlutrep1.chok1gshd_sigmaIgG.meth.bed.gz
    output: mfreq/choSigmaUnstableD90NoGlutrep1.chok1gshd_sigmaIgG.methfreq.txt
    log: log/mfreq/choSigmaUnstableD90NoGlutrep1.chok1gshd_sigmaIgG.mfreq.log
    jobid: 13
    wildcards: sample=choSigmaUnstableD90NoGlutrep1.chok1gshd_sigmaIgG


[Mon Dec  3 02:11:57 2018]
rule get_methylation_frequency:
    input: mbed/choSigmaStableD0Glutrep1.chok1gshd_sigmaIgG.meth.bed.gz
    output: mfreq/choSigmaStableD0Glutrep1.chok1gshd_sigmaIgG.methfreq.txt
    log: log/mfreq/choSigmaStableD0Glutrep1.chok1gshd_sigmaIgG.mfreq.log
    jobid: 10
    wildcards: sample=choSigmaStableD0Glutrep1.chok1gshd_sigmaIgG


[Mon Dec  3 02:11:57 2018]
rule get_methylation_frequency:
    input: mbed/choSigmaHostD0rep2.chok1gshd_sigmaIgG.meth.bed.gz
    output: mfreq/choSigmaHostD0rep2.chok1gshd_sigmaIgG.methfreq.txt
    log: log/mfreq/choSigmaHostD0rep2.chok1gshd_sigmaIgG.mfreq.log
    jobid: 25
    wildcards: sample=choSigmaHostD0rep2.chok1gshd_sigmaIgG


[Mon Dec  3 02:11:57 2018]
rule get_methylation_frequency:
    input: mbed/choSigmaHostD0rep3.chok1gshd_sigmaIgG.meth.bed.gz
    output: mfreq/choSigmaHostD0rep3.chok1gshd_sigmaIgG.methfreq.txt
    log: log/mfreq/choSigmaHostD0rep3.chok1gshd_sigmaIgG.mfreq.log
    jobid: 27
    wildcards: sample=choSigmaHostD0rep3.chok1gshd_sigmaIgG


[Mon Dec  3 02:11:57 2018]
rule get_methylation_frequency:
    input: mbed/choSigmaStableD0Glutrep2.chok1gshd_sigmaIgG.meth.bed.gz
    output: mfreq/choSigmaStableD0Glutrep2.chok1gshd_sigmaIgG.methfreq.txt
    log: log/mfreq/choSigmaStableD0Glutrep2.chok1gshd_sigmaIgG.mfreq.log
    jobid: 2
    wildcards: sample=choSigmaStableD0Glutrep2.chok1gshd_sigmaIgG


[Mon Dec  3 02:11:57 2018]
rule get_methylation_frequency:
    input: mbed/choSigmaHostD0rep1.chok1gshd_sigmaIgG.meth.bed.gz
    output: mfreq/choSigmaHostD0rep1.chok1gshd_sigmaIgG.methfreq.txt
    log: log/mfreq/choSigmaHostD0rep1.chok1gshd_sigmaIgG.mfreq.log
    jobid: 23
    wildcards: sample=choSigmaHostD0rep1.chok1gshd_sigmaIgG


[Mon Dec  3 02:11:57 2018]
rule get_methylation_frequency:
    input: mbed/choSigmaStableD30Glutrep1.chok1gshd_sigmaIgG.meth.bed.gz
    output: mfreq/choSigmaStableD30Glutrep1.chok1gshd_sigmaIgG.methfreq.txt
    log: log/mfreq/choSigmaStableD30Glutrep1.chok1gshd_sigmaIgG.mfreq.log
    jobid: 15
    wildcards: sample=choSigmaStableD30Glutrep1.chok1gshd_sigmaIgG


[Mon Dec  3 02:11:57 2018]
rule get_methylation_frequency:
    input: mbed/choSigmaHostD90rep1.chok1gshd_sigmaIgG.meth.bed.gz
    output: mfreq/choSigmaHostD90rep1.chok1gshd_sigmaIgG.methfreq.txt
    log: log/mfreq/choSigmaHostD90rep1.chok1gshd_sigmaIgG.mfreq.log
    jobid: 29
    wildcards: sample=choSigmaHostD90rep1.chok1gshd_sigmaIgG


[Mon Dec  3 02:11:57 2018]
rule get_methylation_frequency:
    input: mbed/choSigmaStableD0NoGlutrep2.chok1gshd_sigmaIgG.meth.bed.gz
    output: mfreq/choSigmaStableD0NoGlutrep2.chok1gshd_sigmaIgG.methfreq.txt
    log: log/mfreq/choSigmaStableD0NoGlutrep2.chok1gshd_sigmaIgG.mfreq.log
    jobid: 17
    wildcards: sample=choSigmaStableD0NoGlutrep2.chok1gshd_sigmaIgG


[Mon Dec  3 02:11:58 2018]
rule get_methylation_frequency:
    input: mbed/choSigmaUnstableD0NoGlutrep3.chok1gshd_sigmaIgG.meth.bed.gz
    output: mfreq/choSigmaUnstableD0NoGlutrep3.chok1gshd_sigmaIgG.methfreq.txt
    log: log/mfreq/choSigmaUnstableD0NoGlutrep3.chok1gshd_sigmaIgG.mfreq.log
    jobid: 7
    wildcards: sample=choSigmaUnstableD0NoGlutrep3.chok1gshd_sigmaIgG

[Mon Dec  3 02:13:42 2018]
Finished job 15.
1 of 32 steps (3%) done
[Mon Dec  3 02:15:16 2018]
Finished job 7.
2 of 32 steps (6%) done
[Mon Dec  3 02:15:43 2018]
Finished job 2.
3 of 32 steps (9%) done
[Mon Dec  3 02:16:03 2018]
Finished job 19.
4 of 32 steps (12%) done
[Mon Dec  3 02:16:55 2018]
Finished job 11.
5 of 32 steps (16%) done
[Mon Dec  3 02:17:03 2018]
Finished job 12.
6 of 32 steps (19%) done
[Mon Dec  3 02:17:12 2018]
Finished job 17.
7 of 32 steps (22%) done
[Mon Dec  3 02:17:15 2018]
Finished job 3.
8 of 32 steps (25%) done
[Mon Dec  3 02:17:21 2018]
Finished job 24.
9 of 32 steps (28%) done
[Mon Dec  3 02:17:26 2018]
Finished job 16.
10 of 32 steps (31%) done
[Mon Dec  3 02:17:43 2018]
Finished job 21.
11 of 32 steps (34%) done
[Mon Dec  3 02:18:04 2018]
Finished job 25.
12 of 32 steps (38%) done
[Mon Dec  3 02:18:04 2018]
Finished job 9.
13 of 32 steps (41%) done
[Mon Dec  3 02:18:14 2018]
Finished job 14.
14 of 32 steps (44%) done
[Mon Dec  3 02:18:38 2018]
Finished job 10.
15 of 32 steps (47%) done
[Mon Dec  3 02:18:44 2018]
Finished job 22.
16 of 32 steps (50%) done
[Mon Dec  3 02:18:48 2018]
Finished job 6.
17 of 32 steps (53%) done
[Mon Dec  3 02:18:51 2018]
Finished job 13.
18 of 32 steps (56%) done
[Mon Dec  3 02:18:52 2018]
Finished job 1.
19 of 32 steps (59%) done
[Mon Dec  3 02:18:58 2018]
Finished job 4.
20 of 32 steps (62%) done
[Mon Dec  3 02:19:02 2018]
Finished job 23.
21 of 32 steps (66%) done
[Mon Dec  3 02:19:08 2018]
Finished job 18.
22 of 32 steps (69%) done
[Mon Dec  3 02:19:26 2018]
Finished job 20.
23 of 32 steps (72%) done
[Mon Dec  3 02:19:26 2018]
Finished job 30.
24 of 32 steps (75%) done
[Mon Dec  3 02:19:32 2018]
Finished job 28.
25 of 32 steps (78%) done
[Mon Dec  3 02:19:43 2018]
Finished job 29.
26 of 32 steps (81%) done
[Mon Dec  3 02:19:47 2018]
Finished job 26.
27 of 32 steps (84%) done
[Mon Dec  3 02:20:08 2018]
Finished job 27.
28 of 32 steps (88%) done
[Mon Dec  3 02:21:39 2018]
Finished job 31.
29 of 32 steps (91%) done
[Mon Dec  3 02:22:17 2018]
Finished job 8.
30 of 32 steps (94%) done
[Mon Dec  3 02:31:26 2018]
Finished job 5.
31 of 32 steps (97%) done

[Mon Dec  3 02:31:26 2018]
localrule all:
    input: mfreq/choSigmaHostD0rep1.chok1gshd_sigmaIgG.methfreq.txt, mfreq/choSigmaHostD0rep2.chok1gshd_sigmaIgG.methfreq.txt, mfreq/choSigmaHostD0rep3.chok1gshd_sigmaIgG.methfreq.txt, mfreq/choSigmaStableD0Glutrep1.chok1gshd_sigmaIgG.methfreq.txt, mfreq/choSigmaStableD0Glutrep2.chok1gshd_sigmaIgG.methfreq.txt, mfreq/choSigmaStableD0Glutrep3.chok1gshd_sigmaIgG.methfreq.txt, mfreq/choSigmaUnstableD0Glutrep1.chok1gshd_sigmaIgG.methfreq.txt, mfreq/choSigmaUnstableD0Glutrep2.chok1gshd_sigmaIgG.methfreq.txt, mfreq/choSigmaUnstableD0Glutrep3.chok1gshd_sigmaIgG.methfreq.txt, mfreq/choSigmaStableD0NoGlutrep1.chok1gshd_sigmaIgG.methfreq.txt, mfreq/choSigmaStableD0NoGlutrep2.chok1gshd_sigmaIgG.methfreq.txt, mfreq/choSigmaStableD0NoGlutrep3.chok1gshd_sigmaIgG.methfreq.txt, mfreq/choSigmaUnstableD0NoGlutrep1.chok1gshd_sigmaIgG.methfreq.txt, mfreq/choSigmaUnstableD0NoGlutrep2.chok1gshd_sigmaIgG.methfreq.txt, mfreq/choSigmaUnstableD0NoGlutrep3.chok1gshd_sigmaIgG.methfreq.txt, mfreq/choSigmaHostD30rep1.chok1gshd_sigmaIgG.methfreq.txt, mfreq/choSigmaHostD30rep2.chok1gshd_sigmaIgG.methfreq.txt, mfreq/choSigmaHostD60rep1.chok1gshd_sigmaIgG.methfreq.txt, mfreq/choSigmaHostD90rep1.chok1gshd_sigmaIgG.methfreq.txt, mfreq/choSigmaStableD30Glutrep1.chok1gshd_sigmaIgG.methfreq.txt, mfreq/choSigmaStableD60Glutrep1.chok1gshd_sigmaIgG.methfreq.txt, mfreq/choSigmaStableD90Glutrep1.chok1gshd_sigmaIgG.methfreq.txt, mfreq/choSigmaUnstableD30Glutrep1.chok1gshd_sigmaIgG.methfreq.txt, mfreq/choSigmaUnstableD60Glutrep1.chok1gshd_sigmaIgG.methfreq.txt, mfreq/choSigmaUnstableD90Glutrep1.chok1gshd_sigmaIgG.methfreq.txt, mfreq/choSigmaStableD30NoGlutrep1.chok1gshd_sigmaIgG.methfreq.txt, mfreq/choSigmaStableD60NoGlutrep1.chok1gshd_sigmaIgG.methfreq.txt, mfreq/choSigmaStableD90NoGlutrep1.chok1gshd_sigmaIgG.methfreq.txt, mfreq/choSigmaUnstableD30NoGlutrep1.chok1gshd_sigmaIgG.methfreq.txt, mfreq/choSigmaUnstableD60NoGlutrep1.chok1gshd_sigmaIgG.methfreq.txt, mfreq/choSigmaUnstableD90NoGlutrep1.chok1gshd_sigmaIgG.methfreq.txt
    jobid: 0

[Mon Dec  3 02:31:26 2018]
Finished job 0.
32 of 32 steps (100%) done
Complete log: /home/ubuntu/Code/ambic-epigenome/snakemake/.snakemake/log/2018-12-03T021155.069826.snakemake.log
