Building DAG of jobs...
Using shell: /bin/bash
Provided cores: 72
Rules claiming more threads will be scaled down.
Job counts:
	count	jobs
	1	all
	1	merge_sniffles_across_samples
	2

[Mon Dec  3 06:10:33 2018]
rule merge_sniffles_across_samples:
    input: sv/choSigmaHostD0.chok1gshd_sigmaIgG.sniffles.vcf, sv/choSigmaHostD30.chok1gshd_sigmaIgG.sniffles.vcf, sv/choSigmaHostD60.chok1gshd_sigmaIgG.sniffles.vcf, sv/choSigmaHostD90.chok1gshd_sigmaIgG.sniffles.vcf, sv/choSigmaStableD0Glut.chok1gshd_sigmaIgG.sniffles.vcf, sv/choSigmaStableD30Glut.chok1gshd_sigmaIgG.sniffles.vcf, sv/choSigmaStableD60Glut.chok1gshd_sigmaIgG.sniffles.vcf, sv/choSigmaStableD90Glut.chok1gshd_sigmaIgG.sniffles.vcf, sv/choSigmaUnstableD0Glut.chok1gshd_sigmaIgG.sniffles.vcf, sv/choSigmaUnstableD30Glut.chok1gshd_sigmaIgG.sniffles.vcf, sv/choSigmaUnstableD60Glut.chok1gshd_sigmaIgG.sniffles.vcf, sv/choSigmaUnstableD90Glut.chok1gshd_sigmaIgG.sniffles.vcf, sv/choSigmaStableD0NoGlut.chok1gshd_sigmaIgG.sniffles.vcf, sv/choSigmaStableD30NoGlut.chok1gshd_sigmaIgG.sniffles.vcf, sv/choSigmaStableD60NoGlut.chok1gshd_sigmaIgG.sniffles.vcf, sv/choSigmaStableD90NoGlut.chok1gshd_sigmaIgG.sniffles.vcf, sv/choSigmaUnstableD0NoGlut.chok1gshd_sigmaIgG.sniffles.vcf, sv/choSigmaUnstableD30NoGlut.chok1gshd_sigmaIgG.sniffles.vcf, sv/choSigmaUnstableD60NoGlut.chok1gshd_sigmaIgG.sniffles.vcf, sv/choSigmaUnstableD90NoGlut.chok1gshd_sigmaIgG.sniffles.vcf
    output: sv/181201_choSigmaAgingStudy.sniffles.fofn, sv/181201_choSigmaAgingStudy.merged.vcf
    log: log/sv/181201_choSigmaAgingStudy.sv.firstmerge.log
    jobid: 1

Waiting at most 5 seconds for missing files.
MissingOutputException in line 28 of /home/ubuntu/Code/ambic-epigenome/snakemake/181129_chosigma_genome_snakemake.py:
Missing files after 5 seconds:
sv/181201_choSigmaAgingStudy.sniffles.fofn
This might be due to filesystem latency. If that is the case, consider to increase the wait time with --latency-wait.
Removing output files of failed job merge_sniffles_across_samples since they might be corrupted:
sv/181201_choSigmaAgingStudy.merged.vcf
Shutting down, this might take some time.
Exiting because a job execution failed. Look above for error message
Complete log: /home/ubuntu/Code/ambic-epigenome/snakemake/.snakemake/log/2018-12-03T061033.381997.snakemake.log
