Building DAG of jobs...
Using shell: /bin/bash
Provided cores: 72
Rules claiming more threads will be scaled down.
Job counts:
	count	jobs
	1	all
	1	merge_coverage
	2

[Sun Dec  2 15:59:52 2018]
rule merge_coverage:
    input: coverage/choSigmaHostD30.chok1gshd_sigmaIgG.coverage.bed, coverage/choSigmaHostD60.chok1gshd_sigmaIgG.coverage.bed, coverage/choSigmaHostD90.chok1gshd_sigmaIgG.coverage.bed, coverage/choSigmaStableD30Glut.chok1gshd_sigmaIgG.coverage.bed, coverage/choSigmaStableD60Glut.chok1gshd_sigmaIgG.coverage.bed, coverage/choSigmaStableD90Glut.chok1gshd_sigmaIgG.coverage.bed, coverage/choSigmaUnstableD30Glut.chok1gshd_sigmaIgG.coverage.bed, coverage/choSigmaUnstableD60Glut.chok1gshd_sigmaIgG.coverage.bed, coverage/choSigmaUnstableD90Glut.chok1gshd_sigmaIgG.coverage.bed, coverage/choSigmaStableD0NoGlut.chok1gshd_sigmaIgG.coverage.bed, coverage/choSigmaStableD30NoGlut.chok1gshd_sigmaIgG.coverage.bed, coverage/choSigmaStableD60NoGlut.chok1gshd_sigmaIgG.coverage.bed, coverage/choSigmaStableD90NoGlut.chok1gshd_sigmaIgG.coverage.bed, coverage/choSigmaUnstableD0NoGlut.chok1gshd_sigmaIgG.coverage.bed, coverage/choSigmaUnstableD30NoGlut.chok1gshd_sigmaIgG.coverage.bed, coverage/choSigmaUnstableD60NoGlut.chok1gshd_sigmaIgG.coverage.bed, coverage/choSigmaUnstableD90NoGlut.chok1gshd_sigmaIgG.coverage.bed
    output: coverage/181201_choSigmaAgingStudy.coverage.bed
    jobid: 1

[Sun Dec  2 15:59:55 2018]
Finished job 1.
1 of 2 steps (50%) done

[Sun Dec  2 15:59:55 2018]
localrule all:
    input: coverage/181201_choSigmaAgingStudy.coverage.bed
    jobid: 0

[Sun Dec  2 15:59:55 2018]
Finished job 0.
2 of 2 steps (100%) done
Complete log: /home/ubuntu/Code/ambic-epigenome/snakemake/.snakemake/log/2018-12-02T155952.616328.snakemake.log
