Building DAG of jobs...
Using shell: /bin/bash
Provided cores: 72
Rules claiming more threads will be scaled down.
Job counts:
	count	jobs
	1	all
	20	convert_mtsv_to_mbed
	20	get_methylation_frequency
	20	pool_to_replicates
	1	smooth_methylation
	62

[Mon Dec  3 13:43:10 2018]
rule pool_to_replicates:
    output: mcall_replicates/choSigmaHostD90.chok1gshd_sigmaIgG.meth.tsv
    jobid: 45
    wildcards: sample=choSigmaHostD90.chok1gshd_sigmaIgG


[Mon Dec  3 13:43:10 2018]
rule pool_to_replicates:
    output: mcall_replicates/choSigmaStableD90NoGlut.chok1gshd_sigmaIgG.meth.tsv
    jobid: 54
    wildcards: sample=choSigmaStableD90NoGlut.chok1gshd_sigmaIgG


[Mon Dec  3 13:43:10 2018]
rule pool_to_replicates:
    output: mcall_replicates/choSigmaUnstableD90Glut.chok1gshd_sigmaIgG.meth.tsv
    jobid: 60
    wildcards: sample=choSigmaUnstableD90Glut.chok1gshd_sigmaIgG


[Mon Dec  3 13:43:10 2018]
rule pool_to_replicates:
    output: mcall_replicates/choSigmaUnstableD0NoGlut.chok1gshd_sigmaIgG.meth.tsv
    jobid: 43
    wildcards: sample=choSigmaUnstableD0NoGlut.chok1gshd_sigmaIgG


[Mon Dec  3 13:43:10 2018]
rule pool_to_replicates:
    output: mcall_replicates/choSigmaHostD60.chok1gshd_sigmaIgG.meth.tsv
    jobid: 42
    wildcards: sample=choSigmaHostD60.chok1gshd_sigmaIgG


[Mon Dec  3 13:43:10 2018]
rule pool_to_replicates:
    output: mcall_replicates/choSigmaStableD60NoGlut.chok1gshd_sigmaIgG.meth.tsv
    jobid: 51
    wildcards: sample=choSigmaStableD60NoGlut.chok1gshd_sigmaIgG


[Mon Dec  3 13:43:10 2018]
rule pool_to_replicates:
    output: mcall_replicates/choSigmaUnstableD60Glut.chok1gshd_sigmaIgG.meth.tsv
    jobid: 48
    wildcards: sample=choSigmaUnstableD60Glut.chok1gshd_sigmaIgG


[Mon Dec  3 13:43:10 2018]
rule pool_to_replicates:
    output: mcall_replicates/choSigmaStableD30NoGlut.chok1gshd_sigmaIgG.meth.tsv
    jobid: 47
    wildcards: sample=choSigmaStableD30NoGlut.chok1gshd_sigmaIgG


[Mon Dec  3 13:43:10 2018]
rule pool_to_replicates:
    output: mcall_replicates/choSigmaHostD0.chok1gshd_sigmaIgG.meth.tsv
    jobid: 52
    wildcards: sample=choSigmaHostD0.chok1gshd_sigmaIgG


[Mon Dec  3 13:43:10 2018]
rule pool_to_replicates:
    output: mcall_replicates/choSigmaHostD30.chok1gshd_sigmaIgG.meth.tsv
    jobid: 53
    wildcards: sample=choSigmaHostD30.chok1gshd_sigmaIgG


[Mon Dec  3 13:43:11 2018]
rule pool_to_replicates:
    output: mcall_replicates/choSigmaUnstableD30NoGlut.chok1gshd_sigmaIgG.meth.tsv
    jobid: 56
    wildcards: sample=choSigmaUnstableD30NoGlut.chok1gshd_sigmaIgG


[Mon Dec  3 13:43:11 2018]
rule pool_to_replicates:
    output: mcall_replicates/choSigmaUnstableD90NoGlut.chok1gshd_sigmaIgG.meth.tsv
    jobid: 57
    wildcards: sample=choSigmaUnstableD90NoGlut.chok1gshd_sigmaIgG


[Mon Dec  3 13:43:11 2018]
rule pool_to_replicates:
    output: mcall_replicates/choSigmaUnstableD0Glut.chok1gshd_sigmaIgG.meth.tsv
    jobid: 58
    wildcards: sample=choSigmaUnstableD0Glut.chok1gshd_sigmaIgG


[Mon Dec  3 13:43:11 2018]
rule pool_to_replicates:
    output: mcall_replicates/choSigmaStableD0NoGlut.chok1gshd_sigmaIgG.meth.tsv
    jobid: 46
    wildcards: sample=choSigmaStableD0NoGlut.chok1gshd_sigmaIgG


[Mon Dec  3 13:43:11 2018]
rule pool_to_replicates:
    output: mcall_replicates/choSigmaStableD30Glut.chok1gshd_sigmaIgG.meth.tsv
    jobid: 50
    wildcards: sample=choSigmaStableD30Glut.chok1gshd_sigmaIgG


[Mon Dec  3 13:43:11 2018]
rule pool_to_replicates:
    output: mcall_replicates/choSigmaUnstableD60NoGlut.chok1gshd_sigmaIgG.meth.tsv
    jobid: 55
    wildcards: sample=choSigmaUnstableD60NoGlut.chok1gshd_sigmaIgG


[Mon Dec  3 13:43:11 2018]
rule pool_to_replicates:
    output: mcall_replicates/choSigmaStableD60Glut.chok1gshd_sigmaIgG.meth.tsv
    jobid: 59
    wildcards: sample=choSigmaStableD60Glut.chok1gshd_sigmaIgG


[Mon Dec  3 13:43:11 2018]
rule pool_to_replicates:
    output: mcall_replicates/choSigmaStableD0Glut.chok1gshd_sigmaIgG.meth.tsv
    jobid: 61
    wildcards: sample=choSigmaStableD0Glut.chok1gshd_sigmaIgG


[Mon Dec  3 13:43:11 2018]
rule pool_to_replicates:
    output: mcall_replicates/choSigmaUnstableD30Glut.chok1gshd_sigmaIgG.meth.tsv
    jobid: 44
    wildcards: sample=choSigmaUnstableD30Glut.chok1gshd_sigmaIgG


[Mon Dec  3 13:43:11 2018]
rule pool_to_replicates:
    output: mcall_replicates/choSigmaStableD90Glut.chok1gshd_sigmaIgG.meth.tsv
    jobid: 49
    wildcards: sample=choSigmaStableD90Glut.chok1gshd_sigmaIgG

Terminating processes on user request, this might take some time.
[Mon Dec  3 13:54:07 2018]
[Mon Dec  3 13:54:07 2018]
Error in rule pool_to_replicates:
[Mon Dec  3 13:54:07 2018]
[Mon Dec  3 13:54:07 2018]
[Mon Dec  3 13:54:07 2018]
[Mon Dec  3 13:54:07 2018]
[Mon Dec  3 13:54:07 2018]
[Mon Dec  3 13:54:07 2018]
[Mon Dec  3 13:54:07 2018]
[Mon Dec  3 13:54:07 2018]
[Mon Dec  3 13:54:07 2018]
[Mon Dec  3 13:54:07 2018]
[Mon Dec  3 13:54:07 2018]
[Mon Dec  3 13:54:07 2018]
Error in rule pool_to_replicates:
[Mon Dec  3 13:54:07 2018]
[Mon Dec  3 13:54:07 2018]
    jobid: 60
Error in rule pool_to_replicates:
[Mon Dec  3 13:54:07 2018]
[Mon Dec  3 13:54:07 2018]
[Mon Dec  3 13:54:07 2018]
Error in rule pool_to_replicates:
[Mon Dec  3 13:54:07 2018]
Error in rule pool_to_replicates:
Error in rule pool_to_replicates:
Error in rule pool_to_replicates:
Error in rule pool_to_replicates:
Error in rule pool_to_replicates:
Error in rule pool_to_replicates:
Error in rule pool_to_replicates:
Error in rule pool_to_replicates:
Error in rule pool_to_replicates:
Error in rule pool_to_replicates:
    jobid: 47
Error in rule pool_to_replicates:
Error in rule pool_to_replicates:
    output: mcall_replicates/choSigmaUnstableD90Glut.chok1gshd_sigmaIgG.meth.tsv
    jobid: 61
Error in rule pool_to_replicates:
Error in rule pool_to_replicates:
Error in rule pool_to_replicates:
    jobid: 58
Error in rule pool_to_replicates:
    jobid: 56
    jobid: 55
    jobid: 57
    jobid: 46
    jobid: 51
    jobid: 54
    jobid: 42
    jobid: 45
    jobid: 48
    jobid: 59
    output: mcall_replicates/choSigmaStableD30NoGlut.chok1gshd_sigmaIgG.meth.tsv
    jobid: 44
    jobid: 53

    output: mcall_replicates/choSigmaStableD0Glut.chok1gshd_sigmaIgG.meth.tsv
    jobid: 52
    jobid: 50
    jobid: 43
    output: mcall_replicates/choSigmaUnstableD0Glut.chok1gshd_sigmaIgG.meth.tsv
    jobid: 49
    output: mcall_replicates/choSigmaUnstableD30NoGlut.chok1gshd_sigmaIgG.meth.tsv
    output: mcall_replicates/choSigmaUnstableD60NoGlut.chok1gshd_sigmaIgG.meth.tsv
    output: mcall_replicates/choSigmaUnstableD90NoGlut.chok1gshd_sigmaIgG.meth.tsv
    output: mcall_replicates/choSigmaStableD0NoGlut.chok1gshd_sigmaIgG.meth.tsv
    output: mcall_replicates/choSigmaStableD60NoGlut.chok1gshd_sigmaIgG.meth.tsv
    output: mcall_replicates/choSigmaStableD90NoGlut.chok1gshd_sigmaIgG.meth.tsv
    output: mcall_replicates/choSigmaHostD60.chok1gshd_sigmaIgG.meth.tsv
    output: mcall_replicates/choSigmaHostD90.chok1gshd_sigmaIgG.meth.tsv
    output: mcall_replicates/choSigmaUnstableD60Glut.chok1gshd_sigmaIgG.meth.tsv
    output: mcall_replicates/choSigmaStableD60Glut.chok1gshd_sigmaIgG.meth.tsv

    output: mcall_replicates/choSigmaUnstableD30Glut.chok1gshd_sigmaIgG.meth.tsv
    output: mcall_replicates/choSigmaHostD30.chok1gshd_sigmaIgG.meth.tsv

    output: mcall_replicates/choSigmaHostD0.chok1gshd_sigmaIgG.meth.tsv
    output: mcall_replicates/choSigmaStableD30Glut.chok1gshd_sigmaIgG.meth.tsv
    output: mcall_replicates/choSigmaUnstableD0NoGlut.chok1gshd_sigmaIgG.meth.tsv

    output: mcall_replicates/choSigmaStableD90Glut.chok1gshd_sigmaIgG.meth.tsv


RuleException:
CalledProcessError in line 23 of /home/ubuntu/Code/ambic-epigenome/snakemake/181129_chosigma_meth_snakemake.py:
Command ' set -euo pipefail;  /home/ubuntu/Code/ambic-epigenome/util/merge_methylation_tsv.sh -d mcall -b choSigmaUnstableD90Glut.chok1gshd_sigmaIgG > mcall_replicates/choSigmaUnstableD90Glut.chok1gshd_sigmaIgG.meth.tsv ' died with <Signals.SIGINT: 2>.
  File "/home/ubuntu/Code/ambic-epigenome/snakemake/181129_chosigma_meth_snakemake.py", line 23, in __rule_pool_to_replicates
  File "/home/ubuntu/Code/miniconda3/lib/python3.6/concurrent/futures/thread.py", line 56, in run









RuleException:
CalledProcessError in line 23 of /home/ubuntu/Code/ambic-epigenome/snakemake/181129_chosigma_meth_snakemake.py:
Command ' set -euo pipefail;  /home/ubuntu/Code/ambic-epigenome/util/merge_methylation_tsv.sh -d mcall -b choSigmaStableD30NoGlut.chok1gshd_sigmaIgG > mcall_replicates/choSigmaStableD30NoGlut.chok1gshd_sigmaIgG.meth.tsv ' died with <Signals.SIGINT: 2>.
  File "/home/ubuntu/Code/ambic-epigenome/snakemake/181129_chosigma_meth_snakemake.py", line 23, in __rule_pool_to_replicates
  File "/home/ubuntu/Code/miniconda3/lib/python3.6/concurrent/futures/thread.py", line 56, in run

RuleException:
CalledProcessError in line 23 of /home/ubuntu/Code/ambic-epigenome/snakemake/181129_chosigma_meth_snakemake.py:
Command ' set -euo pipefail;  /home/ubuntu/Code/ambic-epigenome/util/merge_methylation_tsv.sh -d mcall -b choSigmaStableD0Glut.chok1gshd_sigmaIgG > mcall_replicates/choSigmaStableD0Glut.chok1gshd_sigmaIgG.meth.tsv ' died with <Signals.SIGINT: 2>.
  File "/home/ubuntu/Code/ambic-epigenome/snakemake/181129_chosigma_meth_snakemake.py", line 23, in __rule_pool_to_replicates
  File "/home/ubuntu/Code/miniconda3/lib/python3.6/concurrent/futures/thread.py", line 56, in run




RuleException:
CalledProcessError in line 23 of /home/ubuntu/Code/ambic-epigenome/snakemake/181129_chosigma_meth_snakemake.py:
Command ' set -euo pipefail;  /home/ubuntu/Code/ambic-epigenome/util/merge_methylation_tsv.sh -d mcall -b choSigmaUnstableD0Glut.chok1gshd_sigmaIgG > mcall_replicates/choSigmaUnstableD0Glut.chok1gshd_sigmaIgG.meth.tsv ' died with <Signals.SIGINT: 2>.
  File "/home/ubuntu/Code/ambic-epigenome/snakemake/181129_chosigma_meth_snakemake.py", line 23, in __rule_pool_to_replicates
  File "/home/ubuntu/Code/miniconda3/lib/python3.6/concurrent/futures/thread.py", line 56, in run
Removing output files of failed job pool_to_replicates since they might be corrupted:
mcall_replicates/choSigmaUnstableD90Glut.chok1gshd_sigmaIgG.meth.tsv
RuleException:
CalledProcessError in line 23 of /home/ubuntu/Code/ambic-epigenome/snakemake/181129_chosigma_meth_snakemake.py:
Command ' set -euo pipefail;  /home/ubuntu/Code/ambic-epigenome/util/merge_methylation_tsv.sh -d mcall -b choSigmaUnstableD30NoGlut.chok1gshd_sigmaIgG > mcall_replicates/choSigmaUnstableD30NoGlut.chok1gshd_sigmaIgG.meth.tsv ' died with <Signals.SIGINT: 2>.
  File "/home/ubuntu/Code/ambic-epigenome/snakemake/181129_chosigma_meth_snakemake.py", line 23, in __rule_pool_to_replicates
  File "/home/ubuntu/Code/miniconda3/lib/python3.6/concurrent/futures/thread.py", line 56, in run
RuleException:
CalledProcessError in line 23 of /home/ubuntu/Code/ambic-epigenome/snakemake/181129_chosigma_meth_snakemake.py:
Command ' set -euo pipefail;  /home/ubuntu/Code/ambic-epigenome/util/merge_methylation_tsv.sh -d mcall -b choSigmaUnstableD60NoGlut.chok1gshd_sigmaIgG > mcall_replicates/choSigmaUnstableD60NoGlut.chok1gshd_sigmaIgG.meth.tsv ' died with <Signals.SIGINT: 2>.
  File "/home/ubuntu/Code/ambic-epigenome/snakemake/181129_chosigma_meth_snakemake.py", line 23, in __rule_pool_to_replicates
  File "/home/ubuntu/Code/miniconda3/lib/python3.6/concurrent/futures/thread.py", line 56, in run
RuleException:
CalledProcessError in line 23 of /home/ubuntu/Code/ambic-epigenome/snakemake/181129_chosigma_meth_snakemake.py:
Command ' set -euo pipefail;  /home/ubuntu/Code/ambic-epigenome/util/merge_methylation_tsv.sh -d mcall -b choSigmaUnstableD90NoGlut.chok1gshd_sigmaIgG > mcall_replicates/choSigmaUnstableD90NoGlut.chok1gshd_sigmaIgG.meth.tsv ' died with <Signals.SIGINT: 2>.
  File "/home/ubuntu/Code/ambic-epigenome/snakemake/181129_chosigma_meth_snakemake.py", line 23, in __rule_pool_to_replicates
  File "/home/ubuntu/Code/miniconda3/lib/python3.6/concurrent/futures/thread.py", line 56, in run
RuleException:
CalledProcessError in line 23 of /home/ubuntu/Code/ambic-epigenome/snakemake/181129_chosigma_meth_snakemake.py:
Command ' set -euo pipefail;  /home/ubuntu/Code/ambic-epigenome/util/merge_methylation_tsv.sh -d mcall -b choSigmaStableD0NoGlut.chok1gshd_sigmaIgG > mcall_replicates/choSigmaStableD0NoGlut.chok1gshd_sigmaIgG.meth.tsv ' died with <Signals.SIGINT: 2>.
  File "/home/ubuntu/Code/ambic-epigenome/snakemake/181129_chosigma_meth_snakemake.py", line 23, in __rule_pool_to_replicates
  File "/home/ubuntu/Code/miniconda3/lib/python3.6/concurrent/futures/thread.py", line 56, in run
RuleException:
CalledProcessError in line 23 of /home/ubuntu/Code/ambic-epigenome/snakemake/181129_chosigma_meth_snakemake.py:
Command ' set -euo pipefail;  /home/ubuntu/Code/ambic-epigenome/util/merge_methylation_tsv.sh -d mcall -b choSigmaStableD60NoGlut.chok1gshd_sigmaIgG > mcall_replicates/choSigmaStableD60NoGlut.chok1gshd_sigmaIgG.meth.tsv ' died with <Signals.SIGINT: 2>.
  File "/home/ubuntu/Code/ambic-epigenome/snakemake/181129_chosigma_meth_snakemake.py", line 23, in __rule_pool_to_replicates
  File "/home/ubuntu/Code/miniconda3/lib/python3.6/concurrent/futures/thread.py", line 56, in run
RuleException:
CalledProcessError in line 23 of /home/ubuntu/Code/ambic-epigenome/snakemake/181129_chosigma_meth_snakemake.py:
Command ' set -euo pipefail;  /home/ubuntu/Code/ambic-epigenome/util/merge_methylation_tsv.sh -d mcall -b choSigmaStableD90NoGlut.chok1gshd_sigmaIgG > mcall_replicates/choSigmaStableD90NoGlut.chok1gshd_sigmaIgG.meth.tsv ' died with <Signals.SIGINT: 2>.
  File "/home/ubuntu/Code/ambic-epigenome/snakemake/181129_chosigma_meth_snakemake.py", line 23, in __rule_pool_to_replicates
  File "/home/ubuntu/Code/miniconda3/lib/python3.6/concurrent/futures/thread.py", line 56, in run
RuleException:
CalledProcessError in line 23 of /home/ubuntu/Code/ambic-epigenome/snakemake/181129_chosigma_meth_snakemake.py:
Command ' set -euo pipefail;  /home/ubuntu/Code/ambic-epigenome/util/merge_methylation_tsv.sh -d mcall -b choSigmaHostD90.chok1gshd_sigmaIgG > mcall_replicates/choSigmaHostD90.chok1gshd_sigmaIgG.meth.tsv ' died with <Signals.SIGINT: 2>.
  File "/home/ubuntu/Code/ambic-epigenome/snakemake/181129_chosigma_meth_snakemake.py", line 23, in __rule_pool_to_replicates
  File "/home/ubuntu/Code/miniconda3/lib/python3.6/concurrent/futures/thread.py", line 56, in run
RuleException:
CalledProcessError in line 23 of /home/ubuntu/Code/ambic-epigenome/snakemake/181129_chosigma_meth_snakemake.py:
Command ' set -euo pipefail;  /home/ubuntu/Code/ambic-epigenome/util/merge_methylation_tsv.sh -d mcall -b choSigmaHostD60.chok1gshd_sigmaIgG > mcall_replicates/choSigmaHostD60.chok1gshd_sigmaIgG.meth.tsv ' died with <Signals.SIGINT: 2>.
  File "/home/ubuntu/Code/ambic-epigenome/snakemake/181129_chosigma_meth_snakemake.py", line 23, in __rule_pool_to_replicates
  File "/home/ubuntu/Code/miniconda3/lib/python3.6/concurrent/futures/thread.py", line 56, in run
RuleException:
CalledProcessError in line 23 of /home/ubuntu/Code/ambic-epigenome/snakemake/181129_chosigma_meth_snakemake.py:
Command ' set -euo pipefail;  /home/ubuntu/Code/ambic-epigenome/util/merge_methylation_tsv.sh -d mcall -b choSigmaUnstableD60Glut.chok1gshd_sigmaIgG > mcall_replicates/choSigmaUnstableD60Glut.chok1gshd_sigmaIgG.meth.tsv ' died with <Signals.SIGINT: 2>.
  File "/home/ubuntu/Code/ambic-epigenome/snakemake/181129_chosigma_meth_snakemake.py", line 23, in __rule_pool_to_replicates
  File "/home/ubuntu/Code/miniconda3/lib/python3.6/concurrent/futures/thread.py", line 56, in run
RuleException:
CalledProcessError in line 23 of /home/ubuntu/Code/ambic-epigenome/snakemake/181129_chosigma_meth_snakemake.py:
Command ' set -euo pipefail;  /home/ubuntu/Code/ambic-epigenome/util/merge_methylation_tsv.sh -d mcall -b choSigmaStableD60Glut.chok1gshd_sigmaIgG > mcall_replicates/choSigmaStableD60Glut.chok1gshd_sigmaIgG.meth.tsv ' died with <Signals.SIGINT: 2>.
  File "/home/ubuntu/Code/ambic-epigenome/snakemake/181129_chosigma_meth_snakemake.py", line 23, in __rule_pool_to_replicates
  File "/home/ubuntu/Code/miniconda3/lib/python3.6/concurrent/futures/thread.py", line 56, in run
RuleException:
CalledProcessError in line 23 of /home/ubuntu/Code/ambic-epigenome/snakemake/181129_chosigma_meth_snakemake.py:
Command ' set -euo pipefail;  /home/ubuntu/Code/ambic-epigenome/util/merge_methylation_tsv.sh -d mcall -b choSigmaUnstableD30Glut.chok1gshd_sigmaIgG > mcall_replicates/choSigmaUnstableD30Glut.chok1gshd_sigmaIgG.meth.tsv ' died with <Signals.SIGINT: 2>.
  File "/home/ubuntu/Code/ambic-epigenome/snakemake/181129_chosigma_meth_snakemake.py", line 23, in __rule_pool_to_replicates
  File "/home/ubuntu/Code/miniconda3/lib/python3.6/concurrent/futures/thread.py", line 56, in run
RuleException:
CalledProcessError in line 23 of /home/ubuntu/Code/ambic-epigenome/snakemake/181129_chosigma_meth_snakemake.py:
Command ' set -euo pipefail;  /home/ubuntu/Code/ambic-epigenome/util/merge_methylation_tsv.sh -d mcall -b choSigmaHostD30.chok1gshd_sigmaIgG > mcall_replicates/choSigmaHostD30.chok1gshd_sigmaIgG.meth.tsv ' died with <Signals.SIGINT: 2>.
  File "/home/ubuntu/Code/ambic-epigenome/snakemake/181129_chosigma_meth_snakemake.py", line 23, in __rule_pool_to_replicates
  File "/home/ubuntu/Code/miniconda3/lib/python3.6/concurrent/futures/thread.py", line 56, in run
RuleException:
CalledProcessError in line 23 of /home/ubuntu/Code/ambic-epigenome/snakemake/181129_chosigma_meth_snakemake.py:
Command ' set -euo pipefail;  /home/ubuntu/Code/ambic-epigenome/util/merge_methylation_tsv.sh -d mcall -b choSigmaHostD0.chok1gshd_sigmaIgG > mcall_replicates/choSigmaHostD0.chok1gshd_sigmaIgG.meth.tsv ' died with <Signals.SIGINT: 2>.
  File "/home/ubuntu/Code/ambic-epigenome/snakemake/181129_chosigma_meth_snakemake.py", line 23, in __rule_pool_to_replicates
  File "/home/ubuntu/Code/miniconda3/lib/python3.6/concurrent/futures/thread.py", line 56, in run
RuleException:
CalledProcessError in line 23 of /home/ubuntu/Code/ambic-epigenome/snakemake/181129_chosigma_meth_snakemake.py:
Command ' set -euo pipefail;  /home/ubuntu/Code/ambic-epigenome/util/merge_methylation_tsv.sh -d mcall -b choSigmaStableD30Glut.chok1gshd_sigmaIgG > mcall_replicates/choSigmaStableD30Glut.chok1gshd_sigmaIgG.meth.tsv ' died with <Signals.SIGINT: 2>.
  File "/home/ubuntu/Code/ambic-epigenome/snakemake/181129_chosigma_meth_snakemake.py", line 23, in __rule_pool_to_replicates
  File "/home/ubuntu/Code/miniconda3/lib/python3.6/concurrent/futures/thread.py", line 56, in run
RuleException:
CalledProcessError in line 23 of /home/ubuntu/Code/ambic-epigenome/snakemake/181129_chosigma_meth_snakemake.py:
Command ' set -euo pipefail;  /home/ubuntu/Code/ambic-epigenome/util/merge_methylation_tsv.sh -d mcall -b choSigmaStableD90Glut.chok1gshd_sigmaIgG > mcall_replicates/choSigmaStableD90Glut.chok1gshd_sigmaIgG.meth.tsv ' died with <Signals.SIGINT: 2>.
  File "/home/ubuntu/Code/ambic-epigenome/snakemake/181129_chosigma_meth_snakemake.py", line 23, in __rule_pool_to_replicates
  File "/home/ubuntu/Code/miniconda3/lib/python3.6/concurrent/futures/thread.py", line 56, in run
RuleException:
CalledProcessError in line 23 of /home/ubuntu/Code/ambic-epigenome/snakemake/181129_chosigma_meth_snakemake.py:
Command ' set -euo pipefail;  /home/ubuntu/Code/ambic-epigenome/util/merge_methylation_tsv.sh -d mcall -b choSigmaUnstableD0NoGlut.chok1gshd_sigmaIgG > mcall_replicates/choSigmaUnstableD0NoGlut.chok1gshd_sigmaIgG.meth.tsv ' died with <Signals.SIGINT: 2>.
  File "/home/ubuntu/Code/ambic-epigenome/snakemake/181129_chosigma_meth_snakemake.py", line 23, in __rule_pool_to_replicates
  File "/home/ubuntu/Code/miniconda3/lib/python3.6/concurrent/futures/thread.py", line 56, in run
Removing output files of failed job pool_to_replicates since they might be corrupted:
mcall_replicates/choSigmaStableD30NoGlut.chok1gshd_sigmaIgG.meth.tsv
Removing output files of failed job pool_to_replicates since they might be corrupted:
mcall_replicates/choSigmaStableD0Glut.chok1gshd_sigmaIgG.meth.tsv
Removing output files of failed job pool_to_replicates since they might be corrupted:
mcall_replicates/choSigmaUnstableD0Glut.chok1gshd_sigmaIgG.meth.tsv
Removing output files of failed job pool_to_replicates since they might be corrupted:
mcall_replicates/choSigmaUnstableD30NoGlut.chok1gshd_sigmaIgG.meth.tsv
Removing output files of failed job pool_to_replicates since they might be corrupted:
mcall_replicates/choSigmaUnstableD60NoGlut.chok1gshd_sigmaIgG.meth.tsv
Removing output files of failed job pool_to_replicates since they might be corrupted:
mcall_replicates/choSigmaUnstableD90NoGlut.chok1gshd_sigmaIgG.meth.tsv
Removing output files of failed job pool_to_replicates since they might be corrupted:
mcall_replicates/choSigmaStableD0NoGlut.chok1gshd_sigmaIgG.meth.tsv
Removing output files of failed job pool_to_replicates since they might be corrupted:
mcall_replicates/choSigmaStableD60NoGlut.chok1gshd_sigmaIgG.meth.tsv
Removing output files of failed job pool_to_replicates since they might be corrupted:
mcall_replicates/choSigmaStableD90NoGlut.chok1gshd_sigmaIgG.meth.tsv
Removing output files of failed job pool_to_replicates since they might be corrupted:
mcall_replicates/choSigmaHostD90.chok1gshd_sigmaIgG.meth.tsv
Removing output files of failed job pool_to_replicates since they might be corrupted:
mcall_replicates/choSigmaHostD60.chok1gshd_sigmaIgG.meth.tsv
Removing output files of failed job pool_to_replicates since they might be corrupted:
mcall_replicates/choSigmaUnstableD60Glut.chok1gshd_sigmaIgG.meth.tsv
Removing output files of failed job pool_to_replicates since they might be corrupted:
mcall_replicates/choSigmaStableD60Glut.chok1gshd_sigmaIgG.meth.tsv
Removing output files of failed job pool_to_replicates since they might be corrupted:
mcall_replicates/choSigmaUnstableD30Glut.chok1gshd_sigmaIgG.meth.tsv
Removing output files of failed job pool_to_replicates since they might be corrupted:
mcall_replicates/choSigmaHostD30.chok1gshd_sigmaIgG.meth.tsv
Removing output files of failed job pool_to_replicates since they might be corrupted:
mcall_replicates/choSigmaHostD0.chok1gshd_sigmaIgG.meth.tsv
Removing output files of failed job pool_to_replicates since they might be corrupted:
mcall_replicates/choSigmaStableD30Glut.chok1gshd_sigmaIgG.meth.tsv
Removing output files of failed job pool_to_replicates since they might be corrupted:
mcall_replicates/choSigmaStableD90Glut.chok1gshd_sigmaIgG.meth.tsv
Removing output files of failed job pool_to_replicates since they might be corrupted:
mcall_replicates/choSigmaUnstableD0NoGlut.chok1gshd_sigmaIgG.meth.tsv
Complete log: /home/ubuntu/Code/ambic-epigenome/snakemake/.snakemake/log/2018-12-03T134310.044961.snakemake.log
