Building DAG of jobs...
Using shell: /bin/bash
Provided cores: 72
Rules claiming more threads will be scaled down.
Job counts:
	count	jobs
	1	all
	20	sniffles_force_detect_svs
	21

[Mon Dec  3 06:45:22 2018]
rule sniffles_force_detect_svs:
    input: sv/181201_choSigmaAgingStudy.merged.vcf, bam/choSigmaHostD60.chok1gshd_sigmaIgG.bam
    output: sv/choSigmaHostD60.chok1gshd_sigmaIgG.sniffles.forcecall.vcf
    log: log/sv/choSigmaHostD60.chok1gshd_sigmaIgG.forcecall.log
    jobid: 4
    wildcards: sample=choSigmaHostD60.chok1gshd_sigmaIgG


[Mon Dec  3 06:45:22 2018]
rule sniffles_force_detect_svs:
    input: sv/181201_choSigmaAgingStudy.merged.vcf, bam/choSigmaUnstableD60Glut.chok1gshd_sigmaIgG.bam
    output: sv/choSigmaUnstableD60Glut.chok1gshd_sigmaIgG.sniffles.forcecall.vcf
    log: log/sv/choSigmaUnstableD60Glut.chok1gshd_sigmaIgG.forcecall.log
    jobid: 1
    wildcards: sample=choSigmaUnstableD60Glut.chok1gshd_sigmaIgG


[Mon Dec  3 06:45:22 2018]
rule sniffles_force_detect_svs:
    input: sv/181201_choSigmaAgingStudy.merged.vcf, bam/choSigmaUnstableD30NoGlut.chok1gshd_sigmaIgG.bam
    output: sv/choSigmaUnstableD30NoGlut.chok1gshd_sigmaIgG.sniffles.forcecall.vcf
    log: log/sv/choSigmaUnstableD30NoGlut.chok1gshd_sigmaIgG.forcecall.log
    jobid: 16
    wildcards: sample=choSigmaUnstableD30NoGlut.chok1gshd_sigmaIgG


[Mon Dec  3 06:45:22 2018]
rule sniffles_force_detect_svs:
    input: sv/181201_choSigmaAgingStudy.merged.vcf, bam/choSigmaStableD30Glut.chok1gshd_sigmaIgG.bam
    output: sv/choSigmaStableD30Glut.chok1gshd_sigmaIgG.sniffles.forcecall.vcf
    log: log/sv/choSigmaStableD30Glut.chok1gshd_sigmaIgG.forcecall.log
    jobid: 5
    wildcards: sample=choSigmaStableD30Glut.chok1gshd_sigmaIgG


[Mon Dec  3 06:45:22 2018]
rule sniffles_force_detect_svs:
    input: sv/181201_choSigmaAgingStudy.merged.vcf, bam/choSigmaUnstableD0Glut.chok1gshd_sigmaIgG.bam
    output: sv/choSigmaUnstableD0Glut.chok1gshd_sigmaIgG.sniffles.forcecall.vcf
    log: log/sv/choSigmaUnstableD0Glut.chok1gshd_sigmaIgG.forcecall.log
    jobid: 17
    wildcards: sample=choSigmaUnstableD0Glut.chok1gshd_sigmaIgG


[Mon Dec  3 06:45:22 2018]
rule sniffles_force_detect_svs:
    input: sv/181201_choSigmaAgingStudy.merged.vcf, bam/choSigmaStableD90Glut.chok1gshd_sigmaIgG.bam
    output: sv/choSigmaStableD90Glut.chok1gshd_sigmaIgG.sniffles.forcecall.vcf
    log: log/sv/choSigmaStableD90Glut.chok1gshd_sigmaIgG.forcecall.log
    jobid: 7
    wildcards: sample=choSigmaStableD90Glut.chok1gshd_sigmaIgG


[Mon Dec  3 06:45:22 2018]
rule sniffles_force_detect_svs:
    input: sv/181201_choSigmaAgingStudy.merged.vcf, bam/choSigmaHostD0.chok1gshd_sigmaIgG.bam
    output: sv/choSigmaHostD0.chok1gshd_sigmaIgG.sniffles.forcecall.vcf
    log: log/sv/choSigmaHostD0.chok1gshd_sigmaIgG.forcecall.log
    jobid: 6
    wildcards: sample=choSigmaHostD0.chok1gshd_sigmaIgG


[Mon Dec  3 06:45:22 2018]
rule sniffles_force_detect_svs:
    input: sv/181201_choSigmaAgingStudy.merged.vcf, bam/choSigmaUnstableD90NoGlut.chok1gshd_sigmaIgG.bam
    output: sv/choSigmaUnstableD90NoGlut.chok1gshd_sigmaIgG.sniffles.forcecall.vcf
    log: log/sv/choSigmaUnstableD90NoGlut.chok1gshd_sigmaIgG.forcecall.log
    jobid: 8
    wildcards: sample=choSigmaUnstableD90NoGlut.chok1gshd_sigmaIgG


[Mon Dec  3 06:45:22 2018]
rule sniffles_force_detect_svs:
    input: sv/181201_choSigmaAgingStudy.merged.vcf, bam/choSigmaUnstableD90Glut.chok1gshd_sigmaIgG.bam
    output: sv/choSigmaUnstableD90Glut.chok1gshd_sigmaIgG.sniffles.forcecall.vcf
    log: log/sv/choSigmaUnstableD90Glut.chok1gshd_sigmaIgG.forcecall.log
    jobid: 18
    wildcards: sample=choSigmaUnstableD90Glut.chok1gshd_sigmaIgG


[Mon Dec  3 06:45:22 2018]
rule sniffles_force_detect_svs:
    input: sv/181201_choSigmaAgingStudy.merged.vcf, bam/choSigmaHostD30.chok1gshd_sigmaIgG.bam
    output: sv/choSigmaHostD30.chok1gshd_sigmaIgG.sniffles.forcecall.vcf
    log: log/sv/choSigmaHostD30.chok1gshd_sigmaIgG.forcecall.log
    jobid: 3
    wildcards: sample=choSigmaHostD30.chok1gshd_sigmaIgG


[Mon Dec  3 06:45:23 2018]
rule sniffles_force_detect_svs:
    input: sv/181201_choSigmaAgingStudy.merged.vcf, bam/choSigmaStableD90NoGlut.chok1gshd_sigmaIgG.bam
    output: sv/choSigmaStableD90NoGlut.chok1gshd_sigmaIgG.sniffles.forcecall.vcf
    log: log/sv/choSigmaStableD90NoGlut.chok1gshd_sigmaIgG.forcecall.log
    jobid: 19
    wildcards: sample=choSigmaStableD90NoGlut.chok1gshd_sigmaIgG


[Mon Dec  3 06:45:23 2018]
rule sniffles_force_detect_svs:
    input: sv/181201_choSigmaAgingStudy.merged.vcf, bam/choSigmaStableD30NoGlut.chok1gshd_sigmaIgG.bam
    output: sv/choSigmaStableD30NoGlut.chok1gshd_sigmaIgG.sniffles.forcecall.vcf
    log: log/sv/choSigmaStableD30NoGlut.chok1gshd_sigmaIgG.forcecall.log
    jobid: 12
    wildcards: sample=choSigmaStableD30NoGlut.chok1gshd_sigmaIgG


[Mon Dec  3 06:45:23 2018]
rule sniffles_force_detect_svs:
    input: sv/181201_choSigmaAgingStudy.merged.vcf, bam/choSigmaStableD60Glut.chok1gshd_sigmaIgG.bam
    output: sv/choSigmaStableD60Glut.chok1gshd_sigmaIgG.sniffles.forcecall.vcf
    log: log/sv/choSigmaStableD60Glut.chok1gshd_sigmaIgG.forcecall.log
    jobid: 13
    wildcards: sample=choSigmaStableD60Glut.chok1gshd_sigmaIgG


[Mon Dec  3 06:45:23 2018]
rule sniffles_force_detect_svs:
    input: sv/181201_choSigmaAgingStudy.merged.vcf, bam/choSigmaHostD90.chok1gshd_sigmaIgG.bam
    output: sv/choSigmaHostD90.chok1gshd_sigmaIgG.sniffles.forcecall.vcf
    log: log/sv/choSigmaHostD90.chok1gshd_sigmaIgG.forcecall.log
    jobid: 20
    wildcards: sample=choSigmaHostD90.chok1gshd_sigmaIgG


[Mon Dec  3 06:45:23 2018]
rule sniffles_force_detect_svs:
    input: sv/181201_choSigmaAgingStudy.merged.vcf, bam/choSigmaStableD60NoGlut.chok1gshd_sigmaIgG.bam
    output: sv/choSigmaStableD60NoGlut.chok1gshd_sigmaIgG.sniffles.forcecall.vcf
    log: log/sv/choSigmaStableD60NoGlut.chok1gshd_sigmaIgG.forcecall.log
    jobid: 10
    wildcards: sample=choSigmaStableD60NoGlut.chok1gshd_sigmaIgG


[Mon Dec  3 06:45:23 2018]
rule sniffles_force_detect_svs:
    input: sv/181201_choSigmaAgingStudy.merged.vcf, bam/choSigmaUnstableD0NoGlut.chok1gshd_sigmaIgG.bam
    output: sv/choSigmaUnstableD0NoGlut.chok1gshd_sigmaIgG.sniffles.forcecall.vcf
    log: log/sv/choSigmaUnstableD0NoGlut.chok1gshd_sigmaIgG.forcecall.log
    jobid: 14
    wildcards: sample=choSigmaUnstableD0NoGlut.chok1gshd_sigmaIgG


[Mon Dec  3 06:45:23 2018]
rule sniffles_force_detect_svs:
    input: sv/181201_choSigmaAgingStudy.merged.vcf, bam/choSigmaStableD0Glut.chok1gshd_sigmaIgG.bam
    output: sv/choSigmaStableD0Glut.chok1gshd_sigmaIgG.sniffles.forcecall.vcf
    log: log/sv/choSigmaStableD0Glut.chok1gshd_sigmaIgG.forcecall.log
    jobid: 15
    wildcards: sample=choSigmaStableD0Glut.chok1gshd_sigmaIgG


[Mon Dec  3 06:45:23 2018]
rule sniffles_force_detect_svs:
    input: sv/181201_choSigmaAgingStudy.merged.vcf, bam/choSigmaUnstableD30Glut.chok1gshd_sigmaIgG.bam
    output: sv/choSigmaUnstableD30Glut.chok1gshd_sigmaIgG.sniffles.forcecall.vcf
    log: log/sv/choSigmaUnstableD30Glut.chok1gshd_sigmaIgG.forcecall.log
    jobid: 9
    wildcards: sample=choSigmaUnstableD30Glut.chok1gshd_sigmaIgG


[Mon Dec  3 06:45:23 2018]
rule sniffles_force_detect_svs:
    input: sv/181201_choSigmaAgingStudy.merged.vcf, bam/choSigmaStableD0NoGlut.chok1gshd_sigmaIgG.bam
    output: sv/choSigmaStableD0NoGlut.chok1gshd_sigmaIgG.sniffles.forcecall.vcf
    log: log/sv/choSigmaStableD0NoGlut.chok1gshd_sigmaIgG.forcecall.log
    jobid: 2
    wildcards: sample=choSigmaStableD0NoGlut.chok1gshd_sigmaIgG


[Mon Dec  3 06:45:23 2018]
rule sniffles_force_detect_svs:
    input: sv/181201_choSigmaAgingStudy.merged.vcf, bam/choSigmaUnstableD60NoGlut.chok1gshd_sigmaIgG.bam
    output: sv/choSigmaUnstableD60NoGlut.chok1gshd_sigmaIgG.sniffles.forcecall.vcf
    log: log/sv/choSigmaUnstableD60NoGlut.chok1gshd_sigmaIgG.forcecall.log
    jobid: 11
    wildcards: sample=choSigmaUnstableD60NoGlut.chok1gshd_sigmaIgG

[Mon Dec  3 07:30:01 2018]
Finished job 5.
1 of 21 steps (5%) done
[Mon Dec  3 07:31:59 2018]
Finished job 18.
2 of 21 steps (10%) done
[Mon Dec  3 07:33:08 2018]
Finished job 16.
3 of 21 steps (14%) done
[Mon Dec  3 07:34:34 2018]
Finished job 19.
4 of 21 steps (19%) done
[Mon Dec  3 07:39:58 2018]
Finished job 10.
5 of 21 steps (24%) done
[Mon Dec  3 07:43:02 2018]
Finished job 7.
6 of 21 steps (29%) done
[Mon Dec  3 07:43:39 2018]
Finished job 4.
7 of 21 steps (33%) done
[Mon Dec  3 07:44:44 2018]
Finished job 1.
8 of 21 steps (38%) done
[Mon Dec  3 07:45:08 2018]
Finished job 20.
9 of 21 steps (43%) done
[Mon Dec  3 07:45:10 2018]
Finished job 12.
10 of 21 steps (48%) done
[Mon Dec  3 07:45:46 2018]
Finished job 8.
11 of 21 steps (52%) done
[Mon Dec  3 07:46:45 2018]
Finished job 9.
12 of 21 steps (57%) done
[Mon Dec  3 07:49:08 2018]
Finished job 13.
13 of 21 steps (62%) done
[Mon Dec  3 08:03:13 2018]
Finished job 11.
14 of 21 steps (67%) done
[Mon Dec  3 08:19:16 2018]
Finished job 2.
15 of 21 steps (71%) done
[Mon Dec  3 08:30:16 2018]
Finished job 17.
16 of 21 steps (76%) done
[Mon Dec  3 08:37:27 2018]
Finished job 6.
17 of 21 steps (81%) done
[Mon Dec  3 09:02:14 2018]
Finished job 15.
18 of 21 steps (86%) done
[Mon Dec  3 09:18:20 2018]
Finished job 14.
19 of 21 steps (90%) done
[Mon Dec  3 09:43:53 2018]
Finished job 3.
20 of 21 steps (95%) done

[Mon Dec  3 09:43:54 2018]
localrule all:
    input: sv/choSigmaHostD0.chok1gshd_sigmaIgG.sniffles.forcecall.vcf, sv/choSigmaHostD30.chok1gshd_sigmaIgG.sniffles.forcecall.vcf, sv/choSigmaHostD60.chok1gshd_sigmaIgG.sniffles.forcecall.vcf, sv/choSigmaHostD90.chok1gshd_sigmaIgG.sniffles.forcecall.vcf, sv/choSigmaStableD0Glut.chok1gshd_sigmaIgG.sniffles.forcecall.vcf, sv/choSigmaStableD30Glut.chok1gshd_sigmaIgG.sniffles.forcecall.vcf, sv/choSigmaStableD60Glut.chok1gshd_sigmaIgG.sniffles.forcecall.vcf, sv/choSigmaStableD90Glut.chok1gshd_sigmaIgG.sniffles.forcecall.vcf, sv/choSigmaUnstableD0Glut.chok1gshd_sigmaIgG.sniffles.forcecall.vcf, sv/choSigmaUnstableD30Glut.chok1gshd_sigmaIgG.sniffles.forcecall.vcf, sv/choSigmaUnstableD60Glut.chok1gshd_sigmaIgG.sniffles.forcecall.vcf, sv/choSigmaUnstableD90Glut.chok1gshd_sigmaIgG.sniffles.forcecall.vcf, sv/choSigmaStableD0NoGlut.chok1gshd_sigmaIgG.sniffles.forcecall.vcf, sv/choSigmaStableD30NoGlut.chok1gshd_sigmaIgG.sniffles.forcecall.vcf, sv/choSigmaStableD60NoGlut.chok1gshd_sigmaIgG.sniffles.forcecall.vcf, sv/choSigmaStableD90NoGlut.chok1gshd_sigmaIgG.sniffles.forcecall.vcf, sv/choSigmaUnstableD0NoGlut.chok1gshd_sigmaIgG.sniffles.forcecall.vcf, sv/choSigmaUnstableD30NoGlut.chok1gshd_sigmaIgG.sniffles.forcecall.vcf, sv/choSigmaUnstableD60NoGlut.chok1gshd_sigmaIgG.sniffles.forcecall.vcf, sv/choSigmaUnstableD90NoGlut.chok1gshd_sigmaIgG.sniffles.forcecall.vcf
    jobid: 0

[Mon Dec  3 09:43:54 2018]
Finished job 0.
21 of 21 steps (100%) done
Complete log: /home/ubuntu/Code/ambic-epigenome/snakemake/.snakemake/log/2018-12-03T064522.486283.snakemake.log
