Building DAG of jobs...
Using shell: /bin/bash
Provided cores: 72
Rules claiming more threads will be scaled down.
Job counts:
	count	jobs
	1	all
	12	bam_to_bed
	13

[Sun Dec  2 04:48:31 2018]
rule bam_to_bed:
    input: bam/choSigmaStableD90Glut.chok1gshd_sigmaIgG.bam
    output: bed/choSigmaStableD90Glut.chok1gshd_sigmaIgG.bed.gz
    jobid: 13
    wildcards: sample=choSigmaStableD90Glut.chok1gshd_sigmaIgG


[Sun Dec  2 04:48:31 2018]
rule bam_to_bed:
    input: bam/choSigmaUnstableD90NoGlut.chok1gshd_sigmaIgG.bam
    output: bed/choSigmaUnstableD90NoGlut.chok1gshd_sigmaIgG.bed.gz
    jobid: 8
    wildcards: sample=choSigmaUnstableD90NoGlut.chok1gshd_sigmaIgG


[Sun Dec  2 04:48:31 2018]
rule bam_to_bed:
    input: bam/choSigmaHostD90.chok1gshd_sigmaIgG.bam
    output: bed/choSigmaHostD90.chok1gshd_sigmaIgG.bed.gz
    jobid: 10
    wildcards: sample=choSigmaHostD90.chok1gshd_sigmaIgG


[Sun Dec  2 04:48:31 2018]
rule bam_to_bed:
    input: bam/choSigmaUnstableD0NoGlut.chok1gshd_sigmaIgG.bam
    output: bed/choSigmaUnstableD0NoGlut.chok1gshd_sigmaIgG.bed.gz
    jobid: 12
    wildcards: sample=choSigmaUnstableD0NoGlut.chok1gshd_sigmaIgG


[Sun Dec  2 04:48:31 2018]
rule bam_to_bed:
    input: bam/choSigmaUnstableD30Glut.chok1gshd_sigmaIgG.bam
    output: bed/choSigmaUnstableD30Glut.chok1gshd_sigmaIgG.bed.gz
    jobid: 16
    wildcards: sample=choSigmaUnstableD30Glut.chok1gshd_sigmaIgG


[Sun Dec  2 04:48:31 2018]
rule bam_to_bed:
    input: bam/choSigmaHostD30.chok1gshd_sigmaIgG.bam
    output: bed/choSigmaHostD30.chok1gshd_sigmaIgG.bed.gz
    jobid: 17
    wildcards: sample=choSigmaHostD30.chok1gshd_sigmaIgG


[Sun Dec  2 04:48:31 2018]
rule bam_to_bed:
    input: bam/choSigmaUnstableD60NoGlut.chok1gshd_sigmaIgG.bam
    output: bed/choSigmaUnstableD60NoGlut.chok1gshd_sigmaIgG.bed.gz
    jobid: 9
    wildcards: sample=choSigmaUnstableD60NoGlut.chok1gshd_sigmaIgG


[Sun Dec  2 04:48:31 2018]
rule bam_to_bed:
    input: bam/choSigmaStableD30NoGlut.chok1gshd_sigmaIgG.bam
    output: bed/choSigmaStableD30NoGlut.chok1gshd_sigmaIgG.bed.gz
    jobid: 4
    wildcards: sample=choSigmaStableD30NoGlut.chok1gshd_sigmaIgG


[Sun Dec  2 04:48:31 2018]
rule bam_to_bed:
    input: bam/choSigmaHostD60.chok1gshd_sigmaIgG.bam
    output: bed/choSigmaHostD60.chok1gshd_sigmaIgG.bed.gz
    jobid: 1
    wildcards: sample=choSigmaHostD60.chok1gshd_sigmaIgG


[Sun Dec  2 04:48:31 2018]
rule bam_to_bed:
    input: bam/choSigmaUnstableD60Glut.chok1gshd_sigmaIgG.bam
    output: bed/choSigmaUnstableD60Glut.chok1gshd_sigmaIgG.bed.gz
    jobid: 15
    wildcards: sample=choSigmaUnstableD60Glut.chok1gshd_sigmaIgG


[Sun Dec  2 04:48:32 2018]
rule bam_to_bed:
    input: bam/choSigmaStableD60Glut.chok1gshd_sigmaIgG.bam
    output: bed/choSigmaStableD60Glut.chok1gshd_sigmaIgG.bed.gz
    jobid: 3
    wildcards: sample=choSigmaStableD60Glut.chok1gshd_sigmaIgG


[Sun Dec  2 04:48:32 2018]
rule bam_to_bed:
    input: bam/choSigmaStableD0NoGlut.chok1gshd_sigmaIgG.bam
    output: bed/choSigmaStableD0NoGlut.chok1gshd_sigmaIgG.bed.gz
    jobid: 11
    wildcards: sample=choSigmaStableD0NoGlut.chok1gshd_sigmaIgG

[Sun Dec  2 04:59:13 2018]
Finished job 13.
1 of 13 steps (8%) done
[Sun Dec  2 04:59:25 2018]
Finished job 16.
2 of 13 steps (15%) done
[Sun Dec  2 04:59:33 2018]
Finished job 8.
3 of 13 steps (23%) done
[Sun Dec  2 04:59:45 2018]
Finished job 4.
4 of 13 steps (31%) done
[Sun Dec  2 05:00:35 2018]
Finished job 1.
5 of 13 steps (38%) done
[Sun Dec  2 05:00:46 2018]
Finished job 15.
6 of 13 steps (46%) done
[Sun Dec  2 05:00:56 2018]
Finished job 3.
7 of 13 steps (54%) done
[Sun Dec  2 05:01:00 2018]
Finished job 10.
8 of 13 steps (62%) done
[Sun Dec  2 05:06:08 2018]
Finished job 9.
9 of 13 steps (69%) done
[Sun Dec  2 05:09:20 2018]
Finished job 11.
10 of 13 steps (77%) done
[Sun Dec  2 05:27:33 2018]
Finished job 12.
11 of 13 steps (85%) done
[Sun Dec  2 05:42:30 2018]
Finished job 17.
12 of 13 steps (92%) done

[Sun Dec  2 05:42:30 2018]
localrule all:
    input: bed/choSigmaHostD30.chok1gshd_sigmaIgG.bed.gz, bed/choSigmaHostD60.chok1gshd_sigmaIgG.bed.gz, bed/choSigmaHostD90.chok1gshd_sigmaIgG.bed.gz, bed/choSigmaStableD30Glut.chok1gshd_sigmaIgG.bed.gz, bed/choSigmaStableD60Glut.chok1gshd_sigmaIgG.bed.gz, bed/choSigmaStableD90Glut.chok1gshd_sigmaIgG.bed.gz, bed/choSigmaUnstableD30Glut.chok1gshd_sigmaIgG.bed.gz, bed/choSigmaUnstableD60Glut.chok1gshd_sigmaIgG.bed.gz, bed/choSigmaUnstableD90Glut.chok1gshd_sigmaIgG.bed.gz, bed/choSigmaStableD0NoGlut.chok1gshd_sigmaIgG.bed.gz, bed/choSigmaStableD30NoGlut.chok1gshd_sigmaIgG.bed.gz, bed/choSigmaStableD60NoGlut.chok1gshd_sigmaIgG.bed.gz, bed/choSigmaStableD90NoGlut.chok1gshd_sigmaIgG.bed.gz, bed/choSigmaUnstableD0NoGlut.chok1gshd_sigmaIgG.bed.gz, bed/choSigmaUnstableD30NoGlut.chok1gshd_sigmaIgG.bed.gz, bed/choSigmaUnstableD60NoGlut.chok1gshd_sigmaIgG.bed.gz, bed/choSigmaUnstableD90NoGlut.chok1gshd_sigmaIgG.bed.gz
    jobid: 0

[Sun Dec  2 05:42:30 2018]
Finished job 0.
13 of 13 steps (100%) done
Complete log: /home/ubuntu/Code/ambic-epigenome/snakemake/.snakemake/log/2018-12-02T044831.146020.snakemake.log
