Building DAG of jobs...
Using shell: /bin/bash
Provided cores: 72
Rules claiming more threads will be scaled down.
Job counts:
	count	jobs
	1	all
	17	sniffles_detect_svs
	18

[Sun Dec  2 14:26:44 2018]
rule sniffles_detect_svs:
    input: bam/choSigmaUnstableD0NoGlut.chok1gshd_sigmaIgG.bam
    output: sv/choSigmaUnstableD0NoGlut.chok1gshd_sigmaIgG.sniffles.vcf
    log: sv/choSigmaUnstableD0NoGlut.chok1gshd_sigmaIgG.sniffles.log
    jobid: 4
    wildcards: sample=choSigmaUnstableD0NoGlut.chok1gshd_sigmaIgG


[Sun Dec  2 14:26:44 2018]
rule sniffles_detect_svs:
    input: bam/choSigmaHostD60.chok1gshd_sigmaIgG.bam
    output: sv/choSigmaHostD60.chok1gshd_sigmaIgG.sniffles.vcf
    log: sv/choSigmaHostD60.chok1gshd_sigmaIgG.sniffles.log
    jobid: 11
    wildcards: sample=choSigmaHostD60.chok1gshd_sigmaIgG


[Sun Dec  2 14:26:44 2018]
rule sniffles_detect_svs:
    input: bam/choSigmaUnstableD90Glut.chok1gshd_sigmaIgG.bam
    output: sv/choSigmaUnstableD90Glut.chok1gshd_sigmaIgG.sniffles.vcf
    log: sv/choSigmaUnstableD90Glut.chok1gshd_sigmaIgG.sniffles.log
    jobid: 7
    wildcards: sample=choSigmaUnstableD90Glut.chok1gshd_sigmaIgG


[Sun Dec  2 14:26:44 2018]
rule sniffles_detect_svs:
    input: bam/choSigmaUnstableD60NoGlut.chok1gshd_sigmaIgG.bam
    output: sv/choSigmaUnstableD60NoGlut.chok1gshd_sigmaIgG.sniffles.vcf
    log: sv/choSigmaUnstableD60NoGlut.chok1gshd_sigmaIgG.sniffles.log
    jobid: 12
    wildcards: sample=choSigmaUnstableD60NoGlut.chok1gshd_sigmaIgG


[Sun Dec  2 14:26:44 2018]
rule sniffles_detect_svs:
    input: bam/choSigmaHostD90.chok1gshd_sigmaIgG.bam
    output: sv/choSigmaHostD90.chok1gshd_sigmaIgG.sniffles.vcf
    log: sv/choSigmaHostD90.chok1gshd_sigmaIgG.sniffles.log
    jobid: 17
    wildcards: sample=choSigmaHostD90.chok1gshd_sigmaIgG


[Sun Dec  2 14:26:44 2018]
rule sniffles_detect_svs:
    input: bam/choSigmaStableD30Glut.chok1gshd_sigmaIgG.bam
    output: sv/choSigmaStableD30Glut.chok1gshd_sigmaIgG.sniffles.vcf
    log: sv/choSigmaStableD30Glut.chok1gshd_sigmaIgG.sniffles.log
    jobid: 15
    wildcards: sample=choSigmaStableD30Glut.chok1gshd_sigmaIgG


[Sun Dec  2 14:26:44 2018]
rule sniffles_detect_svs:
    input: bam/choSigmaHostD30.chok1gshd_sigmaIgG.bam
    output: sv/choSigmaHostD30.chok1gshd_sigmaIgG.sniffles.vcf
    log: sv/choSigmaHostD30.chok1gshd_sigmaIgG.sniffles.log
    jobid: 14
    wildcards: sample=choSigmaHostD30.chok1gshd_sigmaIgG


[Sun Dec  2 14:26:44 2018]
rule sniffles_detect_svs:
    input: bam/choSigmaUnstableD90NoGlut.chok1gshd_sigmaIgG.bam
    output: sv/choSigmaUnstableD90NoGlut.chok1gshd_sigmaIgG.sniffles.vcf
    log: sv/choSigmaUnstableD90NoGlut.chok1gshd_sigmaIgG.sniffles.log
    jobid: 6
    wildcards: sample=choSigmaUnstableD90NoGlut.chok1gshd_sigmaIgG


[Sun Dec  2 14:26:44 2018]
rule sniffles_detect_svs:
    input: bam/choSigmaStableD60Glut.chok1gshd_sigmaIgG.bam
    output: sv/choSigmaStableD60Glut.chok1gshd_sigmaIgG.sniffles.vcf
    log: sv/choSigmaStableD60Glut.chok1gshd_sigmaIgG.sniffles.log
    jobid: 13
    wildcards: sample=choSigmaStableD60Glut.chok1gshd_sigmaIgG


[Sun Dec  2 14:26:44 2018]
rule sniffles_detect_svs:
    input: bam/choSigmaStableD90NoGlut.chok1gshd_sigmaIgG.bam
    output: sv/choSigmaStableD90NoGlut.chok1gshd_sigmaIgG.sniffles.vcf
    log: sv/choSigmaStableD90NoGlut.chok1gshd_sigmaIgG.sniffles.log
    jobid: 2
    wildcards: sample=choSigmaStableD90NoGlut.chok1gshd_sigmaIgG


[Sun Dec  2 14:26:45 2018]
rule sniffles_detect_svs:
    input: bam/choSigmaStableD90Glut.chok1gshd_sigmaIgG.bam
    output: sv/choSigmaStableD90Glut.chok1gshd_sigmaIgG.sniffles.vcf
    log: sv/choSigmaStableD90Glut.chok1gshd_sigmaIgG.sniffles.log
    jobid: 8
    wildcards: sample=choSigmaStableD90Glut.chok1gshd_sigmaIgG


[Sun Dec  2 14:26:45 2018]
rule sniffles_detect_svs:
    input: bam/choSigmaStableD60NoGlut.chok1gshd_sigmaIgG.bam
    output: sv/choSigmaStableD60NoGlut.chok1gshd_sigmaIgG.sniffles.vcf
    log: sv/choSigmaStableD60NoGlut.chok1gshd_sigmaIgG.sniffles.log
    jobid: 9
    wildcards: sample=choSigmaStableD60NoGlut.chok1gshd_sigmaIgG


[Sun Dec  2 14:26:45 2018]
rule sniffles_detect_svs:
    input: bam/choSigmaUnstableD60Glut.chok1gshd_sigmaIgG.bam
    output: sv/choSigmaUnstableD60Glut.chok1gshd_sigmaIgG.sniffles.vcf
    log: sv/choSigmaUnstableD60Glut.chok1gshd_sigmaIgG.sniffles.log
    jobid: 16
    wildcards: sample=choSigmaUnstableD60Glut.chok1gshd_sigmaIgG


[Sun Dec  2 14:26:45 2018]
rule sniffles_detect_svs:
    input: bam/choSigmaStableD0NoGlut.chok1gshd_sigmaIgG.bam
    output: sv/choSigmaStableD0NoGlut.chok1gshd_sigmaIgG.sniffles.vcf
    log: sv/choSigmaStableD0NoGlut.chok1gshd_sigmaIgG.sniffles.log
    jobid: 10
    wildcards: sample=choSigmaStableD0NoGlut.chok1gshd_sigmaIgG


[Sun Dec  2 14:26:45 2018]
rule sniffles_detect_svs:
    input: bam/choSigmaStableD30NoGlut.chok1gshd_sigmaIgG.bam
    output: sv/choSigmaStableD30NoGlut.chok1gshd_sigmaIgG.sniffles.vcf
    log: sv/choSigmaStableD30NoGlut.chok1gshd_sigmaIgG.sniffles.log
    jobid: 1
    wildcards: sample=choSigmaStableD30NoGlut.chok1gshd_sigmaIgG


[Sun Dec  2 14:26:45 2018]
rule sniffles_detect_svs:
    input: bam/choSigmaUnstableD30NoGlut.chok1gshd_sigmaIgG.bam
    output: sv/choSigmaUnstableD30NoGlut.chok1gshd_sigmaIgG.sniffles.vcf
    log: sv/choSigmaUnstableD30NoGlut.chok1gshd_sigmaIgG.sniffles.log
    jobid: 3
    wildcards: sample=choSigmaUnstableD30NoGlut.chok1gshd_sigmaIgG


[Sun Dec  2 14:26:45 2018]
rule sniffles_detect_svs:
    input: bam/choSigmaUnstableD30Glut.chok1gshd_sigmaIgG.bam
    output: sv/choSigmaUnstableD30Glut.chok1gshd_sigmaIgG.sniffles.vcf
    log: sv/choSigmaUnstableD30Glut.chok1gshd_sigmaIgG.sniffles.log
    jobid: 5
    wildcards: sample=choSigmaUnstableD30Glut.chok1gshd_sigmaIgG

[Sun Dec  2 14:37:36 2018]
Finished job 15.
1 of 18 steps (6%) done
[Sun Dec  2 14:39:03 2018]
Finished job 7.
2 of 18 steps (11%) done
[Sun Dec  2 14:39:59 2018]
Finished job 2.
3 of 18 steps (17%) done
[Sun Dec  2 14:40:08 2018]
Finished job 3.
4 of 18 steps (22%) done
[Sun Dec  2 14:41:25 2018]
Finished job 9.
5 of 18 steps (28%) done
[Sun Dec  2 14:43:15 2018]
Finished job 8.
6 of 18 steps (33%) done
[Sun Dec  2 14:44:11 2018]
Finished job 5.
7 of 18 steps (39%) done
[Sun Dec  2 14:44:13 2018]
Finished job 6.
8 of 18 steps (44%) done
[Sun Dec  2 14:44:38 2018]
Finished job 11.
9 of 18 steps (50%) done
[Sun Dec  2 14:44:50 2018]
Finished job 1.
10 of 18 steps (56%) done
[Sun Dec  2 14:45:03 2018]
Finished job 17.
11 of 18 steps (61%) done
[Sun Dec  2 14:45:43 2018]
Finished job 13.
12 of 18 steps (67%) done
[Sun Dec  2 14:46:58 2018]
Finished job 16.
13 of 18 steps (72%) done
[Sun Dec  2 14:58:05 2018]
Finished job 12.
14 of 18 steps (78%) done
[Sun Dec  2 15:03:26 2018]
Finished job 10.
15 of 18 steps (83%) done
[Sun Dec  2 15:41:59 2018]
Finished job 4.
16 of 18 steps (89%) done
[Sun Dec  2 16:19:51 2018]
Finished job 14.
17 of 18 steps (94%) done

[Sun Dec  2 16:19:51 2018]
localrule all:
    input: sv/choSigmaHostD30.chok1gshd_sigmaIgG.sniffles.vcf, sv/choSigmaHostD60.chok1gshd_sigmaIgG.sniffles.vcf, sv/choSigmaHostD90.chok1gshd_sigmaIgG.sniffles.vcf, sv/choSigmaStableD30Glut.chok1gshd_sigmaIgG.sniffles.vcf, sv/choSigmaStableD60Glut.chok1gshd_sigmaIgG.sniffles.vcf, sv/choSigmaStableD90Glut.chok1gshd_sigmaIgG.sniffles.vcf, sv/choSigmaUnstableD30Glut.chok1gshd_sigmaIgG.sniffles.vcf, sv/choSigmaUnstableD60Glut.chok1gshd_sigmaIgG.sniffles.vcf, sv/choSigmaUnstableD90Glut.chok1gshd_sigmaIgG.sniffles.vcf, sv/choSigmaStableD0NoGlut.chok1gshd_sigmaIgG.sniffles.vcf, sv/choSigmaStableD30NoGlut.chok1gshd_sigmaIgG.sniffles.vcf, sv/choSigmaStableD60NoGlut.chok1gshd_sigmaIgG.sniffles.vcf, sv/choSigmaStableD90NoGlut.chok1gshd_sigmaIgG.sniffles.vcf, sv/choSigmaUnstableD0NoGlut.chok1gshd_sigmaIgG.sniffles.vcf, sv/choSigmaUnstableD30NoGlut.chok1gshd_sigmaIgG.sniffles.vcf, sv/choSigmaUnstableD60NoGlut.chok1gshd_sigmaIgG.sniffles.vcf, sv/choSigmaUnstableD90NoGlut.chok1gshd_sigmaIgG.sniffles.vcf
    jobid: 0

[Sun Dec  2 16:19:51 2018]
Finished job 0.
18 of 18 steps (100%) done
Complete log: /home/ubuntu/Code/ambic-epigenome/snakemake/.snakemake/log/2018-12-02T142644.406521.snakemake.log
