Building DAG of jobs...
Using shell: /bin/bash
Provided cores: 72
Rules claiming more threads will be scaled down.
Job counts:
	count	jobs
	1	all
	31	convert_mtsv_to_mbed
	32

[Mon Dec  3 01:07:59 2018]
rule convert_mtsv_to_mbed:
    input: mcall_replicates/choSigmaStableD90NoGlutrep1.chok1gshd_sigmaIgG.meth.tsv
    output: mbed/choSigmaStableD90NoGlutrep1.chok1gshd_sigmaIgG.meth.bed.gz
    log: log/mbed/choSigmaStableD90NoGlutrep1.chok1gshd_sigmaIgG.mbed.log
    jobid: 30
    wildcards: sample=choSigmaStableD90NoGlutrep1.chok1gshd_sigmaIgG


[Mon Dec  3 01:07:59 2018]
rule convert_mtsv_to_mbed:
    input: mcall_replicates/choSigmaUnstableD30Glutrep1.chok1gshd_sigmaIgG.meth.tsv
    output: mbed/choSigmaUnstableD30Glutrep1.chok1gshd_sigmaIgG.meth.bed.gz
    log: log/mbed/choSigmaUnstableD30Glutrep1.chok1gshd_sigmaIgG.mbed.log
    jobid: 5
    wildcards: sample=choSigmaUnstableD30Glutrep1.chok1gshd_sigmaIgG


[Mon Dec  3 01:07:59 2018]
rule convert_mtsv_to_mbed:
    input: mcall_replicates/choSigmaStableD60NoGlutrep1.chok1gshd_sigmaIgG.meth.tsv
    output: mbed/choSigmaStableD60NoGlutrep1.chok1gshd_sigmaIgG.meth.bed.gz
    log: log/mbed/choSigmaStableD60NoGlutrep1.chok1gshd_sigmaIgG.mbed.log
    jobid: 11
    wildcards: sample=choSigmaStableD60NoGlutrep1.chok1gshd_sigmaIgG


[Mon Dec  3 01:07:59 2018]
rule convert_mtsv_to_mbed:
    input: mcall_replicates/choSigmaUnstableD30NoGlutrep1.chok1gshd_sigmaIgG.meth.tsv
    output: mbed/choSigmaUnstableD30NoGlutrep1.chok1gshd_sigmaIgG.meth.bed.gz
    log: log/mbed/choSigmaUnstableD30NoGlutrep1.chok1gshd_sigmaIgG.mbed.log
    jobid: 18
    wildcards: sample=choSigmaUnstableD30NoGlutrep1.chok1gshd_sigmaIgG


[Mon Dec  3 01:07:59 2018]
rule convert_mtsv_to_mbed:
    input: mcall_replicates/choSigmaUnstableD0NoGlutrep3.chok1gshd_sigmaIgG.meth.tsv
    output: mbed/choSigmaUnstableD0NoGlutrep3.chok1gshd_sigmaIgG.meth.bed.gz
    log: log/mbed/choSigmaUnstableD0NoGlutrep3.chok1gshd_sigmaIgG.mbed.log
    jobid: 19
    wildcards: sample=choSigmaUnstableD0NoGlutrep3.chok1gshd_sigmaIgG


[Mon Dec  3 01:07:59 2018]
rule convert_mtsv_to_mbed:
    input: mcall_replicates/choSigmaHostD30rep2.chok1gshd_sigmaIgG.meth.tsv
    output: mbed/choSigmaHostD30rep2.chok1gshd_sigmaIgG.meth.bed.gz
    log: log/mbed/choSigmaHostD30rep2.chok1gshd_sigmaIgG.mbed.log
    jobid: 8
    wildcards: sample=choSigmaHostD30rep2.chok1gshd_sigmaIgG


[Mon Dec  3 01:07:59 2018]
rule convert_mtsv_to_mbed:
    input: mcall_replicates/choSigmaUnstableD90Glutrep1.chok1gshd_sigmaIgG.meth.tsv
    output: mbed/choSigmaUnstableD90Glutrep1.chok1gshd_sigmaIgG.meth.bed.gz
    log: log/mbed/choSigmaUnstableD90Glutrep1.chok1gshd_sigmaIgG.mbed.log
    jobid: 15
    wildcards: sample=choSigmaUnstableD90Glutrep1.chok1gshd_sigmaIgG


[Mon Dec  3 01:07:59 2018]
rule convert_mtsv_to_mbed:
    input: mcall_replicates/choSigmaUnstableD0NoGlutrep1.chok1gshd_sigmaIgG.meth.tsv
    output: mbed/choSigmaUnstableD0NoGlutrep1.chok1gshd_sigmaIgG.meth.bed.gz
    log: log/mbed/choSigmaUnstableD0NoGlutrep1.chok1gshd_sigmaIgG.mbed.log
    jobid: 1
    wildcards: sample=choSigmaUnstableD0NoGlutrep1.chok1gshd_sigmaIgG


[Mon Dec  3 01:07:59 2018]
rule convert_mtsv_to_mbed:
    input: mcall_replicates/choSigmaUnstableD0Glutrep1.chok1gshd_sigmaIgG.meth.tsv
    output: mbed/choSigmaUnstableD0Glutrep1.chok1gshd_sigmaIgG.meth.bed.gz
    log: log/mbed/choSigmaUnstableD0Glutrep1.chok1gshd_sigmaIgG.mbed.log
    jobid: 23
    wildcards: sample=choSigmaUnstableD0Glutrep1.chok1gshd_sigmaIgG


[Mon Dec  3 01:07:59 2018]
rule convert_mtsv_to_mbed:
    input: mcall_replicates/choSigmaUnstableD90NoGlutrep1.chok1gshd_sigmaIgG.meth.tsv
    output: mbed/choSigmaUnstableD90NoGlutrep1.chok1gshd_sigmaIgG.meth.bed.gz
    log: log/mbed/choSigmaUnstableD90NoGlutrep1.chok1gshd_sigmaIgG.mbed.log
    jobid: 25
    wildcards: sample=choSigmaUnstableD90NoGlutrep1.chok1gshd_sigmaIgG


[Mon Dec  3 01:08:00 2018]
rule convert_mtsv_to_mbed:
    input: mcall_replicates/choSigmaHostD0rep3.chok1gshd_sigmaIgG.meth.tsv
    output: mbed/choSigmaHostD0rep3.chok1gshd_sigmaIgG.meth.bed.gz
    log: log/mbed/choSigmaHostD0rep3.chok1gshd_sigmaIgG.mbed.log
    jobid: 16
    wildcards: sample=choSigmaHostD0rep3.chok1gshd_sigmaIgG


[Mon Dec  3 01:08:00 2018]
rule convert_mtsv_to_mbed:
    input: mcall_replicates/choSigmaHostD30rep1.chok1gshd_sigmaIgG.meth.tsv
    output: mbed/choSigmaHostD30rep1.chok1gshd_sigmaIgG.meth.bed.gz
    log: log/mbed/choSigmaHostD30rep1.chok1gshd_sigmaIgG.mbed.log
    jobid: 2
    wildcards: sample=choSigmaHostD30rep1.chok1gshd_sigmaIgG


[Mon Dec  3 01:08:00 2018]
rule convert_mtsv_to_mbed:
    input: mcall_replicates/choSigmaUnstableD0Glutrep3.chok1gshd_sigmaIgG.meth.tsv
    output: mbed/choSigmaUnstableD0Glutrep3.chok1gshd_sigmaIgG.meth.bed.gz
    log: log/mbed/choSigmaUnstableD0Glutrep3.chok1gshd_sigmaIgG.mbed.log
    jobid: 29
    wildcards: sample=choSigmaUnstableD0Glutrep3.chok1gshd_sigmaIgG


[Mon Dec  3 01:08:00 2018]
rule convert_mtsv_to_mbed:
    input: mcall_replicates/choSigmaUnstableD0Glutrep2.chok1gshd_sigmaIgG.meth.tsv
    output: mbed/choSigmaUnstableD0Glutrep2.chok1gshd_sigmaIgG.meth.bed.gz
    log: log/mbed/choSigmaUnstableD0Glutrep2.chok1gshd_sigmaIgG.mbed.log
    jobid: 3
    wildcards: sample=choSigmaUnstableD0Glutrep2.chok1gshd_sigmaIgG


[Mon Dec  3 01:08:00 2018]
rule convert_mtsv_to_mbed:
    input: mcall_replicates/choSigmaStableD0Glutrep3.chok1gshd_sigmaIgG.meth.tsv
    output: mbed/choSigmaStableD0Glutrep3.chok1gshd_sigmaIgG.meth.bed.gz
    log: log/mbed/choSigmaStableD0Glutrep3.chok1gshd_sigmaIgG.mbed.log
    jobid: 17
    wildcards: sample=choSigmaStableD0Glutrep3.chok1gshd_sigmaIgG


[Mon Dec  3 01:08:00 2018]
rule convert_mtsv_to_mbed:
    input: mcall_replicates/choSigmaStableD30Glutrep1.chok1gshd_sigmaIgG.meth.tsv
    output: mbed/choSigmaStableD30Glutrep1.chok1gshd_sigmaIgG.meth.bed.gz
    log: log/mbed/choSigmaStableD30Glutrep1.chok1gshd_sigmaIgG.mbed.log
    jobid: 9
    wildcards: sample=choSigmaStableD30Glutrep1.chok1gshd_sigmaIgG


[Mon Dec  3 01:08:00 2018]
rule convert_mtsv_to_mbed:
    input: mcall_replicates/choSigmaUnstableD60NoGlutrep1.chok1gshd_sigmaIgG.meth.tsv
    output: mbed/choSigmaUnstableD60NoGlutrep1.chok1gshd_sigmaIgG.meth.bed.gz
    log: log/mbed/choSigmaUnstableD60NoGlutrep1.chok1gshd_sigmaIgG.mbed.log
    jobid: 14
    wildcards: sample=choSigmaUnstableD60NoGlutrep1.chok1gshd_sigmaIgG


[Mon Dec  3 01:08:00 2018]
rule convert_mtsv_to_mbed:
    input: mcall_replicates/choSigmaUnstableD0NoGlutrep2.chok1gshd_sigmaIgG.meth.tsv
    output: mbed/choSigmaUnstableD0NoGlutrep2.chok1gshd_sigmaIgG.meth.bed.gz
    log: log/mbed/choSigmaUnstableD0NoGlutrep2.chok1gshd_sigmaIgG.mbed.log
    jobid: 28
    wildcards: sample=choSigmaUnstableD0NoGlutrep2.chok1gshd_sigmaIgG


[Mon Dec  3 01:08:00 2018]
rule convert_mtsv_to_mbed:
    input: mcall_replicates/choSigmaHostD0rep2.chok1gshd_sigmaIgG.meth.tsv
    output: mbed/choSigmaHostD0rep2.chok1gshd_sigmaIgG.meth.bed.gz
    log: log/mbed/choSigmaHostD0rep2.chok1gshd_sigmaIgG.mbed.log
    jobid: 27
    wildcards: sample=choSigmaHostD0rep2.chok1gshd_sigmaIgG


[Mon Dec  3 01:08:00 2018]
rule convert_mtsv_to_mbed:
    input: mcall_replicates/choSigmaStableD0NoGlutrep1.chok1gshd_sigmaIgG.meth.tsv
    output: mbed/choSigmaStableD0NoGlutrep1.chok1gshd_sigmaIgG.meth.bed.gz
    log: log/mbed/choSigmaStableD0NoGlutrep1.chok1gshd_sigmaIgG.mbed.log
    jobid: 26
    wildcards: sample=choSigmaStableD0NoGlutrep1.chok1gshd_sigmaIgG


[Mon Dec  3 01:08:01 2018]
rule convert_mtsv_to_mbed:
    input: mcall_replicates/choSigmaStableD60Glutrep1.chok1gshd_sigmaIgG.meth.tsv
    output: mbed/choSigmaStableD60Glutrep1.chok1gshd_sigmaIgG.meth.bed.gz
    log: log/mbed/choSigmaStableD60Glutrep1.chok1gshd_sigmaIgG.mbed.log
    jobid: 31
    wildcards: sample=choSigmaStableD60Glutrep1.chok1gshd_sigmaIgG


[Mon Dec  3 01:08:01 2018]
rule convert_mtsv_to_mbed:
    input: mcall_replicates/choSigmaHostD0rep1.chok1gshd_sigmaIgG.meth.tsv
    output: mbed/choSigmaHostD0rep1.chok1gshd_sigmaIgG.meth.bed.gz
    log: log/mbed/choSigmaHostD0rep1.chok1gshd_sigmaIgG.mbed.log
    jobid: 12
    wildcards: sample=choSigmaHostD0rep1.chok1gshd_sigmaIgG


[Mon Dec  3 01:08:01 2018]
rule convert_mtsv_to_mbed:
    input: mcall_replicates/choSigmaUnstableD60Glutrep1.chok1gshd_sigmaIgG.meth.tsv
    output: mbed/choSigmaUnstableD60Glutrep1.chok1gshd_sigmaIgG.meth.bed.gz
    log: log/mbed/choSigmaUnstableD60Glutrep1.chok1gshd_sigmaIgG.mbed.log
    jobid: 10
    wildcards: sample=choSigmaUnstableD60Glutrep1.chok1gshd_sigmaIgG


[Mon Dec  3 01:08:01 2018]
rule convert_mtsv_to_mbed:
    input: mcall_replicates/choSigmaStableD30NoGlutrep1.chok1gshd_sigmaIgG.meth.tsv
    output: mbed/choSigmaStableD30NoGlutrep1.chok1gshd_sigmaIgG.meth.bed.gz
    log: log/mbed/choSigmaStableD30NoGlutrep1.chok1gshd_sigmaIgG.mbed.log
    jobid: 20
    wildcards: sample=choSigmaStableD30NoGlutrep1.chok1gshd_sigmaIgG


[Mon Dec  3 01:08:01 2018]
rule convert_mtsv_to_mbed:
    input: mcall_replicates/choSigmaHostD60rep1.chok1gshd_sigmaIgG.meth.tsv
    output: mbed/choSigmaHostD60rep1.chok1gshd_sigmaIgG.meth.bed.gz
    log: log/mbed/choSigmaHostD60rep1.chok1gshd_sigmaIgG.mbed.log
    jobid: 21
    wildcards: sample=choSigmaHostD60rep1.chok1gshd_sigmaIgG


[Mon Dec  3 01:08:01 2018]
rule convert_mtsv_to_mbed:
    input: mcall_replicates/choSigmaStableD0NoGlutrep3.chok1gshd_sigmaIgG.meth.tsv
    output: mbed/choSigmaStableD0NoGlutrep3.chok1gshd_sigmaIgG.meth.bed.gz
    log: log/mbed/choSigmaStableD0NoGlutrep3.chok1gshd_sigmaIgG.mbed.log
    jobid: 4
    wildcards: sample=choSigmaStableD0NoGlutrep3.chok1gshd_sigmaIgG


[Mon Dec  3 01:08:01 2018]
rule convert_mtsv_to_mbed:
    input: mcall_replicates/choSigmaStableD0NoGlutrep2.chok1gshd_sigmaIgG.meth.tsv
    output: mbed/choSigmaStableD0NoGlutrep2.chok1gshd_sigmaIgG.meth.bed.gz
    log: log/mbed/choSigmaStableD0NoGlutrep2.chok1gshd_sigmaIgG.mbed.log
    jobid: 13
    wildcards: sample=choSigmaStableD0NoGlutrep2.chok1gshd_sigmaIgG


[Mon Dec  3 01:08:01 2018]
rule convert_mtsv_to_mbed:
    input: mcall_replicates/choSigmaStableD0Glutrep1.chok1gshd_sigmaIgG.meth.tsv
    output: mbed/choSigmaStableD0Glutrep1.chok1gshd_sigmaIgG.meth.bed.gz
    log: log/mbed/choSigmaStableD0Glutrep1.chok1gshd_sigmaIgG.mbed.log
    jobid: 22
    wildcards: sample=choSigmaStableD0Glutrep1.chok1gshd_sigmaIgG


[Mon Dec  3 01:08:01 2018]
rule convert_mtsv_to_mbed:
    input: mcall_replicates/choSigmaStableD90Glutrep1.chok1gshd_sigmaIgG.meth.tsv
    output: mbed/choSigmaStableD90Glutrep1.chok1gshd_sigmaIgG.meth.bed.gz
    log: log/mbed/choSigmaStableD90Glutrep1.chok1gshd_sigmaIgG.mbed.log
    jobid: 6
    wildcards: sample=choSigmaStableD90Glutrep1.chok1gshd_sigmaIgG


[Mon Dec  3 01:08:01 2018]
rule convert_mtsv_to_mbed:
    input: mcall_replicates/choSigmaHostD90rep1.chok1gshd_sigmaIgG.meth.tsv
    output: mbed/choSigmaHostD90rep1.chok1gshd_sigmaIgG.meth.bed.gz
    log: log/mbed/choSigmaHostD90rep1.chok1gshd_sigmaIgG.mbed.log
    jobid: 7
    wildcards: sample=choSigmaHostD90rep1.chok1gshd_sigmaIgG


[Mon Dec  3 01:08:02 2018]
rule convert_mtsv_to_mbed:
    input: mcall_replicates/choSigmaStableD0Glutrep2.chok1gshd_sigmaIgG.meth.tsv
    output: mbed/choSigmaStableD0Glutrep2.chok1gshd_sigmaIgG.meth.bed.gz
    log: log/mbed/choSigmaStableD0Glutrep2.chok1gshd_sigmaIgG.mbed.log
    jobid: 24
    wildcards: sample=choSigmaStableD0Glutrep2.chok1gshd_sigmaIgG

[Mon Dec  3 01:09:19 2018]
Finished job 9.
1 of 32 steps (3%) done
[Mon Dec  3 01:10:35 2018]
Finished job 24.
2 of 32 steps (6%) done
[Mon Dec  3 01:10:49 2018]
Finished job 19.
3 of 32 steps (9%) done
[Mon Dec  3 01:10:59 2018]
Finished job 4.
4 of 32 steps (12%) done
[Mon Dec  3 01:11:48 2018]
Finished job 23.
5 of 32 steps (16%) done
[Mon Dec  3 01:11:53 2018]
Finished job 15.
6 of 32 steps (19%) done
Terminating processes on user request, this might take some time.
[Mon Dec  3 01:11:56 2018]
Error in rule convert_mtsv_to_mbed:
[Mon Dec  3 01:11:56 2018]
    jobid: 31
Error in rule convert_mtsv_to_mbed:
[Mon Dec  3 01:11:56 2018]
    output: mbed/choSigmaStableD60Glutrep1.chok1gshd_sigmaIgG.meth.bed.gz
    jobid: 5
[Mon Dec  3 01:11:56 2018]
Error in rule convert_mtsv_to_mbed:
    log: log/mbed/choSigmaStableD60Glutrep1.chok1gshd_sigmaIgG.mbed.log
    output: mbed/choSigmaUnstableD30Glutrep1.chok1gshd_sigmaIgG.meth.bed.gz
Error in rule convert_mtsv_to_mbed:
    jobid: 10

    log: log/mbed/choSigmaUnstableD30Glutrep1.chok1gshd_sigmaIgG.mbed.log
    jobid: 28
    output: mbed/choSigmaUnstableD60Glutrep1.chok1gshd_sigmaIgG.meth.bed.gz

    output: mbed/choSigmaUnstableD0NoGlutrep2.chok1gshd_sigmaIgG.meth.bed.gz
    log: log/mbed/choSigmaUnstableD60Glutrep1.chok1gshd_sigmaIgG.mbed.log
RuleException:
CalledProcessError in line 35 of /home/ubuntu/Code/ambic-epigenome/snakemake/181129_chosigma_meth_snakemake.py:
Command ' set -euo pipefail;  python /home/ubuntu/Code/ambic-epigenome/methylation/mtsv2bedGraph.py -i mcall_replicates/choSigmaStableD60Glutrep1.chok1gshd_sigmaIgG.meth.tsv 2> log/mbed/choSigmaStableD60Glutrep1.chok1gshd_sigmaIgG.mbed.log | sort -T -k1,1 -k2,2n 2>> log/mbed/choSigmaStableD60Glutrep1.chok1gshd_sigmaIgG.mbed.log | bgzip > mbed/choSigmaStableD60Glutrep1.chok1gshd_sigmaIgG.meth.bed.gz && tabix -p bed mbed/choSigmaStableD60Glutrep1.chok1gshd_sigmaIgG.meth.bed.gz ' died with <Signals.SIGINT: 2>.
  File "/home/ubuntu/Code/ambic-epigenome/snakemake/181129_chosigma_meth_snakemake.py", line 35, in __rule_convert_mtsv_to_mbed
  File "/home/ubuntu/Code/miniconda3/lib/python3.6/concurrent/futures/thread.py", line 56, in run
    log: log/mbed/choSigmaUnstableD0NoGlutrep2.chok1gshd_sigmaIgG.mbed.log
RuleException:
CalledProcessError in line 35 of /home/ubuntu/Code/ambic-epigenome/snakemake/181129_chosigma_meth_snakemake.py:
Command ' set -euo pipefail;  python /home/ubuntu/Code/ambic-epigenome/methylation/mtsv2bedGraph.py -i mcall_replicates/choSigmaUnstableD30Glutrep1.chok1gshd_sigmaIgG.meth.tsv 2> log/mbed/choSigmaUnstableD30Glutrep1.chok1gshd_sigmaIgG.mbed.log | sort -T -k1,1 -k2,2n 2>> log/mbed/choSigmaUnstableD30Glutrep1.chok1gshd_sigmaIgG.mbed.log | bgzip > mbed/choSigmaUnstableD30Glutrep1.chok1gshd_sigmaIgG.meth.bed.gz && tabix -p bed mbed/choSigmaUnstableD30Glutrep1.chok1gshd_sigmaIgG.meth.bed.gz ' died with <Signals.SIGINT: 2>.
  File "/home/ubuntu/Code/ambic-epigenome/snakemake/181129_chosigma_meth_snakemake.py", line 35, in __rule_convert_mtsv_to_mbed
  File "/home/ubuntu/Code/miniconda3/lib/python3.6/concurrent/futures/thread.py", line 56, in run


Removing output files of failed job convert_mtsv_to_mbed since they might be corrupted:
mbed/choSigmaStableD60Glutrep1.chok1gshd_sigmaIgG.meth.bed.gz
RuleException:
CalledProcessError in line 35 of /home/ubuntu/Code/ambic-epigenome/snakemake/181129_chosigma_meth_snakemake.py:
Command ' set -euo pipefail;  python /home/ubuntu/Code/ambic-epigenome/methylation/mtsv2bedGraph.py -i mcall_replicates/choSigmaUnstableD60Glutrep1.chok1gshd_sigmaIgG.meth.tsv 2> log/mbed/choSigmaUnstableD60Glutrep1.chok1gshd_sigmaIgG.mbed.log | sort -T -k1,1 -k2,2n 2>> log/mbed/choSigmaUnstableD60Glutrep1.chok1gshd_sigmaIgG.mbed.log | bgzip > mbed/choSigmaUnstableD60Glutrep1.chok1gshd_sigmaIgG.meth.bed.gz && tabix -p bed mbed/choSigmaUnstableD60Glutrep1.chok1gshd_sigmaIgG.meth.bed.gz ' died with <Signals.SIGINT: 2>.
  File "/home/ubuntu/Code/ambic-epigenome/snakemake/181129_chosigma_meth_snakemake.py", line 35, in __rule_convert_mtsv_to_mbed
  File "/home/ubuntu/Code/miniconda3/lib/python3.6/concurrent/futures/thread.py", line 56, in run
Removing output files of failed job convert_mtsv_to_mbed since they might be corrupted:
mbed/choSigmaUnstableD30Glutrep1.chok1gshd_sigmaIgG.meth.bed.gz
RuleException:
CalledProcessError in line 35 of /home/ubuntu/Code/ambic-epigenome/snakemake/181129_chosigma_meth_snakemake.py:
Command ' set -euo pipefail;  python /home/ubuntu/Code/ambic-epigenome/methylation/mtsv2bedGraph.py -i mcall_replicates/choSigmaUnstableD0NoGlutrep2.chok1gshd_sigmaIgG.meth.tsv 2> log/mbed/choSigmaUnstableD0NoGlutrep2.chok1gshd_sigmaIgG.mbed.log | sort -T -k1,1 -k2,2n 2>> log/mbed/choSigmaUnstableD0NoGlutrep2.chok1gshd_sigmaIgG.mbed.log | bgzip > mbed/choSigmaUnstableD0NoGlutrep2.chok1gshd_sigmaIgG.meth.bed.gz && tabix -p bed mbed/choSigmaUnstableD0NoGlutrep2.chok1gshd_sigmaIgG.meth.bed.gz ' died with <Signals.SIGINT: 2>.
  File "/home/ubuntu/Code/ambic-epigenome/snakemake/181129_chosigma_meth_snakemake.py", line 35, in __rule_convert_mtsv_to_mbed
  File "/home/ubuntu/Code/miniconda3/lib/python3.6/concurrent/futures/thread.py", line 56, in run
Removing output files of failed job convert_mtsv_to_mbed since they might be corrupted:
mbed/choSigmaUnstableD60Glutrep1.chok1gshd_sigmaIgG.meth.bed.gz
Removing output files of failed job convert_mtsv_to_mbed since they might be corrupted:
mbed/choSigmaUnstableD0NoGlutrep2.chok1gshd_sigmaIgG.meth.bed.gz
Cancelling snakemake on user request.
