Building DAG of jobs...
Using shell: /bin/bash
Provided cores: 72
Rules claiming more threads will be scaled down.
Job counts:
	count	jobs
	1	all
	17	calculate_coverage
	18

[Sun Dec  2 15:35:35 2018]
rule calculate_coverage:
    input: bed/choSigmaStableD30NoGlut.chok1gshd_sigmaIgG.bed, /dilithium/Data/NGS/Reference/cho/chok1/genome/Cricetulus_griseus_chok1gshd.sigmaIgG.fa.bins.bed
    output: coverage/choSigmaStableD30NoGlut.chok1gshd_sigmaIgG.coverage.bed
    jobid: 10
    wildcards: sample=choSigmaStableD30NoGlut.chok1gshd_sigmaIgG


[Sun Dec  2 15:35:35 2018]
rule calculate_coverage:
    input: bed/choSigmaUnstableD30NoGlut.chok1gshd_sigmaIgG.bed, /dilithium/Data/NGS/Reference/cho/chok1/genome/Cricetulus_griseus_chok1gshd.sigmaIgG.fa.bins.bed
    output: coverage/choSigmaUnstableD30NoGlut.chok1gshd_sigmaIgG.coverage.bed
    jobid: 14
    wildcards: sample=choSigmaUnstableD30NoGlut.chok1gshd_sigmaIgG


[Sun Dec  2 15:35:35 2018]
rule calculate_coverage:
    input: bed/choSigmaStableD90NoGlut.chok1gshd_sigmaIgG.bed, /dilithium/Data/NGS/Reference/cho/chok1/genome/Cricetulus_griseus_chok1gshd.sigmaIgG.fa.bins.bed
    output: coverage/choSigmaStableD90NoGlut.chok1gshd_sigmaIgG.coverage.bed
    jobid: 1
    wildcards: sample=choSigmaStableD90NoGlut.chok1gshd_sigmaIgG


[Sun Dec  2 15:35:35 2018]
rule calculate_coverage:
    input: bed/choSigmaStableD60Glut.chok1gshd_sigmaIgG.bed, /dilithium/Data/NGS/Reference/cho/chok1/genome/Cricetulus_griseus_chok1gshd.sigmaIgG.fa.bins.bed
    output: coverage/choSigmaStableD60Glut.chok1gshd_sigmaIgG.coverage.bed
    jobid: 12
    wildcards: sample=choSigmaStableD60Glut.chok1gshd_sigmaIgG


[Sun Dec  2 15:35:35 2018]
rule calculate_coverage:
    input: bed/choSigmaStableD90Glut.chok1gshd_sigmaIgG.bed, /dilithium/Data/NGS/Reference/cho/chok1/genome/Cricetulus_griseus_chok1gshd.sigmaIgG.fa.bins.bed
    output: coverage/choSigmaStableD90Glut.chok1gshd_sigmaIgG.coverage.bed
    jobid: 16
    wildcards: sample=choSigmaStableD90Glut.chok1gshd_sigmaIgG


[Sun Dec  2 15:35:35 2018]
rule calculate_coverage:
    input: bed/choSigmaStableD60NoGlut.chok1gshd_sigmaIgG.bed, /dilithium/Data/NGS/Reference/cho/chok1/genome/Cricetulus_griseus_chok1gshd.sigmaIgG.fa.bins.bed
    output: coverage/choSigmaStableD60NoGlut.chok1gshd_sigmaIgG.coverage.bed
    jobid: 11
    wildcards: sample=choSigmaStableD60NoGlut.chok1gshd_sigmaIgG


[Sun Dec  2 15:35:35 2018]
rule calculate_coverage:
    input: bed/choSigmaHostD90.chok1gshd_sigmaIgG.bed, /dilithium/Data/NGS/Reference/cho/chok1/genome/Cricetulus_griseus_chok1gshd.sigmaIgG.fa.bins.bed
    output: coverage/choSigmaHostD90.chok1gshd_sigmaIgG.coverage.bed
    jobid: 15
    wildcards: sample=choSigmaHostD90.chok1gshd_sigmaIgG


[Sun Dec  2 15:35:35 2018]
rule calculate_coverage:
    input: bed/choSigmaUnstableD60NoGlut.chok1gshd_sigmaIgG.bed, /dilithium/Data/NGS/Reference/cho/chok1/genome/Cricetulus_griseus_chok1gshd.sigmaIgG.fa.bins.bed
    output: coverage/choSigmaUnstableD60NoGlut.chok1gshd_sigmaIgG.coverage.bed
    jobid: 6
    wildcards: sample=choSigmaUnstableD60NoGlut.chok1gshd_sigmaIgG


[Sun Dec  2 15:35:35 2018]
rule calculate_coverage:
    input: bed/choSigmaHostD60.chok1gshd_sigmaIgG.bed, /dilithium/Data/NGS/Reference/cho/chok1/genome/Cricetulus_griseus_chok1gshd.sigmaIgG.fa.bins.bed
    output: coverage/choSigmaHostD60.chok1gshd_sigmaIgG.coverage.bed
    jobid: 9
    wildcards: sample=choSigmaHostD60.chok1gshd_sigmaIgG


[Sun Dec  2 15:35:35 2018]
rule calculate_coverage:
    input: bed/choSigmaStableD30Glut.chok1gshd_sigmaIgG.bed, /dilithium/Data/NGS/Reference/cho/chok1/genome/Cricetulus_griseus_chok1gshd.sigmaIgG.fa.bins.bed
    output: coverage/choSigmaStableD30Glut.chok1gshd_sigmaIgG.coverage.bed
    jobid: 13
    wildcards: sample=choSigmaStableD30Glut.chok1gshd_sigmaIgG


[Sun Dec  2 15:35:36 2018]
rule calculate_coverage:
    input: bed/choSigmaHostD30.chok1gshd_sigmaIgG.bed, /dilithium/Data/NGS/Reference/cho/chok1/genome/Cricetulus_griseus_chok1gshd.sigmaIgG.fa.bins.bed
    output: coverage/choSigmaHostD30.chok1gshd_sigmaIgG.coverage.bed
    jobid: 8
    wildcards: sample=choSigmaHostD30.chok1gshd_sigmaIgG


[Sun Dec  2 15:35:36 2018]
rule calculate_coverage:
    input: bed/choSigmaUnstableD60Glut.chok1gshd_sigmaIgG.bed, /dilithium/Data/NGS/Reference/cho/chok1/genome/Cricetulus_griseus_chok1gshd.sigmaIgG.fa.bins.bed
    output: coverage/choSigmaUnstableD60Glut.chok1gshd_sigmaIgG.coverage.bed
    jobid: 4
    wildcards: sample=choSigmaUnstableD60Glut.chok1gshd_sigmaIgG


[Sun Dec  2 15:35:36 2018]
rule calculate_coverage:
    input: bed/choSigmaUnstableD30Glut.chok1gshd_sigmaIgG.bed, /dilithium/Data/NGS/Reference/cho/chok1/genome/Cricetulus_griseus_chok1gshd.sigmaIgG.fa.bins.bed
    output: coverage/choSigmaUnstableD30Glut.chok1gshd_sigmaIgG.coverage.bed
    jobid: 17
    wildcards: sample=choSigmaUnstableD30Glut.chok1gshd_sigmaIgG


[Sun Dec  2 15:35:36 2018]
rule calculate_coverage:
    input: bed/choSigmaStableD0NoGlut.chok1gshd_sigmaIgG.bed, /dilithium/Data/NGS/Reference/cho/chok1/genome/Cricetulus_griseus_chok1gshd.sigmaIgG.fa.bins.bed
    output: coverage/choSigmaStableD0NoGlut.chok1gshd_sigmaIgG.coverage.bed
    jobid: 3
    wildcards: sample=choSigmaStableD0NoGlut.chok1gshd_sigmaIgG


[Sun Dec  2 15:35:36 2018]
rule calculate_coverage:
    input: bed/choSigmaUnstableD90NoGlut.chok1gshd_sigmaIgG.bed, /dilithium/Data/NGS/Reference/cho/chok1/genome/Cricetulus_griseus_chok1gshd.sigmaIgG.fa.bins.bed
    output: coverage/choSigmaUnstableD90NoGlut.chok1gshd_sigmaIgG.coverage.bed
    jobid: 5
    wildcards: sample=choSigmaUnstableD90NoGlut.chok1gshd_sigmaIgG


[Sun Dec  2 15:35:36 2018]
rule calculate_coverage:
    input: bed/choSigmaUnstableD90Glut.chok1gshd_sigmaIgG.bed, /dilithium/Data/NGS/Reference/cho/chok1/genome/Cricetulus_griseus_chok1gshd.sigmaIgG.fa.bins.bed
    output: coverage/choSigmaUnstableD90Glut.chok1gshd_sigmaIgG.coverage.bed
    jobid: 7
    wildcards: sample=choSigmaUnstableD90Glut.chok1gshd_sigmaIgG


[Sun Dec  2 15:35:36 2018]
rule calculate_coverage:
    input: bed/choSigmaUnstableD0NoGlut.chok1gshd_sigmaIgG.bed, /dilithium/Data/NGS/Reference/cho/chok1/genome/Cricetulus_griseus_chok1gshd.sigmaIgG.fa.bins.bed
    output: coverage/choSigmaUnstableD0NoGlut.chok1gshd_sigmaIgG.coverage.bed
    jobid: 2
    wildcards: sample=choSigmaUnstableD0NoGlut.chok1gshd_sigmaIgG

[Sun Dec  2 15:35:44 2018]
Finished job 13.
1 of 18 steps (6%) done
[Sun Dec  2 15:35:46 2018]
Finished job 14.
2 of 18 steps (11%) done
[Sun Dec  2 15:35:46 2018]
Finished job 1.
3 of 18 steps (17%) done
[Sun Dec  2 15:35:46 2018]
Finished job 7.
4 of 18 steps (22%) done
[Sun Dec  2 15:35:46 2018]
Finished job 11.
5 of 18 steps (28%) done
[Sun Dec  2 15:35:48 2018]
Finished job 16.
6 of 18 steps (33%) done
[Sun Dec  2 15:35:48 2018]
Finished job 10.
7 of 18 steps (39%) done
[Sun Dec  2 15:35:49 2018]
Finished job 5.
8 of 18 steps (44%) done
[Sun Dec  2 15:35:49 2018]
Finished job 9.
9 of 18 steps (50%) done
[Sun Dec  2 15:35:49 2018]
Finished job 17.
10 of 18 steps (56%) done
[Sun Dec  2 15:35:49 2018]
Finished job 15.
11 of 18 steps (61%) done
[Sun Dec  2 15:35:50 2018]
Finished job 12.
12 of 18 steps (67%) done
[Sun Dec  2 15:35:51 2018]
Finished job 4.
13 of 18 steps (72%) done
[Sun Dec  2 15:35:55 2018]
Finished job 6.
14 of 18 steps (78%) done
[Sun Dec  2 15:36:00 2018]
Finished job 3.
15 of 18 steps (83%) done
[Sun Dec  2 15:36:16 2018]
Finished job 2.
16 of 18 steps (89%) done
[Sun Dec  2 15:36:31 2018]
Finished job 8.
17 of 18 steps (94%) done

[Sun Dec  2 15:36:31 2018]
localrule all:
    input: coverage/choSigmaHostD30.chok1gshd_sigmaIgG.coverage.bed, coverage/choSigmaHostD60.chok1gshd_sigmaIgG.coverage.bed, coverage/choSigmaHostD90.chok1gshd_sigmaIgG.coverage.bed, coverage/choSigmaStableD30Glut.chok1gshd_sigmaIgG.coverage.bed, coverage/choSigmaStableD60Glut.chok1gshd_sigmaIgG.coverage.bed, coverage/choSigmaStableD90Glut.chok1gshd_sigmaIgG.coverage.bed, coverage/choSigmaUnstableD30Glut.chok1gshd_sigmaIgG.coverage.bed, coverage/choSigmaUnstableD60Glut.chok1gshd_sigmaIgG.coverage.bed, coverage/choSigmaUnstableD90Glut.chok1gshd_sigmaIgG.coverage.bed, coverage/choSigmaStableD0NoGlut.chok1gshd_sigmaIgG.coverage.bed, coverage/choSigmaStableD30NoGlut.chok1gshd_sigmaIgG.coverage.bed, coverage/choSigmaStableD60NoGlut.chok1gshd_sigmaIgG.coverage.bed, coverage/choSigmaStableD90NoGlut.chok1gshd_sigmaIgG.coverage.bed, coverage/choSigmaUnstableD0NoGlut.chok1gshd_sigmaIgG.coverage.bed, coverage/choSigmaUnstableD30NoGlut.chok1gshd_sigmaIgG.coverage.bed, coverage/choSigmaUnstableD60NoGlut.chok1gshd_sigmaIgG.coverage.bed, coverage/choSigmaUnstableD90NoGlut.chok1gshd_sigmaIgG.coverage.bed
    jobid: 0

[Sun Dec  2 15:36:31 2018]
Finished job 0.
18 of 18 steps (100%) done
Complete log: /home/ubuntu/Code/ambic-epigenome/snakemake/.snakemake/log/2018-12-02T153534.853428.snakemake.log
