Building DAG of jobs...
Using shell: /bin/bash
Provided cores: 72
Rules claiming more threads will be scaled down.
Job counts:
	count	jobs
	1	all
	31	convert_mtsv_to_mbed
	32

[Sun Dec  2 18:37:24 2018]
rule convert_mtsv_to_mbed:
    input: mcall_replicates/choSigmaUnstableD0NoGlutrep3.chok1gshd_sigmaIgG.meth.tsv
    output: mbed/choSigmaUnstableD0NoGlutrep3.chok1gshd_sigmaIgG.meth.bed.gz
    jobid: 5
    wildcards: sample=choSigmaUnstableD0NoGlutrep3.chok1gshd_sigmaIgG


[Sun Dec  2 18:37:24 2018]
rule convert_mtsv_to_mbed:
    input: mcall_replicates/choSigmaStableD30NoGlutrep1.chok1gshd_sigmaIgG.meth.tsv
    output: mbed/choSigmaStableD30NoGlutrep1.chok1gshd_sigmaIgG.meth.bed.gz
    jobid: 4
    wildcards: sample=choSigmaStableD30NoGlutrep1.chok1gshd_sigmaIgG


[Sun Dec  2 18:37:24 2018]
rule convert_mtsv_to_mbed:
    input: mcall_replicates/choSigmaStableD60NoGlutrep1.chok1gshd_sigmaIgG.meth.tsv
    output: mbed/choSigmaStableD60NoGlutrep1.chok1gshd_sigmaIgG.meth.bed.gz
    jobid: 8
    wildcards: sample=choSigmaStableD60NoGlutrep1.chok1gshd_sigmaIgG


[Sun Dec  2 18:37:24 2018]
rule convert_mtsv_to_mbed:
    input: mcall_replicates/choSigmaStableD0Glutrep2.chok1gshd_sigmaIgG.meth.tsv
    output: mbed/choSigmaStableD0Glutrep2.chok1gshd_sigmaIgG.meth.bed.gz
    jobid: 7
    wildcards: sample=choSigmaStableD0Glutrep2.chok1gshd_sigmaIgG


[Sun Dec  2 18:37:24 2018]
rule convert_mtsv_to_mbed:
    input: mcall_replicates/choSigmaUnstableD30NoGlutrep1.chok1gshd_sigmaIgG.meth.tsv
    output: mbed/choSigmaUnstableD30NoGlutrep1.chok1gshd_sigmaIgG.meth.bed.gz
    jobid: 18
    wildcards: sample=choSigmaUnstableD30NoGlutrep1.chok1gshd_sigmaIgG


[Sun Dec  2 18:37:24 2018]
rule convert_mtsv_to_mbed:
    input: mcall_replicates/choSigmaHostD60rep1.chok1gshd_sigmaIgG.meth.tsv
    output: mbed/choSigmaHostD60rep1.chok1gshd_sigmaIgG.meth.bed.gz
    jobid: 29
    wildcards: sample=choSigmaHostD60rep1.chok1gshd_sigmaIgG


[Sun Dec  2 18:37:24 2018]
rule convert_mtsv_to_mbed:
    input: mcall_replicates/choSigmaUnstableD60Glutrep1.chok1gshd_sigmaIgG.meth.tsv
    output: mbed/choSigmaUnstableD60Glutrep1.chok1gshd_sigmaIgG.meth.bed.gz
    jobid: 30
    wildcards: sample=choSigmaUnstableD60Glutrep1.chok1gshd_sigmaIgG


[Sun Dec  2 18:37:24 2018]
rule convert_mtsv_to_mbed:
    input: mcall_replicates/choSigmaUnstableD90NoGlutrep1.chok1gshd_sigmaIgG.meth.tsv
    output: mbed/choSigmaUnstableD90NoGlutrep1.chok1gshd_sigmaIgG.meth.bed.gz
    jobid: 12
    wildcards: sample=choSigmaUnstableD90NoGlutrep1.chok1gshd_sigmaIgG


[Sun Dec  2 18:37:24 2018]
rule convert_mtsv_to_mbed:
    input: mcall_replicates/choSigmaStableD30Glutrep1.chok1gshd_sigmaIgG.meth.tsv
    output: mbed/choSigmaStableD30Glutrep1.chok1gshd_sigmaIgG.meth.bed.gz
    jobid: 17
    wildcards: sample=choSigmaStableD30Glutrep1.chok1gshd_sigmaIgG


[Sun Dec  2 18:37:24 2018]
rule convert_mtsv_to_mbed:
    input: mcall_replicates/choSigmaHostD30rep2.chok1gshd_sigmaIgG.meth.tsv
    output: mbed/choSigmaHostD30rep2.chok1gshd_sigmaIgG.meth.bed.gz
    jobid: 24
    wildcards: sample=choSigmaHostD30rep2.chok1gshd_sigmaIgG


[Sun Dec  2 18:37:25 2018]
rule convert_mtsv_to_mbed:
    input: mcall_replicates/choSigmaStableD0NoGlutrep3.chok1gshd_sigmaIgG.meth.tsv
    output: mbed/choSigmaStableD0NoGlutrep3.chok1gshd_sigmaIgG.meth.bed.gz
    jobid: 11
    wildcards: sample=choSigmaStableD0NoGlutrep3.chok1gshd_sigmaIgG


[Sun Dec  2 18:37:25 2018]
rule convert_mtsv_to_mbed:
    input: mcall_replicates/choSigmaStableD90NoGlutrep1.chok1gshd_sigmaIgG.meth.tsv
    output: mbed/choSigmaStableD90NoGlutrep1.chok1gshd_sigmaIgG.meth.bed.gz
    jobid: 1
    wildcards: sample=choSigmaStableD90NoGlutrep1.chok1gshd_sigmaIgG


[Sun Dec  2 18:37:25 2018]
rule convert_mtsv_to_mbed:
    input: mcall_replicates/choSigmaHostD0rep1.chok1gshd_sigmaIgG.meth.tsv
    output: mbed/choSigmaHostD0rep1.chok1gshd_sigmaIgG.meth.bed.gz
    jobid: 28
    wildcards: sample=choSigmaHostD0rep1.chok1gshd_sigmaIgG


[Sun Dec  2 18:37:25 2018]
rule convert_mtsv_to_mbed:
    input: mcall_replicates/choSigmaStableD0Glutrep3.chok1gshd_sigmaIgG.meth.tsv
    output: mbed/choSigmaStableD0Glutrep3.chok1gshd_sigmaIgG.meth.bed.gz
    jobid: 6
    wildcards: sample=choSigmaStableD0Glutrep3.chok1gshd_sigmaIgG


[Sun Dec  2 18:37:25 2018]
rule convert_mtsv_to_mbed:
    input: mcall_replicates/choSigmaUnstableD0Glutrep2.chok1gshd_sigmaIgG.meth.tsv
    output: mbed/choSigmaUnstableD0Glutrep2.chok1gshd_sigmaIgG.meth.bed.gz
    jobid: 2
    wildcards: sample=choSigmaUnstableD0Glutrep2.chok1gshd_sigmaIgG


[Sun Dec  2 18:37:25 2018]
rule convert_mtsv_to_mbed:
    input: mcall_replicates/choSigmaHostD30rep1.chok1gshd_sigmaIgG.meth.tsv
    output: mbed/choSigmaHostD30rep1.chok1gshd_sigmaIgG.meth.bed.gz
    jobid: 10
    wildcards: sample=choSigmaHostD30rep1.chok1gshd_sigmaIgG


[Sun Dec  2 18:37:25 2018]
rule convert_mtsv_to_mbed:
    input: mcall_replicates/choSigmaUnstableD0NoGlutrep1.chok1gshd_sigmaIgG.meth.tsv
    output: mbed/choSigmaUnstableD0NoGlutrep1.chok1gshd_sigmaIgG.meth.bed.gz
    jobid: 25
    wildcards: sample=choSigmaUnstableD0NoGlutrep1.chok1gshd_sigmaIgG


[Sun Dec  2 18:37:25 2018]
rule convert_mtsv_to_mbed:
    input: mcall_replicates/choSigmaStableD60Glutrep1.chok1gshd_sigmaIgG.meth.tsv
    output: mbed/choSigmaStableD60Glutrep1.chok1gshd_sigmaIgG.meth.bed.gz
    jobid: 19
    wildcards: sample=choSigmaStableD60Glutrep1.chok1gshd_sigmaIgG


[Sun Dec  2 18:37:25 2018]
rule convert_mtsv_to_mbed:
    input: mcall_replicates/choSigmaHostD0rep3.chok1gshd_sigmaIgG.meth.tsv
    output: mbed/choSigmaHostD0rep3.chok1gshd_sigmaIgG.meth.bed.gz
    jobid: 31
    wildcards: sample=choSigmaHostD0rep3.chok1gshd_sigmaIgG


[Sun Dec  2 18:37:25 2018]
rule convert_mtsv_to_mbed:
    input: mcall_replicates/choSigmaStableD90Glutrep1.chok1gshd_sigmaIgG.meth.tsv
    output: mbed/choSigmaStableD90Glutrep1.chok1gshd_sigmaIgG.meth.bed.gz
    jobid: 14
    wildcards: sample=choSigmaStableD90Glutrep1.chok1gshd_sigmaIgG


[Sun Dec  2 18:37:26 2018]
rule convert_mtsv_to_mbed:
    input: mcall_replicates/choSigmaHostD90rep1.chok1gshd_sigmaIgG.meth.tsv
    output: mbed/choSigmaHostD90rep1.chok1gshd_sigmaIgG.meth.bed.gz
    jobid: 27
    wildcards: sample=choSigmaHostD90rep1.chok1gshd_sigmaIgG


[Sun Dec  2 18:37:26 2018]
rule convert_mtsv_to_mbed:
    input: mcall_replicates/choSigmaUnstableD0Glutrep1.chok1gshd_sigmaIgG.meth.tsv
    output: mbed/choSigmaUnstableD0Glutrep1.chok1gshd_sigmaIgG.meth.bed.gz
    jobid: 21
    wildcards: sample=choSigmaUnstableD0Glutrep1.chok1gshd_sigmaIgG


[Sun Dec  2 18:37:26 2018]
rule convert_mtsv_to_mbed:
    input: mcall_replicates/choSigmaUnstableD30Glutrep1.chok1gshd_sigmaIgG.meth.tsv
    output: mbed/choSigmaUnstableD30Glutrep1.chok1gshd_sigmaIgG.meth.bed.gz
    jobid: 9
    wildcards: sample=choSigmaUnstableD30Glutrep1.chok1gshd_sigmaIgG


[Sun Dec  2 18:37:26 2018]
rule convert_mtsv_to_mbed:
    input: mcall_replicates/choSigmaUnstableD0NoGlutrep2.chok1gshd_sigmaIgG.meth.tsv
    output: mbed/choSigmaUnstableD0NoGlutrep2.chok1gshd_sigmaIgG.meth.bed.gz
    jobid: 15
    wildcards: sample=choSigmaUnstableD0NoGlutrep2.chok1gshd_sigmaIgG


[Sun Dec  2 18:37:26 2018]
rule convert_mtsv_to_mbed:
    input: mcall_replicates/choSigmaStableD0Glutrep1.chok1gshd_sigmaIgG.meth.tsv
    output: mbed/choSigmaStableD0Glutrep1.chok1gshd_sigmaIgG.meth.bed.gz
    jobid: 22
    wildcards: sample=choSigmaStableD0Glutrep1.chok1gshd_sigmaIgG


[Sun Dec  2 18:37:26 2018]
rule convert_mtsv_to_mbed:
    input: mcall_replicates/choSigmaUnstableD0Glutrep3.chok1gshd_sigmaIgG.meth.tsv
    output: mbed/choSigmaUnstableD0Glutrep3.chok1gshd_sigmaIgG.meth.bed.gz
    jobid: 20
    wildcards: sample=choSigmaUnstableD0Glutrep3.chok1gshd_sigmaIgG


[Sun Dec  2 18:37:26 2018]
rule convert_mtsv_to_mbed:
    input: mcall_replicates/choSigmaUnstableD60NoGlutrep1.chok1gshd_sigmaIgG.meth.tsv
    output: mbed/choSigmaUnstableD60NoGlutrep1.chok1gshd_sigmaIgG.meth.bed.gz
    jobid: 3
    wildcards: sample=choSigmaUnstableD60NoGlutrep1.chok1gshd_sigmaIgG


[Sun Dec  2 18:37:26 2018]
rule convert_mtsv_to_mbed:
    input: mcall_replicates/choSigmaStableD0NoGlutrep2.chok1gshd_sigmaIgG.meth.tsv
    output: mbed/choSigmaStableD0NoGlutrep2.chok1gshd_sigmaIgG.meth.bed.gz
    jobid: 23
    wildcards: sample=choSigmaStableD0NoGlutrep2.chok1gshd_sigmaIgG


[Sun Dec  2 18:37:26 2018]
rule convert_mtsv_to_mbed:
    input: mcall_replicates/choSigmaHostD0rep2.chok1gshd_sigmaIgG.meth.tsv
    output: mbed/choSigmaHostD0rep2.chok1gshd_sigmaIgG.meth.bed.gz
    jobid: 13
    wildcards: sample=choSigmaHostD0rep2.chok1gshd_sigmaIgG


[Sun Dec  2 18:37:26 2018]
rule convert_mtsv_to_mbed:
    input: mcall_replicates/choSigmaUnstableD90Glutrep1.chok1gshd_sigmaIgG.meth.tsv
    output: mbed/choSigmaUnstableD90Glutrep1.chok1gshd_sigmaIgG.meth.bed.gz
    jobid: 26
    wildcards: sample=choSigmaUnstableD90Glutrep1.chok1gshd_sigmaIgG


[Sun Dec  2 18:37:27 2018]
rule convert_mtsv_to_mbed:
    input: mcall_replicates/choSigmaStableD0NoGlutrep1.chok1gshd_sigmaIgG.meth.tsv
    output: mbed/choSigmaStableD0NoGlutrep1.chok1gshd_sigmaIgG.meth.bed.gz
    jobid: 16
    wildcards: sample=choSigmaStableD0NoGlutrep1.chok1gshd_sigmaIgG

[Sun Dec  2 18:38:58 2018]
Finished job 17.
1 of 32 steps (3%) done
[Sun Dec  2 18:40:40 2018]
Finished job 7.
2 of 32 steps (6%) done
[Sun Dec  2 18:40:46 2018]
Finished job 11.
3 of 32 steps (9%) done
[Sun Dec  2 18:40:55 2018]
Finished job 5.
4 of 32 steps (12%) done
[Sun Dec  2 18:41:56 2018]
Finished job 21.
5 of 32 steps (16%) done
[Sun Dec  2 18:41:57 2018]
Finished job 26.
6 of 32 steps (19%) done
[Sun Dec  2 18:41:59 2018]
Finished job 23.
7 of 32 steps (22%) done
[Sun Dec  2 18:42:07 2018]
Finished job 18.
8 of 32 steps (25%) done
[Sun Dec  2 18:42:12 2018]
Finished job 15.
9 of 32 steps (28%) done
[Sun Dec  2 18:42:13 2018]
Finished job 1.
10 of 32 steps (31%) done
[Sun Dec  2 18:42:36 2018]
Finished job 13.
11 of 32 steps (34%) done
[Sun Dec  2 18:42:38 2018]
Finished job 8.
12 of 32 steps (38%) done
[Sun Dec  2 18:43:12 2018]
Finished job 16.
13 of 32 steps (41%) done
[Sun Dec  2 18:43:16 2018]
Finished job 22.
14 of 32 steps (44%) done
[Sun Dec  2 18:43:24 2018]
Finished job 14.
15 of 32 steps (47%) done
[Sun Dec  2 18:43:29 2018]
Finished job 28.
16 of 32 steps (50%) done
[Sun Dec  2 18:43:34 2018]
Finished job 9.
17 of 32 steps (53%) done
[Sun Dec  2 18:43:39 2018]
Finished job 2.
18 of 32 steps (56%) done
[Sun Dec  2 18:43:42 2018]
Finished job 12.
19 of 32 steps (59%) done
[Sun Dec  2 18:43:42 2018]
Finished job 19.
20 of 32 steps (62%) done
[Sun Dec  2 18:43:44 2018]
Finished job 25.
21 of 32 steps (66%) done
[Sun Dec  2 18:43:51 2018]
Finished job 4.
22 of 32 steps (69%) done
[Sun Dec  2 18:44:04 2018]
Finished job 30.
23 of 32 steps (72%) done
[Sun Dec  2 18:44:20 2018]
Finished job 29.
24 of 32 steps (75%) done
[Sun Dec  2 18:44:30 2018]
Finished job 10.
25 of 32 steps (78%) done
[Sun Dec  2 18:44:39 2018]
Finished job 27.
26 of 32 steps (81%) done
[Sun Dec  2 18:44:45 2018]
Finished job 31.
27 of 32 steps (84%) done
[Sun Dec  2 18:45:09 2018]
Finished job 20.
28 of 32 steps (88%) done
[Sun Dec  2 18:46:35 2018]
Finished job 6.
29 of 32 steps (91%) done
[Sun Dec  2 18:47:39 2018]
Finished job 3.
30 of 32 steps (94%) done
[Sun Dec  2 18:56:20 2018]
Finished job 24.
31 of 32 steps (97%) done

[Sun Dec  2 18:56:20 2018]
localrule all:
    input: mbed/choSigmaHostD0rep1.chok1gshd_sigmaIgG.meth.bed.gz, mbed/choSigmaHostD0rep2.chok1gshd_sigmaIgG.meth.bed.gz, mbed/choSigmaHostD0rep3.chok1gshd_sigmaIgG.meth.bed.gz, mbed/choSigmaStableD0Glutrep1.chok1gshd_sigmaIgG.meth.bed.gz, mbed/choSigmaStableD0Glutrep2.chok1gshd_sigmaIgG.meth.bed.gz, mbed/choSigmaStableD0Glutrep3.chok1gshd_sigmaIgG.meth.bed.gz, mbed/choSigmaUnstableD0Glutrep1.chok1gshd_sigmaIgG.meth.bed.gz, mbed/choSigmaUnstableD0Glutrep2.chok1gshd_sigmaIgG.meth.bed.gz, mbed/choSigmaUnstableD0Glutrep3.chok1gshd_sigmaIgG.meth.bed.gz, mbed/choSigmaStableD0NoGlutrep1.chok1gshd_sigmaIgG.meth.bed.gz, mbed/choSigmaStableD0NoGlutrep2.chok1gshd_sigmaIgG.meth.bed.gz, mbed/choSigmaStableD0NoGlutrep3.chok1gshd_sigmaIgG.meth.bed.gz, mbed/choSigmaUnstableD0NoGlutrep1.chok1gshd_sigmaIgG.meth.bed.gz, mbed/choSigmaUnstableD0NoGlutrep2.chok1gshd_sigmaIgG.meth.bed.gz, mbed/choSigmaUnstableD0NoGlutrep3.chok1gshd_sigmaIgG.meth.bed.gz, mbed/choSigmaHostD30rep1.chok1gshd_sigmaIgG.meth.bed.gz, mbed/choSigmaHostD30rep2.chok1gshd_sigmaIgG.meth.bed.gz, mbed/choSigmaHostD60rep1.chok1gshd_sigmaIgG.meth.bed.gz, mbed/choSigmaHostD90rep1.chok1gshd_sigmaIgG.meth.bed.gz, mbed/choSigmaStableD30Glutrep1.chok1gshd_sigmaIgG.meth.bed.gz, mbed/choSigmaStableD60Glutrep1.chok1gshd_sigmaIgG.meth.bed.gz, mbed/choSigmaStableD90Glutrep1.chok1gshd_sigmaIgG.meth.bed.gz, mbed/choSigmaUnstableD30Glutrep1.chok1gshd_sigmaIgG.meth.bed.gz, mbed/choSigmaUnstableD60Glutrep1.chok1gshd_sigmaIgG.meth.bed.gz, mbed/choSigmaUnstableD90Glutrep1.chok1gshd_sigmaIgG.meth.bed.gz, mbed/choSigmaStableD30NoGlutrep1.chok1gshd_sigmaIgG.meth.bed.gz, mbed/choSigmaStableD60NoGlutrep1.chok1gshd_sigmaIgG.meth.bed.gz, mbed/choSigmaStableD90NoGlutrep1.chok1gshd_sigmaIgG.meth.bed.gz, mbed/choSigmaUnstableD30NoGlutrep1.chok1gshd_sigmaIgG.meth.bed.gz, mbed/choSigmaUnstableD60NoGlutrep1.chok1gshd_sigmaIgG.meth.bed.gz, mbed/choSigmaUnstableD90NoGlutrep1.chok1gshd_sigmaIgG.meth.bed.gz
    jobid: 0

[Sun Dec  2 18:56:20 2018]
Finished job 0.
32 of 32 steps (100%) done
Complete log: /home/ubuntu/Code/ambic-epigenome/snakemake/.snakemake/log/2018-12-02T183723.799488.snakemake.log
